[2016-02-22 15:35:01] request.INFO: Matched route "testform". {"route_parameters":{"_controller":"TestBundle\\Controller\\DefaultController::testAction","_route":"testform"},"request_uri":"http://localhost/~hab/test/web/app_dev.php/testform"} []
[2016-02-22 15:35:01] security.INFO: Populated the TokenStorage with an anonymous Token. [] []
[2016-02-22 15:35:01] request.CRITICAL: Uncaught PHP Exception Symfony\Component\Process\Exception\ProcessFailedException: "The command "cd .. ;  bin/codecept run unit" failed.  Exit Code: 1(General error)  Working directory: /home/hab/public_html/test/web  Output: ================ Codeception PHP Testing Framework v2.1.0 Powered by PHPUnit 4.7.7 by Sebastian Bergmann and contributors.   Error Output: ================ PHP Deprecated:  Comments starting with '#' are deprecated in /etc/php5/cli/conf.d/20-mcrypt.ini on line 2 in Unknown on line 0                                                                                         [Codeception\Exception\ConfigurationException]                                       Path for logs is not writable. Please, set appropriate access mode for log path.                                                                                         run [-c|--config CONFIG] [--report] [--html [HTML]] [--xml [XML]] [--tap [TAP]] [--json [JSON]] [--colors] [--no-colors] [--silent] [--steps] [-d|--debug] [--coverage [COVERAGE]] [--coverage-html [COVERAGE-HTML]] [--coverage-xml [COVERAGE-XML]] [--coverage-text [COVERAGE-TEXT]] [--no-exit] [-g|--group GROUP] [-s|--skip SKIP] [-sg|--skip-group SKIP-GROUP] [--env ENV] [-f|--fail-fast] [--no-rebuild] [--] [<suite>] [<test>]  " at /home/hab/public_html/test/src/TestBundle/Controller/DefaultController.php line 74 {"exception":"[object] (Symfony\\Component\\Process\\Exception\\ProcessFailedException(code: 0): The command \"cd .. ;  bin/codecept run unit\" failed.\n\nExit Code: 1(General error)\n\nWorking directory: /home/hab/public_html/test/web\n\nOutput:\n================\nCodeception PHP Testing Framework v2.1.0\nPowered by PHPUnit 4.7.7 by Sebastian Bergmann and contributors.\n\n\nError Output:\n================\nPHP Deprecated:  Comments starting with '#' are deprecated in /etc/php5/cli/conf.d/20-mcrypt.ini on line 2 in Unknown on line 0\n\n                                                                                    \n  [Codeception\\Exception\\ConfigurationException]                                    \n  Path for logs is not writable. Please, set appropriate access mode for log path.  \n                                                                                    \n\nrun [-c|--config CONFIG] [--report] [--html [HTML]] [--xml [XML]] [--tap [TAP]] [--json [JSON]] [--colors] [--no-colors] [--silent] [--steps] [-d|--debug] [--coverage [COVERAGE]] [--coverage-html [COVERAGE-HTML]] [--coverage-xml [COVERAGE-XML]] [--coverage-text [COVERAGE-TEXT]] [--no-exit] [-g|--group GROUP] [-s|--skip SKIP] [-sg|--skip-group SKIP-GROUP] [--env ENV] [-f|--fail-fast] [--no-rebuild] [--] [<suite>] [<test>]\n\n at /home/hab/public_html/test/src/TestBundle/Controller/DefaultController.php:74)"} []
[2016-02-22 15:35:01] request.INFO: Matched route "_wdt". {"route_parameters":{"_controller":"web_profiler.controller.profiler:toolbarAction","token":"9595d5","_route":"_wdt"},"request_uri":"http://localhost/~hab/test/web/app_dev.php/_wdt/9595d5"} []
[2016-02-22 15:35:08] request.INFO: Matched route "testform". {"route_parameters":{"_controller":"TestBundle\\Controller\\DefaultController::testAction","_route":"testform"},"request_uri":"http://localhost/~hab/test/web/app_dev.php/testform"} []
[2016-02-22 15:35:08] security.INFO: Populated the TokenStorage with an anonymous Token. [] []
[2016-02-22 15:35:08] request.CRITICAL: Uncaught PHP Exception Symfony\Component\Process\Exception\ProcessFailedException: "The command "cd .. ;  bin/codecept run unit" failed.  Exit Code: 1(General error)  Working directory: /home/hab/public_html/test/web  Output: ================ Codeception PHP Testing Framework v2.1.0 Powered by PHPUnit 4.7.7 by Sebastian Bergmann and contributors.   Error Output: ================ PHP Deprecated:  Comments starting with '#' are deprecated in /etc/php5/cli/conf.d/20-mcrypt.ini on line 2 in Unknown on line 0                                                                                         [Codeception\Exception\ConfigurationException]                                       Path for logs is not writable. Please, set appropriate access mode for log path.                                                                                         run [-c|--config CONFIG] [--report] [--html [HTML]] [--xml [XML]] [--tap [TAP]] [--json [JSON]] [--colors] [--no-colors] [--silent] [--steps] [-d|--debug] [--coverage [COVERAGE]] [--coverage-html [COVERAGE-HTML]] [--coverage-xml [COVERAGE-XML]] [--coverage-text [COVERAGE-TEXT]] [--no-exit] [-g|--group GROUP] [-s|--skip SKIP] [-sg|--skip-group SKIP-GROUP] [--env ENV] [-f|--fail-fast] [--no-rebuild] [--] [<suite>] [<test>]  " at /home/hab/public_html/test/src/TestBundle/Controller/DefaultController.php line 74 {"exception":"[object] (Symfony\\Component\\Process\\Exception\\ProcessFailedException(code: 0): The command \"cd .. ;  bin/codecept run unit\" failed.\n\nExit Code: 1(General error)\n\nWorking directory: /home/hab/public_html/test/web\n\nOutput:\n================\nCodeception PHP Testing Framework v2.1.0\nPowered by PHPUnit 4.7.7 by Sebastian Bergmann and contributors.\n\n\nError Output:\n================\nPHP Deprecated:  Comments starting with '#' are deprecated in /etc/php5/cli/conf.d/20-mcrypt.ini on line 2 in Unknown on line 0\n\n                                                                                    \n  [Codeception\\Exception\\ConfigurationException]                                    \n  Path for logs is not writable. Please, set appropriate access mode for log path.  \n                                                                                    \n\nrun [-c|--config CONFIG] [--report] [--html [HTML]] [--xml [XML]] [--tap [TAP]] [--json [JSON]] [--colors] [--no-colors] [--silent] [--steps] [-d|--debug] [--coverage [COVERAGE]] [--coverage-html [COVERAGE-HTML]] [--coverage-xml [COVERAGE-XML]] [--coverage-text [COVERAGE-TEXT]] [--no-exit] [-g|--group GROUP] [-s|--skip SKIP] [-sg|--skip-group SKIP-GROUP] [--env ENV] [-f|--fail-fast] [--no-rebuild] [--] [<suite>] [<test>]\n\n at /home/hab/public_html/test/src/TestBundle/Controller/DefaultController.php:74)"} []
[2016-02-22 15:35:08] request.INFO: Matched route "_wdt". {"route_parameters":{"_controller":"web_profiler.controller.profiler:toolbarAction","token":"fbc8be","_route":"_wdt"},"request_uri":"http://localhost/~hab/test/web/app_dev.php/_wdt/fbc8be"} []
[2016-02-22 15:35:08] request.INFO: Matched route "testform". {"route_parameters":{"_controller":"TestBundle\\Controller\\DefaultController::testAction","_route":"testform"},"request_uri":"http://localhost/~hab/test/web/app_dev.php/testform"} []
[2016-02-22 15:35:08] security.INFO: Populated the TokenStorage with an anonymous Token. [] []
[2016-02-22 15:35:08] request.CRITICAL: Uncaught PHP Exception Symfony\Component\Process\Exception\ProcessFailedException: "The command "cd .. ;  bin/codecept run unit" failed.  Exit Code: 1(General error)  Working directory: /home/hab/public_html/test/web  Output: ================ Codeception PHP Testing Framework v2.1.0 Powered by PHPUnit 4.7.7 by Sebastian Bergmann and contributors.   Error Output: ================ PHP Deprecated:  Comments starting with '#' are deprecated in /etc/php5/cli/conf.d/20-mcrypt.ini on line 2 in Unknown on line 0                                                                                         [Codeception\Exception\ConfigurationException]                                       Path for logs is not writable. Please, set appropriate access mode for log path.                                                                                         run [-c|--config CONFIG] [--report] [--html [HTML]] [--xml [XML]] [--tap [TAP]] [--json [JSON]] [--colors] [--no-colors] [--silent] [--steps] [-d|--debug] [--coverage [COVERAGE]] [--coverage-html [COVERAGE-HTML]] [--coverage-xml [COVERAGE-XML]] [--coverage-text [COVERAGE-TEXT]] [--no-exit] [-g|--group GROUP] [-s|--skip SKIP] [-sg|--skip-group SKIP-GROUP] [--env ENV] [-f|--fail-fast] [--no-rebuild] [--] [<suite>] [<test>]  " at /home/hab/public_html/test/src/TestBundle/Controller/DefaultController.php line 74 {"exception":"[object] (Symfony\\Component\\Process\\Exception\\ProcessFailedException(code: 0): The command \"cd .. ;  bin/codecept run unit\" failed.\n\nExit Code: 1(General error)\n\nWorking directory: /home/hab/public_html/test/web\n\nOutput:\n================\nCodeception PHP Testing Framework v2.1.0\nPowered by PHPUnit 4.7.7 by Sebastian Bergmann and contributors.\n\n\nError Output:\n================\nPHP Deprecated:  Comments starting with '#' are deprecated in /etc/php5/cli/conf.d/20-mcrypt.ini on line 2 in Unknown on line 0\n\n                                                                                    \n  [Codeception\\Exception\\ConfigurationException]                                    \n  Path for logs is not writable. Please, set appropriate access mode for log path.  \n                                                                                    \n\nrun [-c|--config CONFIG] [--report] [--html [HTML]] [--xml [XML]] [--tap [TAP]] [--json [JSON]] [--colors] [--no-colors] [--silent] [--steps] [-d|--debug] [--coverage [COVERAGE]] [--coverage-html [COVERAGE-HTML]] [--coverage-xml [COVERAGE-XML]] [--coverage-text [COVERAGE-TEXT]] [--no-exit] [-g|--group GROUP] [-s|--skip SKIP] [-sg|--skip-group SKIP-GROUP] [--env ENV] [-f|--fail-fast] [--no-rebuild] [--] [<suite>] [<test>]\n\n at /home/hab/public_html/test/src/TestBundle/Controller/DefaultController.php:74)"} []
[2016-02-22 15:35:08] request.INFO: Matched route "_wdt". {"route_parameters":{"_controller":"web_profiler.controller.profiler:toolbarAction","token":"3e4211","_route":"_wdt"},"request_uri":"http://localhost/~hab/test/web/app_dev.php/_wdt/3e4211"} []
[2016-02-22 15:35:09] request.INFO: Matched route "testform". {"route_parameters":{"_controller":"TestBundle\\Controller\\DefaultController::testAction","_route":"testform"},"request_uri":"http://localhost/~hab/test/web/app_dev.php/testform"} []
[2016-02-22 15:35:09] security.INFO: Populated the TokenStorage with an anonymous Token. [] []
[2016-02-22 15:35:09] request.CRITICAL: Uncaught PHP Exception Symfony\Component\Process\Exception\ProcessFailedException: "The command "cd .. ;  bin/codecept run unit" failed.  Exit Code: 1(General error)  Working directory: /home/hab/public_html/test/web  Output: ================ Codeception PHP Testing Framework v2.1.0 Powered by PHPUnit 4.7.7 by Sebastian Bergmann and contributors.   Error Output: ================ PHP Deprecated:  Comments starting with '#' are deprecated in /etc/php5/cli/conf.d/20-mcrypt.ini on line 2 in Unknown on line 0                                                                                         [Codeception\Exception\ConfigurationException]                                       Path for logs is not writable. Please, set appropriate access mode for log path.                                                                                         run [-c|--config CONFIG] [--report] [--html [HTML]] [--xml [XML]] [--tap [TAP]] [--json [JSON]] [--colors] [--no-colors] [--silent] [--steps] [-d|--debug] [--coverage [COVERAGE]] [--coverage-html [COVERAGE-HTML]] [--coverage-xml [COVERAGE-XML]] [--coverage-text [COVERAGE-TEXT]] [--no-exit] [-g|--group GROUP] [-s|--skip SKIP] [-sg|--skip-group SKIP-GROUP] [--env ENV] [-f|--fail-fast] [--no-rebuild] [--] [<suite>] [<test>]  " at /home/hab/public_html/test/src/TestBundle/Controller/DefaultController.php line 74 {"exception":"[object] (Symfony\\Component\\Process\\Exception\\ProcessFailedException(code: 0): The command \"cd .. ;  bin/codecept run unit\" failed.\n\nExit Code: 1(General error)\n\nWorking directory: /home/hab/public_html/test/web\n\nOutput:\n================\nCodeception PHP Testing Framework v2.1.0\nPowered by PHPUnit 4.7.7 by Sebastian Bergmann and contributors.\n\n\nError Output:\n================\nPHP Deprecated:  Comments starting with '#' are deprecated in /etc/php5/cli/conf.d/20-mcrypt.ini on line 2 in Unknown on line 0\n\n                                                                                    \n  [Codeception\\Exception\\ConfigurationException]                                    \n  Path for logs is not writable. Please, set appropriate access mode for log path.  \n                                                                                    \n\nrun [-c|--config CONFIG] [--report] [--html [HTML]] [--xml [XML]] [--tap [TAP]] [--json [JSON]] [--colors] [--no-colors] [--silent] [--steps] [-d|--debug] [--coverage [COVERAGE]] [--coverage-html [COVERAGE-HTML]] [--coverage-xml [COVERAGE-XML]] [--coverage-text [COVERAGE-TEXT]] [--no-exit] [-g|--group GROUP] [-s|--skip SKIP] [-sg|--skip-group SKIP-GROUP] [--env ENV] [-f|--fail-fast] [--no-rebuild] [--] [<suite>] [<test>]\n\n at /home/hab/public_html/test/src/TestBundle/Controller/DefaultController.php:74)"} []
[2016-02-22 15:35:09] request.INFO: Matched route "_wdt". {"route_parameters":{"_controller":"web_profiler.controller.profiler:toolbarAction","token":"eedd31","_route":"_wdt"},"request_uri":"http://localhost/~hab/test/web/app_dev.php/_wdt/eedd31"} []
[2016-02-22 15:35:09] request.INFO: Matched route "testform". {"route_parameters":{"_controller":"TestBundle\\Controller\\DefaultController::testAction","_route":"testform"},"request_uri":"http://localhost/~hab/test/web/app_dev.php/testform"} []
[2016-02-22 15:35:09] security.INFO: Populated the TokenStorage with an anonymous Token. [] []
[2016-02-22 15:35:09] request.CRITICAL: Uncaught PHP Exception Symfony\Component\Process\Exception\ProcessFailedException: "The command "cd .. ;  bin/codecept run unit" failed.  Exit Code: 1(General error)  Working directory: /home/hab/public_html/test/web  Output: ================ Codeception PHP Testing Framework v2.1.0 Powered by PHPUnit 4.7.7 by Sebastian Bergmann and contributors.   Error Output: ================ PHP Deprecated:  Comments starting with '#' are deprecated in /etc/php5/cli/conf.d/20-mcrypt.ini on line 2 in Unknown on line 0                                                                                         [Codeception\Exception\ConfigurationException]                                       Path for logs is not writable. Please, set appropriate access mode for log path.                                                                                         run [-c|--config CONFIG] [--report] [--html [HTML]] [--xml [XML]] [--tap [TAP]] [--json [JSON]] [--colors] [--no-colors] [--silent] [--steps] [-d|--debug] [--coverage [COVERAGE]] [--coverage-html [COVERAGE-HTML]] [--coverage-xml [COVERAGE-XML]] [--coverage-text [COVERAGE-TEXT]] [--no-exit] [-g|--group GROUP] [-s|--skip SKIP] [-sg|--skip-group SKIP-GROUP] [--env ENV] [-f|--fail-fast] [--no-rebuild] [--] [<suite>] [<test>]  " at /home/hab/public_html/test/src/TestBundle/Controller/DefaultController.php line 74 {"exception":"[object] (Symfony\\Component\\Process\\Exception\\ProcessFailedException(code: 0): The command \"cd .. ;  bin/codecept run unit\" failed.\n\nExit Code: 1(General error)\n\nWorking directory: /home/hab/public_html/test/web\n\nOutput:\n================\nCodeception PHP Testing Framework v2.1.0\nPowered by PHPUnit 4.7.7 by Sebastian Bergmann and contributors.\n\n\nError Output:\n================\nPHP Deprecated:  Comments starting with '#' are deprecated in /etc/php5/cli/conf.d/20-mcrypt.ini on line 2 in Unknown on line 0\n\n                                                                                    \n  [Codeception\\Exception\\ConfigurationException]                                    \n  Path for logs is not writable. Please, set appropriate access mode for log path.  \n                                                                                    \n\nrun [-c|--config CONFIG] [--report] [--html [HTML]] [--xml [XML]] [--tap [TAP]] [--json [JSON]] [--colors] [--no-colors] [--silent] [--steps] [-d|--debug] [--coverage [COVERAGE]] [--coverage-html [COVERAGE-HTML]] [--coverage-xml [COVERAGE-XML]] [--coverage-text [COVERAGE-TEXT]] [--no-exit] [-g|--group GROUP] [-s|--skip SKIP] [-sg|--skip-group SKIP-GROUP] [--env ENV] [-f|--fail-fast] [--no-rebuild] [--] [<suite>] [<test>]\n\n at /home/hab/public_html/test/src/TestBundle/Controller/DefaultController.php:74)"} []
[2016-02-22 15:35:09] request.INFO: Matched route "_wdt". {"route_parameters":{"_controller":"web_profiler.controller.profiler:toolbarAction","token":"7f566e","_route":"_wdt"},"request_uri":"http://localhost/~hab/test/web/app_dev.php/_wdt/7f566e"} []
[2016-02-22 15:36:36] request.INFO: Matched route "testform". {"route_parameters":{"_controller":"TestBundle\\Controller\\DefaultController::testAction","_route":"testform"},"request_uri":"http://localhost/~hab/test/web/app_dev.php/testform"} []
[2016-02-22 15:36:36] security.INFO: Populated the TokenStorage with an anonymous Token. [] []
[2016-02-22 15:36:36] request.CRITICAL: Uncaught PHP Exception Symfony\Component\Process\Exception\ProcessFailedException: "The command "cd .. ;  bin/codecept run unit" failed.  Exit Code: 1(General error)  Working directory: /home/hab/public_html/test/web  Output: ================ Codeception PHP Testing Framework v2.1.0 Powered by PHPUnit 4.7.7 by Sebastian Bergmann and contributors.   Error Output: ================ PHP Deprecated:  Comments starting with '#' are deprecated in /etc/php5/cli/conf.d/20-mcrypt.ini on line 2 in Unknown on line 0                                                                                         [Codeception\Exception\ConfigurationException]                                       Path for logs is not writable. Please, set appropriate access mode for log path.                                                                                         run [-c|--config CONFIG] [--report] [--html [HTML]] [--xml [XML]] [--tap [TAP]] [--json [JSON]] [--colors] [--no-colors] [--silent] [--steps] [-d|--debug] [--coverage [COVERAGE]] [--coverage-html [COVERAGE-HTML]] [--coverage-xml [COVERAGE-XML]] [--coverage-text [COVERAGE-TEXT]] [--no-exit] [-g|--group GROUP] [-s|--skip SKIP] [-sg|--skip-group SKIP-GROUP] [--env ENV] [-f|--fail-fast] [--no-rebuild] [--] [<suite>] [<test>]  " at /home/hab/public_html/test/src/TestBundle/Controller/DefaultController.php line 74 {"exception":"[object] (Symfony\\Component\\Process\\Exception\\ProcessFailedException(code: 0): The command \"cd .. ;  bin/codecept run unit\" failed.\n\nExit Code: 1(General error)\n\nWorking directory: /home/hab/public_html/test/web\n\nOutput:\n================\nCodeception PHP Testing Framework v2.1.0\nPowered by PHPUnit 4.7.7 by Sebastian Bergmann and contributors.\n\n\nError Output:\n================\nPHP Deprecated:  Comments starting with '#' are deprecated in /etc/php5/cli/conf.d/20-mcrypt.ini on line 2 in Unknown on line 0\n\n                                                                                    \n  [Codeception\\Exception\\ConfigurationException]                                    \n  Path for logs is not writable. Please, set appropriate access mode for log path.  \n                                                                                    \n\nrun [-c|--config CONFIG] [--report] [--html [HTML]] [--xml [XML]] [--tap [TAP]] [--json [JSON]] [--colors] [--no-colors] [--silent] [--steps] [-d|--debug] [--coverage [COVERAGE]] [--coverage-html [COVERAGE-HTML]] [--coverage-xml [COVERAGE-XML]] [--coverage-text [COVERAGE-TEXT]] [--no-exit] [-g|--group GROUP] [-s|--skip SKIP] [-sg|--skip-group SKIP-GROUP] [--env ENV] [-f|--fail-fast] [--no-rebuild] [--] [<suite>] [<test>]\n\n at /home/hab/public_html/test/src/TestBundle/Controller/DefaultController.php:74)"} []
[2016-02-22 15:36:36] request.INFO: Matched route "_wdt". {"route_parameters":{"_controller":"web_profiler.controller.profiler:toolbarAction","token":"fca3ca","_route":"_wdt"},"request_uri":"http://localhost/~hab/test/web/app_dev.php/_wdt/fca3ca"} []
[2016-02-22 15:36:37] request.INFO: Matched route "testform". {"route_parameters":{"_controller":"TestBundle\\Controller\\DefaultController::testAction","_route":"testform"},"request_uri":"http://localhost/~hab/test/web/app_dev.php/testform"} []
[2016-02-22 15:36:37] security.INFO: Populated the TokenStorage with an anonymous Token. [] []
[2016-02-22 15:36:37] request.CRITICAL: Uncaught PHP Exception Symfony\Component\Process\Exception\ProcessFailedException: "The command "cd .. ;  bin/codecept run unit" failed.  Exit Code: 1(General error)  Working directory: /home/hab/public_html/test/web  Output: ================ Codeception PHP Testing Framework v2.1.0 Powered by PHPUnit 4.7.7 by Sebastian Bergmann and contributors.   Error Output: ================ PHP Deprecated:  Comments starting with '#' are deprecated in /etc/php5/cli/conf.d/20-mcrypt.ini on line 2 in Unknown on line 0                                                                                         [Codeception\Exception\ConfigurationException]                                       Path for logs is not writable. Please, set appropriate access mode for log path.                                                                                         run [-c|--config CONFIG] [--report] [--html [HTML]] [--xml [XML]] [--tap [TAP]] [--json [JSON]] [--colors] [--no-colors] [--silent] [--steps] [-d|--debug] [--coverage [COVERAGE]] [--coverage-html [COVERAGE-HTML]] [--coverage-xml [COVERAGE-XML]] [--coverage-text [COVERAGE-TEXT]] [--no-exit] [-g|--group GROUP] [-s|--skip SKIP] [-sg|--skip-group SKIP-GROUP] [--env ENV] [-f|--fail-fast] [--no-rebuild] [--] [<suite>] [<test>]  " at /home/hab/public_html/test/src/TestBundle/Controller/DefaultController.php line 74 {"exception":"[object] (Symfony\\Component\\Process\\Exception\\ProcessFailedException(code: 0): The command \"cd .. ;  bin/codecept run unit\" failed.\n\nExit Code: 1(General error)\n\nWorking directory: /home/hab/public_html/test/web\n\nOutput:\n================\nCodeception PHP Testing Framework v2.1.0\nPowered by PHPUnit 4.7.7 by Sebastian Bergmann and contributors.\n\n\nError Output:\n================\nPHP Deprecated:  Comments starting with '#' are deprecated in /etc/php5/cli/conf.d/20-mcrypt.ini on line 2 in Unknown on line 0\n\n                                                                                    \n  [Codeception\\Exception\\ConfigurationException]                                    \n  Path for logs is not writable. Please, set appropriate access mode for log path.  \n                                                                                    \n\nrun [-c|--config CONFIG] [--report] [--html [HTML]] [--xml [XML]] [--tap [TAP]] [--json [JSON]] [--colors] [--no-colors] [--silent] [--steps] [-d|--debug] [--coverage [COVERAGE]] [--coverage-html [COVERAGE-HTML]] [--coverage-xml [COVERAGE-XML]] [--coverage-text [COVERAGE-TEXT]] [--no-exit] [-g|--group GROUP] [-s|--skip SKIP] [-sg|--skip-group SKIP-GROUP] [--env ENV] [-f|--fail-fast] [--no-rebuild] [--] [<suite>] [<test>]\n\n at /home/hab/public_html/test/src/TestBundle/Controller/DefaultController.php:74)"} []
[2016-02-22 15:36:37] request.INFO: Matched route "_wdt". {"route_parameters":{"_controller":"web_profiler.controller.profiler:toolbarAction","token":"ba2654","_route":"_wdt"},"request_uri":"http://localhost/~hab/test/web/app_dev.php/_wdt/ba2654"} []
[2016-02-22 15:40:05] request.INFO: Matched route "testform". {"route_parameters":{"_controller":"TestBundle\\Controller\\DefaultController::testAction","_route":"testform"},"request_uri":"http://localhost/~hab/test/web/app_dev.php/testform"} []
[2016-02-22 15:40:05] security.INFO: Populated the TokenStorage with an anonymous Token. [] []
[2016-02-22 15:40:05] request.CRITICAL: Uncaught PHP Exception Symfony\Component\Process\Exception\ProcessFailedException: "The command "cd .. ;  bin/codecept run unit" failed.  Exit Code: 1(General error)  Working directory: /home/hab/public_html/test/web  Output: ================ Codeception PHP Testing Framework v2.1.0 Powered by PHPUnit 4.7.7 by Sebastian Bergmann and contributors.   Error Output: ================ PHP Deprecated:  Comments starting with '#' are deprecated in /etc/php5/cli/conf.d/20-mcrypt.ini on line 2 in Unknown on line 0                                                                                         [Codeception\Exception\ConfigurationException]                                       Path for logs is not writable. Please, set appropriate access mode for log path.                                                                                         run [-c|--config CONFIG] [--report] [--html [HTML]] [--xml [XML]] [--tap [TAP]] [--json [JSON]] [--colors] [--no-colors] [--silent] [--steps] [-d|--debug] [--coverage [COVERAGE]] [--coverage-html [COVERAGE-HTML]] [--coverage-xml [COVERAGE-XML]] [--coverage-text [COVERAGE-TEXT]] [--no-exit] [-g|--group GROUP] [-s|--skip SKIP] [-sg|--skip-group SKIP-GROUP] [--env ENV] [-f|--fail-fast] [--no-rebuild] [--] [<suite>] [<test>]  " at /home/hab/public_html/test/src/TestBundle/Controller/DefaultController.php line 74 {"exception":"[object] (Symfony\\Component\\Process\\Exception\\ProcessFailedException(code: 0): The command \"cd .. ;  bin/codecept run unit\" failed.\n\nExit Code: 1(General error)\n\nWorking directory: /home/hab/public_html/test/web\n\nOutput:\n================\nCodeception PHP Testing Framework v2.1.0\nPowered by PHPUnit 4.7.7 by Sebastian Bergmann and contributors.\n\n\nError Output:\n================\nPHP Deprecated:  Comments starting with '#' are deprecated in /etc/php5/cli/conf.d/20-mcrypt.ini on line 2 in Unknown on line 0\n\n                                                                                    \n  [Codeception\\Exception\\ConfigurationException]                                    \n  Path for logs is not writable. Please, set appropriate access mode for log path.  \n                                                                                    \n\nrun [-c|--config CONFIG] [--report] [--html [HTML]] [--xml [XML]] [--tap [TAP]] [--json [JSON]] [--colors] [--no-colors] [--silent] [--steps] [-d|--debug] [--coverage [COVERAGE]] [--coverage-html [COVERAGE-HTML]] [--coverage-xml [COVERAGE-XML]] [--coverage-text [COVERAGE-TEXT]] [--no-exit] [-g|--group GROUP] [-s|--skip SKIP] [-sg|--skip-group SKIP-GROUP] [--env ENV] [-f|--fail-fast] [--no-rebuild] [--] [<suite>] [<test>]\n\n at /home/hab/public_html/test/src/TestBundle/Controller/DefaultController.php:74)"} []
[2016-02-22 15:40:05] request.INFO: Matched route "_wdt". {"route_parameters":{"_controller":"web_profiler.controller.profiler:toolbarAction","token":"b510f7","_route":"_wdt"},"request_uri":"http://localhost/~hab/test/web/app_dev.php/_wdt/b510f7"} []
[2016-02-22 15:40:07] request.INFO: Matched route "testform". {"route_parameters":{"_controller":"TestBundle\\Controller\\DefaultController::testAction","_route":"testform"},"request_uri":"http://localhost/~hab/test/web/app_dev.php/testform"} []
[2016-02-22 15:40:07] security.INFO: Populated the TokenStorage with an anonymous Token. [] []
[2016-02-22 15:40:07] request.CRITICAL: Uncaught PHP Exception Symfony\Component\Process\Exception\ProcessFailedException: "The command "cd .. ;  bin/codecept run unit" failed.  Exit Code: 1(General error)  Working directory: /home/hab/public_html/test/web  Output: ================ Codeception PHP Testing Framework v2.1.0 Powered by PHPUnit 4.7.7 by Sebastian Bergmann and contributors.   Error Output: ================ PHP Deprecated:  Comments starting with '#' are deprecated in /etc/php5/cli/conf.d/20-mcrypt.ini on line 2 in Unknown on line 0                                                                                         [Codeception\Exception\ConfigurationException]                                       Path for logs is not writable. Please, set appropriate access mode for log path.                                                                                         run [-c|--config CONFIG] [--report] [--html [HTML]] [--xml [XML]] [--tap [TAP]] [--json [JSON]] [--colors] [--no-colors] [--silent] [--steps] [-d|--debug] [--coverage [COVERAGE]] [--coverage-html [COVERAGE-HTML]] [--coverage-xml [COVERAGE-XML]] [--coverage-text [COVERAGE-TEXT]] [--no-exit] [-g|--group GROUP] [-s|--skip SKIP] [-sg|--skip-group SKIP-GROUP] [--env ENV] [-f|--fail-fast] [--no-rebuild] [--] [<suite>] [<test>]  " at /home/hab/public_html/test/src/TestBundle/Controller/DefaultController.php line 74 {"exception":"[object] (Symfony\\Component\\Process\\Exception\\ProcessFailedException(code: 0): The command \"cd .. ;  bin/codecept run unit\" failed.\n\nExit Code: 1(General error)\n\nWorking directory: /home/hab/public_html/test/web\n\nOutput:\n================\nCodeception PHP Testing Framework v2.1.0\nPowered by PHPUnit 4.7.7 by Sebastian Bergmann and contributors.\n\n\nError Output:\n================\nPHP Deprecated:  Comments starting with '#' are deprecated in /etc/php5/cli/conf.d/20-mcrypt.ini on line 2 in Unknown on line 0\n\n                                                                                    \n  [Codeception\\Exception\\ConfigurationException]                                    \n  Path for logs is not writable. Please, set appropriate access mode for log path.  \n                                                                                    \n\nrun [-c|--config CONFIG] [--report] [--html [HTML]] [--xml [XML]] [--tap [TAP]] [--json [JSON]] [--colors] [--no-colors] [--silent] [--steps] [-d|--debug] [--coverage [COVERAGE]] [--coverage-html [COVERAGE-HTML]] [--coverage-xml [COVERAGE-XML]] [--coverage-text [COVERAGE-TEXT]] [--no-exit] [-g|--group GROUP] [-s|--skip SKIP] [-sg|--skip-group SKIP-GROUP] [--env ENV] [-f|--fail-fast] [--no-rebuild] [--] [<suite>] [<test>]\n\n at /home/hab/public_html/test/src/TestBundle/Controller/DefaultController.php:74)"} []
[2016-02-22 15:40:07] request.INFO: Matched route "_wdt". {"route_parameters":{"_controller":"web_profiler.controller.profiler:toolbarAction","token":"e558fa","_route":"_wdt"},"request_uri":"http://localhost/~hab/test/web/app_dev.php/_wdt/e558fa"} []
[2016-02-22 15:42:40] request.INFO: Matched route "testform". {"route_parameters":{"_controller":"TestBundle\\Controller\\DefaultController::testAction","_route":"testform"},"request_uri":"http://localhost/~hab/test/web/app_dev.php/testform"} []
[2016-02-22 15:42:40] security.INFO: Populated the TokenStorage with an anonymous Token. [] []
[2016-02-22 15:42:40] request.CRITICAL: Uncaught PHP Exception Symfony\Component\Process\Exception\ProcessFailedException: "The command "cd .. ;  bin/codecept run unit" failed.  Exit Code: 1(General error)  Working directory: /home/hab/public_html/test/web  Output: ================ Codeception PHP Testing Framework v2.1.0 Powered by PHPUnit 4.7.7 by Sebastian Bergmann and contributors.   Error Output: ================ PHP Deprecated:  Comments starting with '#' are deprecated in /etc/php5/cli/conf.d/20-mcrypt.ini on line 2 in Unknown on line 0                                                                                         [Codeception\Exception\ConfigurationException]                                       Path for logs is not writable. Please, set appropriate access mode for log path.                                                                                         run [-c|--config CONFIG] [--report] [--html [HTML]] [--xml [XML]] [--tap [TAP]] [--json [JSON]] [--colors] [--no-colors] [--silent] [--steps] [-d|--debug] [--coverage [COVERAGE]] [--coverage-html [COVERAGE-HTML]] [--coverage-xml [COVERAGE-XML]] [--coverage-text [COVERAGE-TEXT]] [--no-exit] [-g|--group GROUP] [-s|--skip SKIP] [-sg|--skip-group SKIP-GROUP] [--env ENV] [-f|--fail-fast] [--no-rebuild] [--] [<suite>] [<test>]  " at /home/hab/public_html/test/src/TestBundle/Controller/DefaultController.php line 74 {"exception":"[object] (Symfony\\Component\\Process\\Exception\\ProcessFailedException(code: 0): The command \"cd .. ;  bin/codecept run unit\" failed.\n\nExit Code: 1(General error)\n\nWorking directory: /home/hab/public_html/test/web\n\nOutput:\n================\nCodeception PHP Testing Framework v2.1.0\nPowered by PHPUnit 4.7.7 by Sebastian Bergmann and contributors.\n\n\nError Output:\n================\nPHP Deprecated:  Comments starting with '#' are deprecated in /etc/php5/cli/conf.d/20-mcrypt.ini on line 2 in Unknown on line 0\n\n                                                                                    \n  [Codeception\\Exception\\ConfigurationException]                                    \n  Path for logs is not writable. Please, set appropriate access mode for log path.  \n                                                                                    \n\nrun [-c|--config CONFIG] [--report] [--html [HTML]] [--xml [XML]] [--tap [TAP]] [--json [JSON]] [--colors] [--no-colors] [--silent] [--steps] [-d|--debug] [--coverage [COVERAGE]] [--coverage-html [COVERAGE-HTML]] [--coverage-xml [COVERAGE-XML]] [--coverage-text [COVERAGE-TEXT]] [--no-exit] [-g|--group GROUP] [-s|--skip SKIP] [-sg|--skip-group SKIP-GROUP] [--env ENV] [-f|--fail-fast] [--no-rebuild] [--] [<suite>] [<test>]\n\n at /home/hab/public_html/test/src/TestBundle/Controller/DefaultController.php:74)"} []
[2016-02-22 15:42:40] request.INFO: Matched route "_wdt". {"route_parameters":{"_controller":"web_profiler.controller.profiler:toolbarAction","token":"2d099f","_route":"_wdt"},"request_uri":"http://localhost/~hab/test/web/app_dev.php/_wdt/2d099f"} []
[2016-02-22 15:42:42] request.INFO: Matched route "testform". {"route_parameters":{"_controller":"TestBundle\\Controller\\DefaultController::testAction","_route":"testform"},"request_uri":"http://localhost/~hab/test/web/app_dev.php/testform"} []
[2016-02-22 15:42:42] security.INFO: Populated the TokenStorage with an anonymous Token. [] []
[2016-02-22 15:42:42] request.CRITICAL: Uncaught PHP Exception Symfony\Component\Process\Exception\ProcessFailedException: "The command "cd .. ;  bin/codecept run unit" failed.  Exit Code: 1(General error)  Working directory: /home/hab/public_html/test/web  Output: ================ Codeception PHP Testing Framework v2.1.0 Powered by PHPUnit 4.7.7 by Sebastian Bergmann and contributors.   Error Output: ================ PHP Deprecated:  Comments starting with '#' are deprecated in /etc/php5/cli/conf.d/20-mcrypt.ini on line 2 in Unknown on line 0                                                                                         [Codeception\Exception\ConfigurationException]                                       Path for logs is not writable. Please, set appropriate access mode for log path.                                                                                         run [-c|--config CONFIG] [--report] [--html [HTML]] [--xml [XML]] [--tap [TAP]] [--json [JSON]] [--colors] [--no-colors] [--silent] [--steps] [-d|--debug] [--coverage [COVERAGE]] [--coverage-html [COVERAGE-HTML]] [--coverage-xml [COVERAGE-XML]] [--coverage-text [COVERAGE-TEXT]] [--no-exit] [-g|--group GROUP] [-s|--skip SKIP] [-sg|--skip-group SKIP-GROUP] [--env ENV] [-f|--fail-fast] [--no-rebuild] [--] [<suite>] [<test>]  " at /home/hab/public_html/test/src/TestBundle/Controller/DefaultController.php line 74 {"exception":"[object] (Symfony\\Component\\Process\\Exception\\ProcessFailedException(code: 0): The command \"cd .. ;  bin/codecept run unit\" failed.\n\nExit Code: 1(General error)\n\nWorking directory: /home/hab/public_html/test/web\n\nOutput:\n================\nCodeception PHP Testing Framework v2.1.0\nPowered by PHPUnit 4.7.7 by Sebastian Bergmann and contributors.\n\n\nError Output:\n================\nPHP Deprecated:  Comments starting with '#' are deprecated in /etc/php5/cli/conf.d/20-mcrypt.ini on line 2 in Unknown on line 0\n\n                                                                                    \n  [Codeception\\Exception\\ConfigurationException]                                    \n  Path for logs is not writable. Please, set appropriate access mode for log path.  \n                                                                                    \n\nrun [-c|--config CONFIG] [--report] [--html [HTML]] [--xml [XML]] [--tap [TAP]] [--json [JSON]] [--colors] [--no-colors] [--silent] [--steps] [-d|--debug] [--coverage [COVERAGE]] [--coverage-html [COVERAGE-HTML]] [--coverage-xml [COVERAGE-XML]] [--coverage-text [COVERAGE-TEXT]] [--no-exit] [-g|--group GROUP] [-s|--skip SKIP] [-sg|--skip-group SKIP-GROUP] [--env ENV] [-f|--fail-fast] [--no-rebuild] [--] [<suite>] [<test>]\n\n at /home/hab/public_html/test/src/TestBundle/Controller/DefaultController.php:74)"} []
[2016-02-22 15:42:42] request.INFO: Matched route "_wdt". {"route_parameters":{"_controller":"web_profiler.controller.profiler:toolbarAction","token":"6ff145","_route":"_wdt"},"request_uri":"http://localhost/~hab/test/web/app_dev.php/_wdt/6ff145"} []
[2016-02-22 15:43:15] request.INFO: Matched route "testform". {"route_parameters":{"_controller":"TestBundle\\Controller\\DefaultController::testAction","_route":"testform"},"request_uri":"http://localhost/~hab/test/web/app_dev.php/testform"} []
[2016-02-22 15:43:15] security.INFO: Populated the TokenStorage with an anonymous Token. [] []
[2016-02-22 15:43:23] request.INFO: Matched route "testform". {"route_parameters":{"_controller":"TestBundle\\Controller\\DefaultController::testAction","_route":"testform"},"request_uri":"http://localhost/~hab/test/web/app_dev.php/testform"} []
[2016-02-22 15:43:23] security.INFO: Populated the TokenStorage with an anonymous Token. [] []
[2016-02-22 15:43:23] request.CRITICAL: Uncaught PHP Exception Symfony\Component\Process\Exception\ProcessFailedException: "The command "cd .. ;  bin/codecept run unit" failed.  Exit Code: 1(General error)  Working directory: /home/hab/public_html/test/web  Output: ================ Codeception PHP Testing Framework v2.1.0 Powered by PHPUnit 4.7.7 by Sebastian Bergmann and contributors.   Error Output: ================ PHP Deprecated:  Comments starting with '#' are deprecated in /etc/php5/cli/conf.d/20-mcrypt.ini on line 2 in Unknown on line 0                                                                                         [Codeception\Exception\ConfigurationException]                                       Path for logs is not writable. Please, set appropriate access mode for log path.                                                                                         run [-c|--config CONFIG] [--report] [--html [HTML]] [--xml [XML]] [--tap [TAP]] [--json [JSON]] [--colors] [--no-colors] [--silent] [--steps] [-d|--debug] [--coverage [COVERAGE]] [--coverage-html [COVERAGE-HTML]] [--coverage-xml [COVERAGE-XML]] [--coverage-text [COVERAGE-TEXT]] [--no-exit] [-g|--group GROUP] [-s|--skip SKIP] [-sg|--skip-group SKIP-GROUP] [--env ENV] [-f|--fail-fast] [--no-rebuild] [--] [<suite>] [<test>]  " at /home/hab/public_html/test/src/TestBundle/Controller/DefaultController.php line 74 {"exception":"[object] (Symfony\\Component\\Process\\Exception\\ProcessFailedException(code: 0): The command \"cd .. ;  bin/codecept run unit\" failed.\n\nExit Code: 1(General error)\n\nWorking directory: /home/hab/public_html/test/web\n\nOutput:\n================\nCodeception PHP Testing Framework v2.1.0\nPowered by PHPUnit 4.7.7 by Sebastian Bergmann and contributors.\n\n\nError Output:\n================\nPHP Deprecated:  Comments starting with '#' are deprecated in /etc/php5/cli/conf.d/20-mcrypt.ini on line 2 in Unknown on line 0\n\n                                                                                    \n  [Codeception\\Exception\\ConfigurationException]                                    \n  Path for logs is not writable. Please, set appropriate access mode for log path.  \n                                                                                    \n\nrun [-c|--config CONFIG] [--report] [--html [HTML]] [--xml [XML]] [--tap [TAP]] [--json [JSON]] [--colors] [--no-colors] [--silent] [--steps] [-d|--debug] [--coverage [COVERAGE]] [--coverage-html [COVERAGE-HTML]] [--coverage-xml [COVERAGE-XML]] [--coverage-text [COVERAGE-TEXT]] [--no-exit] [-g|--group GROUP] [-s|--skip SKIP] [-sg|--skip-group SKIP-GROUP] [--env ENV] [-f|--fail-fast] [--no-rebuild] [--] [<suite>] [<test>]\n\n at /home/hab/public_html/test/src/TestBundle/Controller/DefaultController.php:74)"} []
[2016-02-22 15:43:23] request.INFO: Matched route "_wdt". {"route_parameters":{"_controller":"web_profiler.controller.profiler:toolbarAction","token":"3ab55d","_route":"_wdt"},"request_uri":"http://localhost/~hab/test/web/app_dev.php/_wdt/3ab55d"} []
[2016-02-22 15:44:31] request.INFO: Matched route "testform". {"route_parameters":{"_controller":"TestBundle\\Controller\\DefaultController::testAction","_route":"testform"},"request_uri":"http://localhost/~hab/test/web/app_dev.php/testform"} []
[2016-02-22 15:44:31] security.INFO: Populated the TokenStorage with an anonymous Token. [] []
[2016-02-22 15:44:31] request.CRITICAL: Uncaught PHP Exception Symfony\Component\Process\Exception\ProcessFailedException: "The command "cd .. ;  bin/codecept run unit" failed.  Exit Code: 1(General error)  Working directory: /home/hab/public_html/test/web  Output: ================ Codeception PHP Testing Framework v2.1.0 Powered by PHPUnit 4.7.7 by Sebastian Bergmann and contributors.  [1mUnit Tests (2) [22m--------------------------------------------------------------------------------- [35;1mTest me[39;22m (CodeceptionPhpunitTest::testMe)                                                   [37;41mFail[39;49m [35;1mPhpunitTest::testMe[39;22m                                                                        Ok ------------------------------------------------------------------------------------------------   Time: 96 ms, Memory: 9.00Mb  There was 1 failure:  --------- 1) [35;1mTest me[39;22m (CodeceptionPhpunitTest::testMe) Failed asserting that two strings are equal.--- Expected +++ Actual @@ @@ -'tesstMe' +'testMe' #1  /home/hab/public_html/test/tests/unit/CodeceptionPhpunitTest.php:24 #2  CodeceptionPhpunitTest->testMe  [37;41mFAILURES![0m [37;41mTests: 2[0m[37;41m, Assertions: 1[0m[37;41m, Failures: 1[0m[37;41m.[0m   Error Output: ================ PHP Deprecated:  Comments starting with '#' are deprecated in /etc/php5/cli/conf.d/20-mcrypt.ini on line 2 in Unknown on line 0 " at /home/hab/public_html/test/src/TestBundle/Controller/DefaultController.php line 74 {"exception":"[object] (Symfony\\Component\\Process\\Exception\\ProcessFailedException(code: 0): The command \"cd .. ;  bin/codecept run unit\" failed.\n\nExit Code: 1(General error)\n\nWorking directory: /home/hab/public_html/test/web\n\nOutput:\n================\nCodeception PHP Testing Framework v2.1.0\nPowered by PHPUnit 4.7.7 by Sebastian Bergmann and contributors.\n\n\u001b[1mUnit Tests (2) \u001b[22m---------------------------------------------------------------------------------\n\u001b[35;1mTest me\u001b[39;22m (CodeceptionPhpunitTest::testMe)                                                   \u001b[37;41mFail\u001b[39;49m\n\u001b[35;1mPhpunitTest::testMe\u001b[39;22m                                                                        Ok\n------------------------------------------------------------------------------------------------\n\n\nTime: 96 ms, Memory: 9.00Mb\n\nThere was 1 failure:\n\n---------\n1) \u001b[35;1mTest me\u001b[39;22m (CodeceptionPhpunitTest::testMe)\nFailed asserting that two strings are equal.--- Expected\n+++ Actual\n@@ @@\n-'tesstMe'\n+'testMe'\n#1  /home/hab/public_html/test/tests/unit/CodeceptionPhpunitTest.php:24\n#2  CodeceptionPhpunitTest->testMe\n\n\u001b[37;41mFAILURES!\u001b[0m\n\u001b[37;41mTests: 2\u001b[0m\u001b[37;41m, Assertions: 1\u001b[0m\u001b[37;41m, Failures: 1\u001b[0m\u001b[37;41m.\u001b[0m\n\n\nError Output:\n================\nPHP Deprecated:  Comments starting with '#' are deprecated in /etc/php5/cli/conf.d/20-mcrypt.ini on line 2 in Unknown on line 0\n at /home/hab/public_html/test/src/TestBundle/Controller/DefaultController.php:74)"} []
[2016-02-22 15:44:31] request.INFO: Matched route "_wdt". {"route_parameters":{"_controller":"web_profiler.controller.profiler:toolbarAction","token":"a16176","_route":"_wdt"},"request_uri":"http://localhost/~hab/test/web/app_dev.php/_wdt/a16176"} []
[2016-02-22 15:45:05] request.INFO: Matched route "testform". {"route_parameters":{"_controller":"TestBundle\\Controller\\DefaultController::testAction","_route":"testform"},"request_uri":"http://localhost/~hab/test/web/app_dev.php/testform"} []
[2016-02-22 15:45:05] security.INFO: Populated the TokenStorage with an anonymous Token. [] []
[2016-02-22 15:45:05] request.INFO: Matched route "fondative_test_homepage". {"route_parameters":{"_controller":"FondativeTestBundle\\Controller\\DefaultController::indexAction","_route":"fondative_test_homepage"},"request_uri":"http://localhost/~hab/test/web/app_dev.php/"} []
[2016-02-22 15:45:05] security.INFO: Populated the TokenStorage with an anonymous Token. [] []
[2016-02-22 15:45:05] request.CRITICAL: Uncaught PHP Exception Symfony\Component\Process\Exception\ProcessFailedException: "The command "cd .. ;  bin/codecept run" failed.  Exit Code: 1(General error)  Working directory: /home/hab/public_html/test/web  Output: ================ Codeception PHP Testing Framework v2.1.0 Powered by PHPUnit 4.7.7 by Sebastian Bergmann and contributors.  [1mUnit Tests (2) [22m--------------------------------------------------------------------------------- [35;1mTest me[39;22m (CodeceptionPhpunitTest::testMe)                                                   [37;41mFail[39;49m [35;1mPhpunitTest::testMe[39;22m                                                                        Ok ------------------------------------------------------------------------------------------------  [1mFunctional Tests (1) [22m------------------------------------------------------------------------------------------------- [35;1mPerform actions and see result[39;22m (FunctionalCept)                                                                  Ok ----------------------------------------------------------------------------------------------------------------------  [1mAcceptance Tests (1) [22m---------------------------------------------------------------------------------------------- [35;1mPerform actions and see result[39;22m (WelcomeCept)                                                                  [37;41mFail[39;49m -------------------------------------------------------------------------------------------------------------------   Error Output: ================ PHP Deprecated:  Comments starting with '#' are deprecated in /etc/php5/cli/conf.d/20-mcrypt.ini on line 2 in Unknown on line 0                                                                                                                                                       [Codeception\Exception\ConnectionException]                                                                                                        Curl error thrown for http POST to /session with params: {"desiredCapabilities":{"unexpectedAlertBehaviour":"accept","browserName":"firefox"}}     Failed to connect to 127.0.0.1 port 4444: Connection refused                                                                                                                                                                                                                                          Please make sure that Selenium Server or PhantomJS is running.                                                                                                                                                                                                                                       run [-c|--config CONFIG] [--report] [--html [HTML]] [--xml [XML]] [--tap [TAP]] [--json [JSON]] [--colors] [--no-colors] [--silent] [--steps] [-d|--debug] [--coverage [COVERAGE]] [--coverage-html [COVERAGE-HTML]] [--coverage-xml [COVERAGE-XML]] [--coverage-text [COVERAGE-TEXT]] [--no-exit] [-g|--group GROUP] [-s|--skip SKIP] [-sg|--skip-group SKIP-GROUP] [--env ENV] [-f|--fail-fast] [--no-rebuild] [--] [<suite>] [<test>]  " at /home/hab/public_html/test/src/TestBundle/Controller/DefaultController.php line 74 {"exception":"[object] (Symfony\\Component\\Process\\Exception\\ProcessFailedException(code: 0): The command \"cd .. ;  bin/codecept run\" failed.\n\nExit Code: 1(General error)\n\nWorking directory: /home/hab/public_html/test/web\n\nOutput:\n================\nCodeception PHP Testing Framework v2.1.0\nPowered by PHPUnit 4.7.7 by Sebastian Bergmann and contributors.\n\n\u001b[1mUnit Tests (2) \u001b[22m---------------------------------------------------------------------------------\n\u001b[35;1mTest me\u001b[39;22m (CodeceptionPhpunitTest::testMe)                                                   \u001b[37;41mFail\u001b[39;49m\n\u001b[35;1mPhpunitTest::testMe\u001b[39;22m                                                                        Ok\n------------------------------------------------------------------------------------------------\n\n\u001b[1mFunctional Tests (1) \u001b[22m-------------------------------------------------------------------------------------------------\n\u001b[35;1mPerform actions and see result\u001b[39;22m (FunctionalCept)                                                                  Ok\n----------------------------------------------------------------------------------------------------------------------\n\n\u001b[1mAcceptance Tests (1) \u001b[22m----------------------------------------------------------------------------------------------\n\u001b[35;1mPerform actions and see result\u001b[39;22m (WelcomeCept)                                                                  \u001b[37;41mFail\u001b[39;49m\n-------------------------------------------------------------------------------------------------------------------\n\n\nError Output:\n================\nPHP Deprecated:  Comments starting with '#' are deprecated in /etc/php5/cli/conf.d/20-mcrypt.ini on line 2 in Unknown on line 0\n\n                                                                                                                                                  \n  [Codeception\\Exception\\ConnectionException]                                                                                                     \n  Curl error thrown for http POST to /session with params: {\"desiredCapabilities\":{\"unexpectedAlertBehaviour\":\"accept\",\"browserName\":\"firefox\"}}  \n  Failed to connect to 127.0.0.1 port 4444: Connection refused                                                                                    \n                                                                                                                                                  \n  Please make sure that Selenium Server or PhantomJS is running.                                                                                  \n                                                                                                                                                  \n\nrun [-c|--config CONFIG] [--report] [--html [HTML]] [--xml [XML]] [--tap [TAP]] [--json [JSON]] [--colors] [--no-colors] [--silent] [--steps] [-d|--debug] [--coverage [COVERAGE]] [--coverage-html [COVERAGE-HTML]] [--coverage-xml [COVERAGE-XML]] [--coverage-text [COVERAGE-TEXT]] [--no-exit] [-g|--group GROUP] [-s|--skip SKIP] [-sg|--skip-group SKIP-GROUP] [--env ENV] [-f|--fail-fast] [--no-rebuild] [--] [<suite>] [<test>]\n\n at /home/hab/public_html/test/src/TestBundle/Controller/DefaultController.php:74)"} []
[2016-02-22 15:45:05] request.INFO: Matched route "_wdt". {"route_parameters":{"_controller":"web_profiler.controller.profiler:toolbarAction","token":"6429e6","_route":"_wdt"},"request_uri":"http://localhost/~hab/test/web/app_dev.php/_wdt/6429e6"} []
[2016-02-22 15:46:58] request.INFO: Matched route "testform". {"route_parameters":{"_controller":"TestBundle\\Controller\\DefaultController::testAction","_route":"testform"},"request_uri":"http://localhost/~hab/test/web/app_dev.php/testform"} []
[2016-02-22 15:46:58] security.INFO: Populated the TokenStorage with an anonymous Token. [] []
[2016-02-22 15:46:58] request.INFO: Matched route "fondative_test_homepage". {"route_parameters":{"_controller":"FondativeTestBundle\\Controller\\DefaultController::indexAction","_route":"fondative_test_homepage"},"request_uri":"http://localhost/~hab/test/web/app_dev.php/"} []
[2016-02-22 15:46:58] security.INFO: Populated the TokenStorage with an anonymous Token. [] []
[2016-02-22 15:47:04] request.INFO: Matched route "fondative_test_homepage". {"route_parameters":{"_controller":"FondativeTestBundle\\Controller\\DefaultController::indexAction","_route":"fondative_test_homepage"},"request_uri":"http://localhost/~hab/test/web/app_dev.php/"} []
[2016-02-22 15:47:04] security.INFO: Populated the TokenStorage with an anonymous Token. [] []
[2016-02-22 15:47:25] request.CRITICAL: Uncaught PHP Exception Symfony\Component\Process\Exception\ProcessFailedException: "The command "cd .. ;  bin/codecept run" failed.  Exit Code: 1(General error)  Working directory: /home/hab/public_html/test/web  Output: ================ Codeception PHP Testing Framework v2.1.0 Powered by PHPUnit 4.7.7 by Sebastian Bergmann and contributors.  [1mUnit Tests (2) [22m--------------------------------------------------------------------------------- [35;1mTest me[39;22m (CodeceptionPhpunitTest::testMe)                                                   [37;41mFail[39;49m [35;1mPhpunitTest::testMe[39;22m                                                                        Ok ------------------------------------------------------------------------------------------------  [1mFunctional Tests (1) [22m------------------------------------------------------------------------------------------------- [35;1mPerform actions and see result[39;22m (FunctionalCept)                                                                  Ok ----------------------------------------------------------------------------------------------------------------------  [1mAcceptance Tests (1) [22m---------------------------------------------------------------------------------------------- [35;1mPerform actions and see result[39;22m (WelcomeCept)                                                                  [37;41mFail[39;49m -------------------------------------------------------------------------------------------------------------------  [1mSelenium Tests (1) [22m--------------------------------------------------------------------------------------------------- [35;1mPerform actions and see result[39;22m (TestSeleniumCept)                                                                [37;41mFail[39;49m ----------------------------------------------------------------------------------------------------------------------   Time: 26.79 seconds, Memory: 14.25Mb  There were 3 failures:  --------- 1) [35;1mTest me[39;22m (CodeceptionPhpunitTest::testMe) Failed asserting that two strings are equal.--- Expected +++ Actual @@ @@ -'tesstMe' +'testMe' #1  /home/hab/public_html/test/tests/unit/CodeceptionPhpunitTest.php:24 #2  CodeceptionPhpunitTest->testMe  --------- 2) Failed to perform actions and see result in [1mWelcomeCept[22m (tests/acceptance//WelcomeCept.php)  [37;41m Step [39;49m I fill field "username","hamza" [37;41m Fail [39;49m Form field by Label or CSS 'username' was not found. [33m Scenario Steps: [39m [1m 3. $I->fillField("username","hamza")[22m  2. $I->see("Hello World!")  1. $I->amOnUrl("http://localhost/~hab/test/web/app_dev.php/")   --------- 3) Failed to perform actions and see result in [1mTestSeleniumCept[22m (tests/selenium//TestSeleniumCept.php)  [37;41m Step [39;49m I fill field "username","hamza" [37;41m Fail [39;49m Field by name, label, CSS or XPath 'username' was not found. [33m Scenario Steps: [39m [1m 3. $I->fillField("username","hamza")[22m  2. $I->see("Hello World!")  1. $I->amOnUrl("http://localhost/~hab/test/web/app_dev.php")   [37;41mFAILURES![0m [37;41mTests: 5[0m[37;41m, Assertions: 3[0m[37;41m, Failures: 3[0m[37;41m.[0m   Error Output: ================ PHP Deprecated:  Comments starting with '#' are deprecated in /etc/php5/cli/conf.d/20-mcrypt.ini on line 2 in Unknown on line 0 " at /home/hab/public_html/test/src/TestBundle/Controller/DefaultController.php line 74 {"exception":"[object] (Symfony\\Component\\Process\\Exception\\ProcessFailedException(code: 0): The command \"cd .. ;  bin/codecept run\" failed.\n\nExit Code: 1(General error)\n\nWorking directory: /home/hab/public_html/test/web\n\nOutput:\n================\nCodeception PHP Testing Framework v2.1.0\nPowered by PHPUnit 4.7.7 by Sebastian Bergmann and contributors.\n\n\u001b[1mUnit Tests (2) \u001b[22m---------------------------------------------------------------------------------\n\u001b[35;1mTest me\u001b[39;22m (CodeceptionPhpunitTest::testMe)                                                   \u001b[37;41mFail\u001b[39;49m\n\u001b[35;1mPhpunitTest::testMe\u001b[39;22m                                                                        Ok\n------------------------------------------------------------------------------------------------\n\n\u001b[1mFunctional Tests (1) \u001b[22m-------------------------------------------------------------------------------------------------\n\u001b[35;1mPerform actions and see result\u001b[39;22m (FunctionalCept)                                                                  Ok\n----------------------------------------------------------------------------------------------------------------------\n\n\u001b[1mAcceptance Tests (1) \u001b[22m----------------------------------------------------------------------------------------------\n\u001b[35;1mPerform actions and see result\u001b[39;22m (WelcomeCept)                                                                  \u001b[37;41mFail\u001b[39;49m\n-------------------------------------------------------------------------------------------------------------------\n\n\u001b[1mSelenium Tests (1) \u001b[22m---------------------------------------------------------------------------------------------------\n\u001b[35;1mPerform actions and see result\u001b[39;22m (TestSeleniumCept)                                                                \u001b[37;41mFail\u001b[39;49m\n----------------------------------------------------------------------------------------------------------------------\n\n\nTime: 26.79 seconds, Memory: 14.25Mb\n\nThere were 3 failures:\n\n---------\n1) \u001b[35;1mTest me\u001b[39;22m (CodeceptionPhpunitTest::testMe)\nFailed asserting that two strings are equal.--- Expected\n+++ Actual\n@@ @@\n-'tesstMe'\n+'testMe'\n#1  /home/hab/public_html/test/tests/unit/CodeceptionPhpunitTest.php:24\n#2  CodeceptionPhpunitTest->testMe\n\n---------\n2) Failed to perform actions and see result in \u001b[1mWelcomeCept\u001b[22m (tests/acceptance//WelcomeCept.php)\n\n\u001b[37;41m Step \u001b[39;49m I fill field \"username\",\"hamza\"\n\u001b[37;41m Fail \u001b[39;49m Form field by Label or CSS 'username' was not found.\n\u001b[33m\nScenario Steps:\n\u001b[39m\n\u001b[1m 3. $I->fillField(\"username\",\"hamza\")\u001b[22m\n 2. $I->see(\"Hello World!\")\n 1. $I->amOnUrl(\"http://localhost/~hab/test/web/app_dev.php/\")\n\n\n---------\n3) Failed to perform actions and see result in \u001b[1mTestSeleniumCept\u001b[22m (tests/selenium//TestSeleniumCept.php)\n\n\u001b[37;41m Step \u001b[39;49m I fill field \"username\",\"hamza\"\n\u001b[37;41m Fail \u001b[39;49m Field by name, label, CSS or XPath 'username' was not found.\n\u001b[33m\nScenario Steps:\n\u001b[39m\n\u001b[1m 3. $I->fillField(\"username\",\"hamza\")\u001b[22m\n 2. $I->see(\"Hello World!\")\n 1. $I->amOnUrl(\"http://localhost/~hab/test/web/app_dev.php\")\n\n\n\u001b[37;41mFAILURES!\u001b[0m\n\u001b[37;41mTests: 5\u001b[0m\u001b[37;41m, Assertions: 3\u001b[0m\u001b[37;41m, Failures: 3\u001b[0m\u001b[37;41m.\u001b[0m\n\n\nError Output:\n================\nPHP Deprecated:  Comments starting with '#' are deprecated in /etc/php5/cli/conf.d/20-mcrypt.ini on line 2 in Unknown on line 0\n at /home/hab/public_html/test/src/TestBundle/Controller/DefaultController.php:74)"} []
[2016-02-22 15:47:25] request.INFO: Matched route "_wdt". {"route_parameters":{"_controller":"web_profiler.controller.profiler:toolbarAction","token":"2e527d","_route":"_wdt"},"request_uri":"http://localhost/~hab/test/web/app_dev.php/_wdt/2e527d"} []
[2016-02-22 15:48:43] request.INFO: Matched route "testform". {"route_parameters":{"_controller":"TestBundle\\Controller\\DefaultController::testAction","_route":"testform"},"request_uri":"http://localhost/~hab/test/web/app_dev.php/testform"} []
[2016-02-22 15:48:43] security.INFO: Populated the TokenStorage with an anonymous Token. [] []
[2016-02-22 15:48:43] request.INFO: Matched route "fondative_test_homepage". {"route_parameters":{"_controller":"FondativeTestBundle\\Controller\\DefaultController::indexAction","_route":"fondative_test_homepage"},"request_uri":"http://localhost/~hab/test/web/app_dev.php/"} []
[2016-02-22 15:48:43] security.INFO: Populated the TokenStorage with an anonymous Token. [] []
[2016-02-22 15:48:46] request.INFO: Matched route "fondative_test_homepage". {"route_parameters":{"_controller":"FondativeTestBundle\\Controller\\DefaultController::indexAction","_route":"fondative_test_homepage"},"request_uri":"http://localhost/~hab/test/web/app_dev.php/"} []
[2016-02-22 15:48:46] security.INFO: Populated the TokenStorage with an anonymous Token. [] []
[2016-02-22 15:49:06] request.CRITICAL: Uncaught PHP Exception Symfony\Component\Process\Exception\ProcessFailedException: "The command "cd .. ;  bin/codecept run" failed.  Exit Code: 1(General error)  Working directory: /home/hab/public_html/test/web  Output: ================ Codeception PHP Testing Framework v2.1.0 Powered by PHPUnit 4.7.7 by Sebastian Bergmann and contributors.  [1mUnit Tests (2) [22m--------------------------------------------------------------------------------- [35;1mTest me[39;22m (CodeceptionPhpunitTest::testMe)                                                   [37;41mFail[39;49m [35;1mPhpunitTest::testMe[39;22m                                                                        Ok ------------------------------------------------------------------------------------------------  [1mFunctional Tests (1) [22m------------------------------------------------------------------------------------------------- [35;1mPerform actions and see result[39;22m (FunctionalCept)                                                                  Ok ----------------------------------------------------------------------------------------------------------------------  [1mAcceptance Tests (1) [22m---------------------------------------------------------------------------------------------- [35;1mPerform actions and see result[39;22m (WelcomeCept)                                                                  [37;41mFail[39;49m -------------------------------------------------------------------------------------------------------------------  [1mSelenium Tests (1) [22m--------------------------------------------------------------------------------------------------- [35;1mPerform actions and see result[39;22m (TestSeleniumCept)                                                                [37;41mFail[39;49m ----------------------------------------------------------------------------------------------------------------------   Time: 23.11 seconds, Memory: 14.25Mb  There were 3 failures:  --------- 1) [35;1mTest me[39;22m (CodeceptionPhpunitTest::testMe) Failed asserting that two strings are equal.--- Expected +++ Actual @@ @@ -'tesstMe' +'testMe' #1  /home/hab/public_html/test/tests/unit/CodeceptionPhpunitTest.php:24 #2  CodeceptionPhpunitTest->testMe  --------- 2) Failed to perform actions and see result in [1mWelcomeCept[22m (tests/acceptance//WelcomeCept.php)  [37;41m Step [39;49m I fill field "username","hamza" [37;41m Fail [39;49m Form field by Label or CSS 'username' was not found. [33m Scenario Steps: [39m [1m 3. $I->fillField("username","hamza")[22m  2. $I->see("Hello World!")  1. $I->amOnUrl("http://localhost/~hab/test/web/app_dev.php/")   --------- 3) Failed to perform actions and see result in [1mTestSeleniumCept[22m (tests/selenium//TestSeleniumCept.php)  [37;41m Step [39;49m I fill field "username","hamza" [37;41m Fail [39;49m Field by name, label, CSS or XPath 'username' was not found. [33m Scenario Steps: [39m [1m 3. $I->fillField("username","hamza")[22m  2. $I->see("Hello World!")  1. $I->amOnUrl("http://localhost/~hab/test/web/app_dev.php")   [37;41mFAILURES![0m [37;41mTests: 5[0m[37;41m, Assertions: 3[0m[37;41m, Failures: 3[0m[37;41m.[0m   Error Output: ================ PHP Deprecated:  Comments starting with '#' are deprecated in /etc/php5/cli/conf.d/20-mcrypt.ini on line 2 in Unknown on line 0 " at /home/hab/public_html/test/src/TestBundle/Controller/DefaultController.php line 75 {"exception":"[object] (Symfony\\Component\\Process\\Exception\\ProcessFailedException(code: 0): The command \"cd .. ;  bin/codecept run\" failed.\n\nExit Code: 1(General error)\n\nWorking directory: /home/hab/public_html/test/web\n\nOutput:\n================\nCodeception PHP Testing Framework v2.1.0\nPowered by PHPUnit 4.7.7 by Sebastian Bergmann and contributors.\n\n\u001b[1mUnit Tests (2) \u001b[22m---------------------------------------------------------------------------------\n\u001b[35;1mTest me\u001b[39;22m (CodeceptionPhpunitTest::testMe)                                                   \u001b[37;41mFail\u001b[39;49m\n\u001b[35;1mPhpunitTest::testMe\u001b[39;22m                                                                        Ok\n------------------------------------------------------------------------------------------------\n\n\u001b[1mFunctional Tests (1) \u001b[22m-------------------------------------------------------------------------------------------------\n\u001b[35;1mPerform actions and see result\u001b[39;22m (FunctionalCept)                                                                  Ok\n----------------------------------------------------------------------------------------------------------------------\n\n\u001b[1mAcceptance Tests (1) \u001b[22m----------------------------------------------------------------------------------------------\n\u001b[35;1mPerform actions and see result\u001b[39;22m (WelcomeCept)                                                                  \u001b[37;41mFail\u001b[39;49m\n-------------------------------------------------------------------------------------------------------------------\n\n\u001b[1mSelenium Tests (1) \u001b[22m---------------------------------------------------------------------------------------------------\n\u001b[35;1mPerform actions and see result\u001b[39;22m (TestSeleniumCept)                                                                \u001b[37;41mFail\u001b[39;49m\n----------------------------------------------------------------------------------------------------------------------\n\n\nTime: 23.11 seconds, Memory: 14.25Mb\n\nThere were 3 failures:\n\n---------\n1) \u001b[35;1mTest me\u001b[39;22m (CodeceptionPhpunitTest::testMe)\nFailed asserting that two strings are equal.--- Expected\n+++ Actual\n@@ @@\n-'tesstMe'\n+'testMe'\n#1  /home/hab/public_html/test/tests/unit/CodeceptionPhpunitTest.php:24\n#2  CodeceptionPhpunitTest->testMe\n\n---------\n2) Failed to perform actions and see result in \u001b[1mWelcomeCept\u001b[22m (tests/acceptance//WelcomeCept.php)\n\n\u001b[37;41m Step \u001b[39;49m I fill field \"username\",\"hamza\"\n\u001b[37;41m Fail \u001b[39;49m Form field by Label or CSS 'username' was not found.\n\u001b[33m\nScenario Steps:\n\u001b[39m\n\u001b[1m 3. $I->fillField(\"username\",\"hamza\")\u001b[22m\n 2. $I->see(\"Hello World!\")\n 1. $I->amOnUrl(\"http://localhost/~hab/test/web/app_dev.php/\")\n\n\n---------\n3) Failed to perform actions and see result in \u001b[1mTestSeleniumCept\u001b[22m (tests/selenium//TestSeleniumCept.php)\n\n\u001b[37;41m Step \u001b[39;49m I fill field \"username\",\"hamza\"\n\u001b[37;41m Fail \u001b[39;49m Field by name, label, CSS or XPath 'username' was not found.\n\u001b[33m\nScenario Steps:\n\u001b[39m\n\u001b[1m 3. $I->fillField(\"username\",\"hamza\")\u001b[22m\n 2. $I->see(\"Hello World!\")\n 1. $I->amOnUrl(\"http://localhost/~hab/test/web/app_dev.php\")\n\n\n\u001b[37;41mFAILURES!\u001b[0m\n\u001b[37;41mTests: 5\u001b[0m\u001b[37;41m, Assertions: 3\u001b[0m\u001b[37;41m, Failures: 3\u001b[0m\u001b[37;41m.\u001b[0m\n\n\nError Output:\n================\nPHP Deprecated:  Comments starting with '#' are deprecated in /etc/php5/cli/conf.d/20-mcrypt.ini on line 2 in Unknown on line 0\n at /home/hab/public_html/test/src/TestBundle/Controller/DefaultController.php:75)"} []
[2016-02-22 15:49:06] request.INFO: Matched route "_wdt". {"route_parameters":{"_controller":"web_profiler.controller.profiler:toolbarAction","token":"2b4ed0","_route":"_wdt"},"request_uri":"http://localhost/~hab/test/web/app_dev.php/_wdt/2b4ed0"} []
[2016-02-22 15:49:25] request.INFO: Matched route "testform". {"route_parameters":{"_controller":"TestBundle\\Controller\\DefaultController::testAction","_route":"testform"},"request_uri":"http://localhost/~hab/test/web/app_dev.php/testform"} []
[2016-02-22 15:49:25] security.INFO: Populated the TokenStorage with an anonymous Token. [] []
[2016-02-22 15:49:25] request.CRITICAL: Uncaught PHP Exception Symfony\Component\Process\Exception\ProcessFailedException: "The command "cd .. ;  bin/codecept unit run" failed.  Exit Code: 1(General error)  Working directory: /home/hab/public_html/test/web  Output: ================   Error Output: ================ PHP Deprecated:  Comments starting with '#' are deprecated in /etc/php5/cli/conf.d/20-mcrypt.ini on line 2 in Unknown on line 0                                                                       [Symfony\Component\Console\Exception\CommandNotFoundException]     Command "unit" is not defined.                                     Did you mean this?                                                     generate:phpunit                                                                                                                 " at /home/hab/public_html/test/src/TestBundle/Controller/DefaultController.php line 75 {"exception":"[object] (Symfony\\Component\\Process\\Exception\\ProcessFailedException(code: 0): The command \"cd .. ;  bin/codecept unit run\" failed.\n\nExit Code: 1(General error)\n\nWorking directory: /home/hab/public_html/test/web\n\nOutput:\n================\n\n\nError Output:\n================\nPHP Deprecated:  Comments starting with '#' are deprecated in /etc/php5/cli/conf.d/20-mcrypt.ini on line 2 in Unknown on line 0\n\n                                                                  \n  [Symfony\\Component\\Console\\Exception\\CommandNotFoundException]  \n  Command \"unit\" is not defined.                                  \n  Did you mean this?                                              \n      generate:phpunit                                            \n                                                                  \n\n at /home/hab/public_html/test/src/TestBundle/Controller/DefaultController.php:75)"} []
[2016-02-22 15:49:25] request.INFO: Matched route "_wdt". {"route_parameters":{"_controller":"web_profiler.controller.profiler:toolbarAction","token":"184845","_route":"_wdt"},"request_uri":"http://localhost/~hab/test/web/app_dev.php/_wdt/184845"} []
[2016-02-22 15:49:50] request.INFO: Matched route "testform". {"route_parameters":{"_controller":"TestBundle\\Controller\\DefaultController::testAction","_route":"testform"},"request_uri":"http://localhost/~hab/test/web/app_dev.php/testform"} []
[2016-02-22 15:49:50] security.INFO: Populated the TokenStorage with an anonymous Token. [] []
[2016-02-22 15:49:50] request.CRITICAL: Uncaught PHP Exception Symfony\Component\Process\Exception\ProcessFailedException: "The command "cd .. ;  bin/codecept run unit" failed.  Exit Code: 1(General error)  Working directory: /home/hab/public_html/test/web  Output: ================ Codeception PHP Testing Framework v2.1.0 Powered by PHPUnit 4.7.7 by Sebastian Bergmann and contributors.  [1mUnit Tests (2) [22m--------------------------------------------------------------------------------- [35;1mTest me[39;22m (CodeceptionPhpunitTest::testMe)                                                   [37;41mFail[39;49m [35;1mPhpunitTest::testMe[39;22m                                                                        Ok ------------------------------------------------------------------------------------------------   Time: 98 ms, Memory: 9.00Mb  There was 1 failure:  --------- 1) [35;1mTest me[39;22m (CodeceptionPhpunitTest::testMe) Failed asserting that two strings are equal.--- Expected +++ Actual @@ @@ -'tesstMe' +'testMe' #1  /home/hab/public_html/test/tests/unit/CodeceptionPhpunitTest.php:24 #2  CodeceptionPhpunitTest->testMe  [37;41mFAILURES![0m [37;41mTests: 2[0m[37;41m, Assertions: 1[0m[37;41m, Failures: 1[0m[37;41m.[0m   Error Output: ================ PHP Deprecated:  Comments starting with '#' are deprecated in /etc/php5/cli/conf.d/20-mcrypt.ini on line 2 in Unknown on line 0 " at /home/hab/public_html/test/src/TestBundle/Controller/DefaultController.php line 75 {"exception":"[object] (Symfony\\Component\\Process\\Exception\\ProcessFailedException(code: 0): The command \"cd .. ;  bin/codecept run unit\" failed.\n\nExit Code: 1(General error)\n\nWorking directory: /home/hab/public_html/test/web\n\nOutput:\n================\nCodeception PHP Testing Framework v2.1.0\nPowered by PHPUnit 4.7.7 by Sebastian Bergmann and contributors.\n\n\u001b[1mUnit Tests (2) \u001b[22m---------------------------------------------------------------------------------\n\u001b[35;1mTest me\u001b[39;22m (CodeceptionPhpunitTest::testMe)                                                   \u001b[37;41mFail\u001b[39;49m\n\u001b[35;1mPhpunitTest::testMe\u001b[39;22m                                                                        Ok\n------------------------------------------------------------------------------------------------\n\n\nTime: 98 ms, Memory: 9.00Mb\n\nThere was 1 failure:\n\n---------\n1) \u001b[35;1mTest me\u001b[39;22m (CodeceptionPhpunitTest::testMe)\nFailed asserting that two strings are equal.--- Expected\n+++ Actual\n@@ @@\n-'tesstMe'\n+'testMe'\n#1  /home/hab/public_html/test/tests/unit/CodeceptionPhpunitTest.php:24\n#2  CodeceptionPhpunitTest->testMe\n\n\u001b[37;41mFAILURES!\u001b[0m\n\u001b[37;41mTests: 2\u001b[0m\u001b[37;41m, Assertions: 1\u001b[0m\u001b[37;41m, Failures: 1\u001b[0m\u001b[37;41m.\u001b[0m\n\n\nError Output:\n================\nPHP Deprecated:  Comments starting with '#' are deprecated in /etc/php5/cli/conf.d/20-mcrypt.ini on line 2 in Unknown on line 0\n at /home/hab/public_html/test/src/TestBundle/Controller/DefaultController.php:75)"} []
[2016-02-22 15:49:50] request.INFO: Matched route "_wdt". {"route_parameters":{"_controller":"web_profiler.controller.profiler:toolbarAction","token":"b95127","_route":"_wdt"},"request_uri":"http://localhost/~hab/test/web/app_dev.php/_wdt/b95127"} []
[2016-02-22 16:40:28] request.INFO: Matched route "testform". {"route_parameters":{"_controller":"TestBundle\\Controller\\DefaultController::testAction","_route":"testform"},"request_uri":"http://localhost/~hab/test/web/app_dev.php/testform"} []
[2016-02-22 16:40:28] security.INFO: Populated the TokenStorage with an anonymous Token. [] []
[2016-02-22 16:40:28] request.CRITICAL: Uncaught PHP Exception Symfony\Component\Process\Exception\ProcessFailedException: "The command "cd .. ;  bin/codecept run unit" failed.  Exit Code: 1(General error)  Working directory: /home/hab/public_html/test/web  Output: ================ Codeception PHP Testing Framework v2.1.0 Powered by PHPUnit 4.7.7 by Sebastian Bergmann and contributors.  [1mUnit Tests (2) [22m--------------------------------------------------------------------------------- [35;1mTest me[39;22m (CodeceptionPhpunitTest::testMe)                                                   [37;41mFail[39;49m [35;1mPhpunitTest::testMe[39;22m                                                                        Ok ------------------------------------------------------------------------------------------------   Time: 97 ms, Memory: 9.00Mb  There was 1 failure:  --------- 1) [35;1mTest me[39;22m (CodeceptionPhpunitTest::testMe) Failed asserting that two strings are equal.--- Expected +++ Actual @@ @@ -'tesstMe' +'testMe' #1  /home/hab/public_html/test/tests/unit/CodeceptionPhpunitTest.php:24 #2  CodeceptionPhpunitTest->testMe  [37;41mFAILURES![0m [37;41mTests: 2[0m[37;41m, Assertions: 1[0m[37;41m, Failures: 1[0m[37;41m.[0m   Error Output: ================ PHP Deprecated:  Comments starting with '#' are deprecated in /etc/php5/cli/conf.d/20-mcrypt.ini on line 2 in Unknown on line 0 " at /home/hab/public_html/test/src/TestBundle/Controller/DefaultController.php line 75 {"exception":"[object] (Symfony\\Component\\Process\\Exception\\ProcessFailedException(code: 0): The command \"cd .. ;  bin/codecept run unit\" failed.\n\nExit Code: 1(General error)\n\nWorking directory: /home/hab/public_html/test/web\n\nOutput:\n================\nCodeception PHP Testing Framework v2.1.0\nPowered by PHPUnit 4.7.7 by Sebastian Bergmann and contributors.\n\n\u001b[1mUnit Tests (2) \u001b[22m---------------------------------------------------------------------------------\n\u001b[35;1mTest me\u001b[39;22m (CodeceptionPhpunitTest::testMe)                                                   \u001b[37;41mFail\u001b[39;49m\n\u001b[35;1mPhpunitTest::testMe\u001b[39;22m                                                                        Ok\n------------------------------------------------------------------------------------------------\n\n\nTime: 97 ms, Memory: 9.00Mb\n\nThere was 1 failure:\n\n---------\n1) \u001b[35;1mTest me\u001b[39;22m (CodeceptionPhpunitTest::testMe)\nFailed asserting that two strings are equal.--- Expected\n+++ Actual\n@@ @@\n-'tesstMe'\n+'testMe'\n#1  /home/hab/public_html/test/tests/unit/CodeceptionPhpunitTest.php:24\n#2  CodeceptionPhpunitTest->testMe\n\n\u001b[37;41mFAILURES!\u001b[0m\n\u001b[37;41mTests: 2\u001b[0m\u001b[37;41m, Assertions: 1\u001b[0m\u001b[37;41m, Failures: 1\u001b[0m\u001b[37;41m.\u001b[0m\n\n\nError Output:\n================\nPHP Deprecated:  Comments starting with '#' are deprecated in /etc/php5/cli/conf.d/20-mcrypt.ini on line 2 in Unknown on line 0\n at /home/hab/public_html/test/src/TestBundle/Controller/DefaultController.php:75)"} []
[2016-02-22 16:40:29] request.INFO: Matched route "_wdt". {"route_parameters":{"_controller":"web_profiler.controller.profiler:toolbarAction","token":"8b6685","_route":"_wdt"},"request_uri":"http://localhost/~hab/test/web/app_dev.php/_wdt/8b6685"} []
[2016-02-22 16:40:33] request.INFO: Matched route "_profiler". {"route_parameters":{"_controller":"web_profiler.controller.profiler:panelAction","token":"8b6685","_route":"_profiler"},"request_uri":"http://localhost/~hab/test/web/app_dev.php/_profiler/8b6685?panel=logger"} []
[2016-02-22 16:40:33] request.INFO: Matched route "_profiler_search_bar". {"route_parameters":{"_controller":"web_profiler.controller.profiler:searchBarAction","_route":"_profiler_search_bar"},"request_uri":"http://localhost/~hab/test/web/app_dev.php/_profiler/search_bar?panel=logger"} []
[2016-02-22 16:40:47] request.INFO: Matched route "_profiler". {"route_parameters":{"_controller":"web_profiler.controller.profiler:panelAction","token":"8b6685","_route":"_profiler"},"request_uri":"http://localhost/~hab/test/web/app_dev.php/_profiler/8b6685?panel=logger"} []
[2016-02-22 16:40:47] request.INFO: Matched route "_profiler_search_bar". {"route_parameters":{"_controller":"web_profiler.controller.profiler:searchBarAction","_route":"_profiler_search_bar"},"request_uri":"http://localhost/~hab/test/web/app_dev.php/_profiler/search_bar?panel=logger"} []
[2016-02-22 16:40:50] request.INFO: Matched route "_profiler". {"route_parameters":{"_controller":"web_profiler.controller.profiler:panelAction","token":"8b6685","_route":"_profiler"},"request_uri":"http://localhost/~hab/test/web/app_dev.php/_profiler/8b6685?panel=exception"} []
[2016-02-22 16:40:50] request.INFO: Matched route "_profiler_exception_css". {"route_parameters":{"_controller":"web_profiler.controller.exception:cssAction","token":"8b6685","_route":"_profiler_exception_css"},"request_uri":"http://localhost/~hab/test/web/app_dev.php/_profiler/8b6685/exception.css"} []
[2016-02-22 16:40:50] request.INFO: Matched route "_profiler_exception". {"route_parameters":{"_controller":"web_profiler.controller.exception:showAction","token":"8b6685","_route":"_profiler_exception"},"request_uri":"http://localhost/~hab/test/web/app_dev.php/_profiler/8b6685/exception"} []
[2016-02-22 16:40:50] request.INFO: Matched route "_profiler_search_bar". {"route_parameters":{"_controller":"web_profiler.controller.profiler:searchBarAction","_route":"_profiler_search_bar"},"request_uri":"http://localhost/~hab/test/web/app_dev.php/_profiler/search_bar?panel=exception"} []
[2016-02-22 17:03:57] request.INFO: Matched route "_profiler". {"route_parameters":{"_controller":"web_profiler.controller.profiler:panelAction","token":"8b6685","_route":"_profiler"},"request_uri":"http://localhost/~hab/test/web/app_dev.php/_profiler/8b6685?panel=exception"} []
[2016-02-22 17:03:57] request.INFO: Matched route "_profiler_exception_css". {"route_parameters":{"_controller":"web_profiler.controller.exception:cssAction","token":"8b6685","_route":"_profiler_exception_css"},"request_uri":"http://localhost/~hab/test/web/app_dev.php/_profiler/8b6685/exception.css"} []
[2016-02-22 17:03:57] request.INFO: Matched route "_profiler_exception". {"route_parameters":{"_controller":"web_profiler.controller.exception:showAction","token":"8b6685","_route":"_profiler_exception"},"request_uri":"http://localhost/~hab/test/web/app_dev.php/_profiler/8b6685/exception"} []
[2016-02-22 17:03:57] request.INFO: Matched route "_profiler_search_bar". {"route_parameters":{"_controller":"web_profiler.controller.profiler:searchBarAction","_route":"_profiler_search_bar"},"request_uri":"http://localhost/~hab/test/web/app_dev.php/_profiler/search_bar?panel=exception"} []
[2016-02-22 17:03:59] request.INFO: Matched route "_profiler". {"route_parameters":{"_controller":"web_profiler.controller.profiler:panelAction","token":"8b6685","_route":"_profiler"},"request_uri":"http://localhost/~hab/test/web/app_dev.php/_profiler/8b6685?panel=exception"} []
[2016-02-22 17:03:59] request.INFO: Matched route "_profiler_exception_css". {"route_parameters":{"_controller":"web_profiler.controller.exception:cssAction","token":"8b6685","_route":"_profiler_exception_css"},"request_uri":"http://localhost/~hab/test/web/app_dev.php/_profiler/8b6685/exception.css"} []
[2016-02-22 17:03:59] request.INFO: Matched route "_profiler_exception". {"route_parameters":{"_controller":"web_profiler.controller.exception:showAction","token":"8b6685","_route":"_profiler_exception"},"request_uri":"http://localhost/~hab/test/web/app_dev.php/_profiler/8b6685/exception"} []
[2016-02-22 17:03:59] request.INFO: Matched route "_profiler_search_bar". {"route_parameters":{"_controller":"web_profiler.controller.profiler:searchBarAction","_route":"_profiler_search_bar"},"request_uri":"http://localhost/~hab/test/web/app_dev.php/_profiler/search_bar?panel=exception"} []
[2016-02-22 17:04:00] request.INFO: Matched route "_profiler". {"route_parameters":{"_controller":"web_profiler.controller.profiler:panelAction","token":"8b6685","_route":"_profiler"},"request_uri":"http://localhost/~hab/test/web/app_dev.php/_profiler/8b6685?panel=exception"} []
[2016-02-22 17:04:00] request.INFO: Matched route "_profiler_exception_css". {"route_parameters":{"_controller":"web_profiler.controller.exception:cssAction","token":"8b6685","_route":"_profiler_exception_css"},"request_uri":"http://localhost/~hab/test/web/app_dev.php/_profiler/8b6685/exception.css"} []
[2016-02-22 17:04:00] request.INFO: Matched route "_profiler_exception". {"route_parameters":{"_controller":"web_profiler.controller.exception:showAction","token":"8b6685","_route":"_profiler_exception"},"request_uri":"http://localhost/~hab/test/web/app_dev.php/_profiler/8b6685/exception"} []
[2016-02-22 17:04:00] request.INFO: Matched route "_profiler_search_bar". {"route_parameters":{"_controller":"web_profiler.controller.profiler:searchBarAction","_route":"_profiler_search_bar"},"request_uri":"http://localhost/~hab/test/web/app_dev.php/_profiler/search_bar?panel=exception"} []
[2016-02-22 17:04:00] request.INFO: Matched route "_profiler". {"route_parameters":{"_controller":"web_profiler.controller.profiler:panelAction","token":"8b6685","_route":"_profiler"},"request_uri":"http://localhost/~hab/test/web/app_dev.php/_profiler/8b6685?panel=exception"} []
[2016-02-22 17:04:00] request.INFO: Matched route "_profiler_exception_css". {"route_parameters":{"_controller":"web_profiler.controller.exception:cssAction","token":"8b6685","_route":"_profiler_exception_css"},"request_uri":"http://localhost/~hab/test/web/app_dev.php/_profiler/8b6685/exception.css"} []
[2016-02-22 17:04:00] request.INFO: Matched route "_profiler_exception". {"route_parameters":{"_controller":"web_profiler.controller.exception:showAction","token":"8b6685","_route":"_profiler_exception"},"request_uri":"http://localhost/~hab/test/web/app_dev.php/_profiler/8b6685/exception"} []
[2016-02-22 17:04:00] request.INFO: Matched route "_profiler_search_bar". {"route_parameters":{"_controller":"web_profiler.controller.profiler:searchBarAction","_route":"_profiler_search_bar"},"request_uri":"http://localhost/~hab/test/web/app_dev.php/_profiler/search_bar?panel=exception"} []
[2016-02-22 17:04:00] request.INFO: Matched route "_profiler". {"route_parameters":{"_controller":"web_profiler.controller.profiler:panelAction","token":"8b6685","_route":"_profiler"},"request_uri":"http://localhost/~hab/test/web/app_dev.php/_profiler/8b6685?panel=exception"} []
[2016-02-22 17:04:00] request.INFO: Matched route "_profiler_exception_css". {"route_parameters":{"_controller":"web_profiler.controller.exception:cssAction","token":"8b6685","_route":"_profiler_exception_css"},"request_uri":"http://localhost/~hab/test/web/app_dev.php/_profiler/8b6685/exception.css"} []
[2016-02-22 17:04:00] request.INFO: Matched route "_profiler_exception". {"route_parameters":{"_controller":"web_profiler.controller.exception:showAction","token":"8b6685","_route":"_profiler_exception"},"request_uri":"http://localhost/~hab/test/web/app_dev.php/_profiler/8b6685/exception"} []
[2016-02-22 17:04:00] request.INFO: Matched route "_profiler_search_bar". {"route_parameters":{"_controller":"web_profiler.controller.profiler:searchBarAction","_route":"_profiler_search_bar"},"request_uri":"http://localhost/~hab/test/web/app_dev.php/_profiler/search_bar?panel=exception"} []
[2016-02-22 17:10:05] request.INFO: Matched route "_profiler". {"route_parameters":{"_controller":"web_profiler.controller.profiler:panelAction","token":"8b6685","_route":"_profiler"},"request_uri":"http://localhost/~hab/test/web/app_dev.php/_profiler/8b6685?panel=exception"} []
[2016-02-22 17:10:05] request.INFO: Matched route "_profiler_exception_css". {"route_parameters":{"_controller":"web_profiler.controller.exception:cssAction","token":"8b6685","_route":"_profiler_exception_css"},"request_uri":"http://localhost/~hab/test/web/app_dev.php/_profiler/8b6685/exception.css"} []
[2016-02-22 17:10:05] request.INFO: Matched route "_profiler_exception". {"route_parameters":{"_controller":"web_profiler.controller.exception:showAction","token":"8b6685","_route":"_profiler_exception"},"request_uri":"http://localhost/~hab/test/web/app_dev.php/_profiler/8b6685/exception"} []
[2016-02-22 17:10:05] request.INFO: Matched route "_profiler_search_bar". {"route_parameters":{"_controller":"web_profiler.controller.profiler:searchBarAction","_route":"_profiler_search_bar"},"request_uri":"http://localhost/~hab/test/web/app_dev.php/_profiler/search_bar?panel=exception"} []
[2016-02-22 17:10:06] request.INFO: Matched route "_profiler". {"route_parameters":{"_controller":"web_profiler.controller.profiler:panelAction","token":"8b6685","_route":"_profiler"},"request_uri":"http://localhost/~hab/test/web/app_dev.php/_profiler/8b6685?panel=exception"} []
[2016-02-22 17:10:06] request.INFO: Matched route "_profiler_exception_css". {"route_parameters":{"_controller":"web_profiler.controller.exception:cssAction","token":"8b6685","_route":"_profiler_exception_css"},"request_uri":"http://localhost/~hab/test/web/app_dev.php/_profiler/8b6685/exception.css"} []
[2016-02-22 17:10:06] request.INFO: Matched route "_profiler_exception". {"route_parameters":{"_controller":"web_profiler.controller.exception:showAction","token":"8b6685","_route":"_profiler_exception"},"request_uri":"http://localhost/~hab/test/web/app_dev.php/_profiler/8b6685/exception"} []
[2016-02-22 17:10:06] request.INFO: Matched route "_profiler_search_bar". {"route_parameters":{"_controller":"web_profiler.controller.profiler:searchBarAction","_route":"_profiler_search_bar"},"request_uri":"http://localhost/~hab/test/web/app_dev.php/_profiler/search_bar?panel=exception"} []
[2016-02-22 17:10:06] request.INFO: Matched route "_profiler". {"route_parameters":{"_controller":"web_profiler.controller.profiler:panelAction","token":"8b6685","_route":"_profiler"},"request_uri":"http://localhost/~hab/test/web/app_dev.php/_profiler/8b6685?panel=exception"} []
[2016-02-22 17:10:06] request.INFO: Matched route "_profiler_exception_css". {"route_parameters":{"_controller":"web_profiler.controller.exception:cssAction","token":"8b6685","_route":"_profiler_exception_css"},"request_uri":"http://localhost/~hab/test/web/app_dev.php/_profiler/8b6685/exception.css"} []
[2016-02-22 17:10:06] request.INFO: Matched route "_profiler_exception". {"route_parameters":{"_controller":"web_profiler.controller.exception:showAction","token":"8b6685","_route":"_profiler_exception"},"request_uri":"http://localhost/~hab/test/web/app_dev.php/_profiler/8b6685/exception"} []
[2016-02-22 17:10:06] request.INFO: Matched route "_profiler_search_bar". {"route_parameters":{"_controller":"web_profiler.controller.profiler:searchBarAction","_route":"_profiler_search_bar"},"request_uri":"http://localhost/~hab/test/web/app_dev.php/_profiler/search_bar?panel=exception"} []
[2016-02-22 17:10:08] request.INFO: Matched route "_profiler". {"route_parameters":{"_controller":"web_profiler.controller.profiler:panelAction","token":"8b6685","_route":"_profiler"},"request_uri":"http://localhost/~hab/test/web/app_dev.php/_profiler/8b6685?panel=exception"} []
[2016-02-22 17:10:08] request.INFO: Matched route "_profiler_exception_css". {"route_parameters":{"_controller":"web_profiler.controller.exception:cssAction","token":"8b6685","_route":"_profiler_exception_css"},"request_uri":"http://localhost/~hab/test/web/app_dev.php/_profiler/8b6685/exception.css"} []
[2016-02-22 17:10:08] request.INFO: Matched route "_profiler_exception". {"route_parameters":{"_controller":"web_profiler.controller.exception:showAction","token":"8b6685","_route":"_profiler_exception"},"request_uri":"http://localhost/~hab/test/web/app_dev.php/_profiler/8b6685/exception"} []
[2016-02-22 17:10:08] request.INFO: Matched route "_profiler_search_bar". {"route_parameters":{"_controller":"web_profiler.controller.profiler:searchBarAction","_route":"_profiler_search_bar"},"request_uri":"http://localhost/~hab/test/web/app_dev.php/_profiler/search_bar?panel=exception"} []
[2016-02-22 17:10:08] request.INFO: Matched route "_profiler". {"route_parameters":{"_controller":"web_profiler.controller.profiler:panelAction","token":"8b6685","_route":"_profiler"},"request_uri":"http://localhost/~hab/test/web/app_dev.php/_profiler/8b6685?panel=exception"} []
[2016-02-22 17:10:08] request.INFO: Matched route "_profiler_exception_css". {"route_parameters":{"_controller":"web_profiler.controller.exception:cssAction","token":"8b6685","_route":"_profiler_exception_css"},"request_uri":"http://localhost/~hab/test/web/app_dev.php/_profiler/8b6685/exception.css"} []
[2016-02-22 17:10:08] request.INFO: Matched route "_profiler_exception". {"route_parameters":{"_controller":"web_profiler.controller.exception:showAction","token":"8b6685","_route":"_profiler_exception"},"request_uri":"http://localhost/~hab/test/web/app_dev.php/_profiler/8b6685/exception"} []
[2016-02-22 17:10:08] request.INFO: Matched route "_profiler_search_bar". {"route_parameters":{"_controller":"web_profiler.controller.profiler:searchBarAction","_route":"_profiler_search_bar"},"request_uri":"http://localhost/~hab/test/web/app_dev.php/_profiler/search_bar?panel=exception"} []
[2016-02-22 17:10:08] request.INFO: Matched route "_profiler". {"route_parameters":{"_controller":"web_profiler.controller.profiler:panelAction","token":"8b6685","_route":"_profiler"},"request_uri":"http://localhost/~hab/test/web/app_dev.php/_profiler/8b6685?panel=exception"} []
[2016-02-22 17:10:08] request.INFO: Matched route "_profiler_exception_css". {"route_parameters":{"_controller":"web_profiler.controller.exception:cssAction","token":"8b6685","_route":"_profiler_exception_css"},"request_uri":"http://localhost/~hab/test/web/app_dev.php/_profiler/8b6685/exception.css"} []
[2016-02-22 17:10:08] request.INFO: Matched route "_profiler_exception". {"route_parameters":{"_controller":"web_profiler.controller.exception:showAction","token":"8b6685","_route":"_profiler_exception"},"request_uri":"http://localhost/~hab/test/web/app_dev.php/_profiler/8b6685/exception"} []
[2016-02-22 17:10:08] request.INFO: Matched route "_profiler_search_bar". {"route_parameters":{"_controller":"web_profiler.controller.profiler:searchBarAction","_route":"_profiler_search_bar"},"request_uri":"http://localhost/~hab/test/web/app_dev.php/_profiler/search_bar?panel=exception"} []
[2016-02-22 17:10:08] request.INFO: Matched route "_profiler". {"route_parameters":{"_controller":"web_profiler.controller.profiler:panelAction","token":"8b6685","_route":"_profiler"},"request_uri":"http://localhost/~hab/test/web/app_dev.php/_profiler/8b6685?panel=exception"} []
[2016-02-22 17:10:08] request.INFO: Matched route "_profiler_exception_css". {"route_parameters":{"_controller":"web_profiler.controller.exception:cssAction","token":"8b6685","_route":"_profiler_exception_css"},"request_uri":"http://localhost/~hab/test/web/app_dev.php/_profiler/8b6685/exception.css"} []
[2016-02-22 17:10:08] request.INFO: Matched route "_profiler_exception". {"route_parameters":{"_controller":"web_profiler.controller.exception:showAction","token":"8b6685","_route":"_profiler_exception"},"request_uri":"http://localhost/~hab/test/web/app_dev.php/_profiler/8b6685/exception"} []
[2016-02-22 17:10:08] request.INFO: Matched route "_profiler_search_bar". {"route_parameters":{"_controller":"web_profiler.controller.profiler:searchBarAction","_route":"_profiler_search_bar"},"request_uri":"http://localhost/~hab/test/web/app_dev.php/_profiler/search_bar?panel=exception"} []
[2016-02-22 17:10:09] request.INFO: Matched route "_profiler". {"route_parameters":{"_controller":"web_profiler.controller.profiler:panelAction","token":"8b6685","_route":"_profiler"},"request_uri":"http://localhost/~hab/test/web/app_dev.php/_profiler/8b6685?panel=exception"} []
[2016-02-22 17:10:09] request.INFO: Matched route "_profiler_exception_css". {"route_parameters":{"_controller":"web_profiler.controller.exception:cssAction","token":"8b6685","_route":"_profiler_exception_css"},"request_uri":"http://localhost/~hab/test/web/app_dev.php/_profiler/8b6685/exception.css"} []
[2016-02-22 17:10:09] request.INFO: Matched route "_profiler_exception". {"route_parameters":{"_controller":"web_profiler.controller.exception:showAction","token":"8b6685","_route":"_profiler_exception"},"request_uri":"http://localhost/~hab/test/web/app_dev.php/_profiler/8b6685/exception"} []
[2016-02-22 17:10:09] request.INFO: Matched route "_profiler_search_bar". {"route_parameters":{"_controller":"web_profiler.controller.profiler:searchBarAction","_route":"_profiler_search_bar"},"request_uri":"http://localhost/~hab/test/web/app_dev.php/_profiler/search_bar?panel=exception"} []
[2016-02-22 17:10:09] request.INFO: Matched route "_profiler". {"route_parameters":{"_controller":"web_profiler.controller.profiler:panelAction","token":"8b6685","_route":"_profiler"},"request_uri":"http://localhost/~hab/test/web/app_dev.php/_profiler/8b6685?panel=exception"} []
[2016-02-22 17:10:09] request.INFO: Matched route "_profiler_exception_css". {"route_parameters":{"_controller":"web_profiler.controller.exception:cssAction","token":"8b6685","_route":"_profiler_exception_css"},"request_uri":"http://localhost/~hab/test/web/app_dev.php/_profiler/8b6685/exception.css"} []
[2016-02-22 17:10:09] request.INFO: Matched route "_profiler_exception". {"route_parameters":{"_controller":"web_profiler.controller.exception:showAction","token":"8b6685","_route":"_profiler_exception"},"request_uri":"http://localhost/~hab/test/web/app_dev.php/_profiler/8b6685/exception"} []
[2016-02-22 17:10:09] request.INFO: Matched route "_profiler_search_bar". {"route_parameters":{"_controller":"web_profiler.controller.profiler:searchBarAction","_route":"_profiler_search_bar"},"request_uri":"http://localhost/~hab/test/web/app_dev.php/_profiler/search_bar?panel=exception"} []
[2016-02-22 17:12:05] request.INFO: Matched route "_profiler". {"route_parameters":{"_controller":"web_profiler.controller.profiler:panelAction","token":"8b6685","_route":"_profiler"},"request_uri":"http://localhost/~hab/test/web/app_dev.php/_profiler/8b6685?panel=exception"} []
[2016-02-22 17:12:05] request.INFO: Matched route "_profiler_exception_css". {"route_parameters":{"_controller":"web_profiler.controller.exception:cssAction","token":"8b6685","_route":"_profiler_exception_css"},"request_uri":"http://localhost/~hab/test/web/app_dev.php/_profiler/8b6685/exception.css"} []
[2016-02-22 17:12:05] request.INFO: Matched route "_profiler_exception". {"route_parameters":{"_controller":"web_profiler.controller.exception:showAction","token":"8b6685","_route":"_profiler_exception"},"request_uri":"http://localhost/~hab/test/web/app_dev.php/_profiler/8b6685/exception"} []
[2016-02-22 17:12:05] request.INFO: Matched route "_profiler_search_bar". {"route_parameters":{"_controller":"web_profiler.controller.profiler:searchBarAction","_route":"_profiler_search_bar"},"request_uri":"http://localhost/~hab/test/web/app_dev.php/_profiler/search_bar?panel=exception"} []
[2016-02-22 17:12:07] request.INFO: Matched route "_profiler". {"route_parameters":{"_controller":"web_profiler.controller.profiler:panelAction","token":"8b6685","_route":"_profiler"},"request_uri":"http://localhost/~hab/test/web/app_dev.php/_profiler/8b6685?panel=exception"} []
[2016-02-22 17:12:07] request.INFO: Matched route "_profiler_exception_css". {"route_parameters":{"_controller":"web_profiler.controller.exception:cssAction","token":"8b6685","_route":"_profiler_exception_css"},"request_uri":"http://localhost/~hab/test/web/app_dev.php/_profiler/8b6685/exception.css"} []
[2016-02-22 17:12:07] request.INFO: Matched route "_profiler_exception". {"route_parameters":{"_controller":"web_profiler.controller.exception:showAction","token":"8b6685","_route":"_profiler_exception"},"request_uri":"http://localhost/~hab/test/web/app_dev.php/_profiler/8b6685/exception"} []
[2016-02-22 17:12:07] request.INFO: Matched route "_profiler_search_bar". {"route_parameters":{"_controller":"web_profiler.controller.profiler:searchBarAction","_route":"_profiler_search_bar"},"request_uri":"http://localhost/~hab/test/web/app_dev.php/_profiler/search_bar?panel=exception"} []
[2016-02-22 17:12:07] request.INFO: Matched route "_profiler". {"route_parameters":{"_controller":"web_profiler.controller.profiler:panelAction","token":"8b6685","_route":"_profiler"},"request_uri":"http://localhost/~hab/test/web/app_dev.php/_profiler/8b6685?panel=exception"} []
[2016-02-22 17:12:07] request.INFO: Matched route "_profiler_exception_css". {"route_parameters":{"_controller":"web_profiler.controller.exception:cssAction","token":"8b6685","_route":"_profiler_exception_css"},"request_uri":"http://localhost/~hab/test/web/app_dev.php/_profiler/8b6685/exception.css"} []
[2016-02-22 17:12:07] request.INFO: Matched route "_profiler_exception". {"route_parameters":{"_controller":"web_profiler.controller.exception:showAction","token":"8b6685","_route":"_profiler_exception"},"request_uri":"http://localhost/~hab/test/web/app_dev.php/_profiler/8b6685/exception"} []
[2016-02-22 17:12:07] request.INFO: Matched route "_profiler_search_bar". {"route_parameters":{"_controller":"web_profiler.controller.profiler:searchBarAction","_route":"_profiler_search_bar"},"request_uri":"http://localhost/~hab/test/web/app_dev.php/_profiler/search_bar?panel=exception"} []
[2016-02-22 17:12:07] request.INFO: Matched route "_profiler". {"route_parameters":{"_controller":"web_profiler.controller.profiler:panelAction","token":"8b6685","_route":"_profiler"},"request_uri":"http://localhost/~hab/test/web/app_dev.php/_profiler/8b6685?panel=exception"} []
[2016-02-22 17:12:07] request.INFO: Matched route "_profiler_exception_css". {"route_parameters":{"_controller":"web_profiler.controller.exception:cssAction","token":"8b6685","_route":"_profiler_exception_css"},"request_uri":"http://localhost/~hab/test/web/app_dev.php/_profiler/8b6685/exception.css"} []
[2016-02-22 17:12:07] request.INFO: Matched route "_profiler_exception". {"route_parameters":{"_controller":"web_profiler.controller.exception:showAction","token":"8b6685","_route":"_profiler_exception"},"request_uri":"http://localhost/~hab/test/web/app_dev.php/_profiler/8b6685/exception"} []
[2016-02-22 17:12:07] request.INFO: Matched route "_profiler_search_bar". {"route_parameters":{"_controller":"web_profiler.controller.profiler:searchBarAction","_route":"_profiler_search_bar"},"request_uri":"http://localhost/~hab/test/web/app_dev.php/_profiler/search_bar?panel=exception"} []
[2016-02-22 17:12:08] request.INFO: Matched route "_profiler". {"route_parameters":{"_controller":"web_profiler.controller.profiler:panelAction","token":"8b6685","_route":"_profiler"},"request_uri":"http://localhost/~hab/test/web/app_dev.php/_profiler/8b6685?panel=exception"} []
[2016-02-22 17:12:08] request.INFO: Matched route "_profiler_exception_css". {"route_parameters":{"_controller":"web_profiler.controller.exception:cssAction","token":"8b6685","_route":"_profiler_exception_css"},"request_uri":"http://localhost/~hab/test/web/app_dev.php/_profiler/8b6685/exception.css"} []
[2016-02-22 17:12:08] request.INFO: Matched route "_profiler_exception". {"route_parameters":{"_controller":"web_profiler.controller.exception:showAction","token":"8b6685","_route":"_profiler_exception"},"request_uri":"http://localhost/~hab/test/web/app_dev.php/_profiler/8b6685/exception"} []
[2016-02-22 17:12:08] request.INFO: Matched route "_profiler_search_bar". {"route_parameters":{"_controller":"web_profiler.controller.profiler:searchBarAction","_route":"_profiler_search_bar"},"request_uri":"http://localhost/~hab/test/web/app_dev.php/_profiler/search_bar?panel=exception"} []
[2016-02-22 17:12:08] request.INFO: Matched route "_profiler". {"route_parameters":{"_controller":"web_profiler.controller.profiler:panelAction","token":"8b6685","_route":"_profiler"},"request_uri":"http://localhost/~hab/test/web/app_dev.php/_profiler/8b6685?panel=exception"} []
[2016-02-22 17:12:08] request.INFO: Matched route "_profiler_exception_css". {"route_parameters":{"_controller":"web_profiler.controller.exception:cssAction","token":"8b6685","_route":"_profiler_exception_css"},"request_uri":"http://localhost/~hab/test/web/app_dev.php/_profiler/8b6685/exception.css"} []
[2016-02-22 17:12:08] request.INFO: Matched route "_profiler_exception". {"route_parameters":{"_controller":"web_profiler.controller.exception:showAction","token":"8b6685","_route":"_profiler_exception"},"request_uri":"http://localhost/~hab/test/web/app_dev.php/_profiler/8b6685/exception"} []
[2016-02-22 17:12:08] request.INFO: Matched route "_profiler_search_bar". {"route_parameters":{"_controller":"web_profiler.controller.profiler:searchBarAction","_route":"_profiler_search_bar"},"request_uri":"http://localhost/~hab/test/web/app_dev.php/_profiler/search_bar?panel=exception"} []
[2016-02-22 17:12:22] request.INFO: Matched route "testform". {"route_parameters":{"_controller":"TestBundle\\Controller\\DefaultController::testAction","_route":"testform"},"request_uri":"http://localhost/~hab/test/web/app_dev.php/testform"} []
[2016-02-22 17:12:22] security.INFO: Populated the TokenStorage with an anonymous Token. [] []
[2016-02-22 17:12:22] request.CRITICAL: Uncaught PHP Exception LogicException: "The controller must return a response (null given). Did you forget to add a return statement somewhere in your controller?" at /home/hab/public_html/test/vendor/symfony/symfony/src/Symfony/Component/HttpKernel/HttpKernel.php line 157 {"exception":"[object] (LogicException(code: 0): The controller must return a response (null given). Did you forget to add a return statement somewhere in your controller? at /home/hab/public_html/test/vendor/symfony/symfony/src/Symfony/Component/HttpKernel/HttpKernel.php:157)"} []
[2016-02-22 17:12:22] request.INFO: Matched route "_wdt". {"route_parameters":{"_controller":"web_profiler.controller.profiler:toolbarAction","token":"d91284","_route":"_wdt"},"request_uri":"http://localhost/~hab/test/web/app_dev.php/_wdt/d91284"} []
[2016-02-22 17:12:23] request.INFO: Matched route "testform". {"route_parameters":{"_controller":"TestBundle\\Controller\\DefaultController::testAction","_route":"testform"},"request_uri":"http://localhost/~hab/test/web/app_dev.php/testform"} []
[2016-02-22 17:12:23] security.INFO: Populated the TokenStorage with an anonymous Token. [] []
[2016-02-22 17:12:23] request.CRITICAL: Uncaught PHP Exception LogicException: "The controller must return a response (null given). Did you forget to add a return statement somewhere in your controller?" at /home/hab/public_html/test/vendor/symfony/symfony/src/Symfony/Component/HttpKernel/HttpKernel.php line 157 {"exception":"[object] (LogicException(code: 0): The controller must return a response (null given). Did you forget to add a return statement somewhere in your controller? at /home/hab/public_html/test/vendor/symfony/symfony/src/Symfony/Component/HttpKernel/HttpKernel.php:157)"} []
[2016-02-22 17:12:23] request.INFO: Matched route "_wdt". {"route_parameters":{"_controller":"web_profiler.controller.profiler:toolbarAction","token":"5f292f","_route":"_wdt"},"request_uri":"http://localhost/~hab/test/web/app_dev.php/_wdt/5f292f"} []
[2016-02-22 17:12:24] request.INFO: Matched route "testform". {"route_parameters":{"_controller":"TestBundle\\Controller\\DefaultController::testAction","_route":"testform"},"request_uri":"http://localhost/~hab/test/web/app_dev.php/testform"} []
[2016-02-22 17:12:24] security.INFO: Populated the TokenStorage with an anonymous Token. [] []
[2016-02-22 17:12:24] request.CRITICAL: Uncaught PHP Exception LogicException: "The controller must return a response (null given). Did you forget to add a return statement somewhere in your controller?" at /home/hab/public_html/test/vendor/symfony/symfony/src/Symfony/Component/HttpKernel/HttpKernel.php line 157 {"exception":"[object] (LogicException(code: 0): The controller must return a response (null given). Did you forget to add a return statement somewhere in your controller? at /home/hab/public_html/test/vendor/symfony/symfony/src/Symfony/Component/HttpKernel/HttpKernel.php:157)"} []
[2016-02-22 17:12:24] request.INFO: Matched route "_wdt". {"route_parameters":{"_controller":"web_profiler.controller.profiler:toolbarAction","token":"475fab","_route":"_wdt"},"request_uri":"http://localhost/~hab/test/web/app_dev.php/_wdt/475fab"} []
[2016-02-22 17:12:24] request.INFO: Matched route "testform". {"route_parameters":{"_controller":"TestBundle\\Controller\\DefaultController::testAction","_route":"testform"},"request_uri":"http://localhost/~hab/test/web/app_dev.php/testform"} []
[2016-02-22 17:12:24] security.INFO: Populated the TokenStorage with an anonymous Token. [] []
[2016-02-22 17:12:24] request.CRITICAL: Uncaught PHP Exception LogicException: "The controller must return a response (null given). Did you forget to add a return statement somewhere in your controller?" at /home/hab/public_html/test/vendor/symfony/symfony/src/Symfony/Component/HttpKernel/HttpKernel.php line 157 {"exception":"[object] (LogicException(code: 0): The controller must return a response (null given). Did you forget to add a return statement somewhere in your controller? at /home/hab/public_html/test/vendor/symfony/symfony/src/Symfony/Component/HttpKernel/HttpKernel.php:157)"} []
[2016-02-22 17:12:24] request.INFO: Matched route "_wdt". {"route_parameters":{"_controller":"web_profiler.controller.profiler:toolbarAction","token":"0072df","_route":"_wdt"},"request_uri":"http://localhost/~hab/test/web/app_dev.php/_wdt/0072df"} []
[2016-02-22 17:12:47] request.INFO: Matched route "testform". {"route_parameters":{"_controller":"TestBundle\\Controller\\DefaultController::testAction","_route":"testform"},"request_uri":"http://localhost/~hab/test/web/app_dev.php/testform"} []
[2016-02-22 17:12:47] security.INFO: Populated the TokenStorage with an anonymous Token. [] []
[2016-02-22 17:13:24] request.INFO: Matched route "testform". {"route_parameters":{"_controller":"TestBundle\\Controller\\DefaultController::testAction","_route":"testform"},"request_uri":"http://localhost/~hab/test/web/app_dev.php/testform"} []
[2016-02-22 17:13:24] security.INFO: Populated the TokenStorage with an anonymous Token. [] []
[2016-02-22 17:13:24] request.CRITICAL: Uncaught PHP Exception Symfony\Component\Process\Exception\ProcessFailedException: "The command "cd .. ;  bin/codecept run unit" failed.  Exit Code: 1(General error)  Working directory: /home/hab/public_html/test/web  Output: ================ Codeception PHP Testing Framework v2.1.0 Powered by PHPUnit 4.7.7 by Sebastian Bergmann and contributors.   Error Output: ================ PHP Deprecated:  Comments starting with '#' are deprecated in /etc/php5/cli/conf.d/20-mcrypt.ini on line 2 in Unknown on line 0                                                                                         [Codeception\Exception\ConfigurationException]                                       Path for logs is not writable. Please, set appropriate access mode for log path.                                                                                         run [-c|--config CONFIG] [--report] [--html [HTML]] [--xml [XML]] [--tap [TAP]] [--json [JSON]] [--colors] [--no-colors] [--silent] [--steps] [-d|--debug] [--coverage [COVERAGE]] [--coverage-html [COVERAGE-HTML]] [--coverage-xml [COVERAGE-XML]] [--coverage-text [COVERAGE-TEXT]] [--no-exit] [-g|--group GROUP] [-s|--skip SKIP] [-sg|--skip-group SKIP-GROUP] [--env ENV] [-f|--fail-fast] [--no-rebuild] [--] [<suite>] [<test>]  " at /home/hab/public_html/test/src/TestBundle/Controller/DefaultController.php line 75 {"exception":"[object] (Symfony\\Component\\Process\\Exception\\ProcessFailedException(code: 0): The command \"cd .. ;  bin/codecept run unit\" failed.\n\nExit Code: 1(General error)\n\nWorking directory: /home/hab/public_html/test/web\n\nOutput:\n================\nCodeception PHP Testing Framework v2.1.0\nPowered by PHPUnit 4.7.7 by Sebastian Bergmann and contributors.\n\n\nError Output:\n================\nPHP Deprecated:  Comments starting with '#' are deprecated in /etc/php5/cli/conf.d/20-mcrypt.ini on line 2 in Unknown on line 0\n\n                                                                                    \n  [Codeception\\Exception\\ConfigurationException]                                    \n  Path for logs is not writable. Please, set appropriate access mode for log path.  \n                                                                                    \n\nrun [-c|--config CONFIG] [--report] [--html [HTML]] [--xml [XML]] [--tap [TAP]] [--json [JSON]] [--colors] [--no-colors] [--silent] [--steps] [-d|--debug] [--coverage [COVERAGE]] [--coverage-html [COVERAGE-HTML]] [--coverage-xml [COVERAGE-XML]] [--coverage-text [COVERAGE-TEXT]] [--no-exit] [-g|--group GROUP] [-s|--skip SKIP] [-sg|--skip-group SKIP-GROUP] [--env ENV] [-f|--fail-fast] [--no-rebuild] [--] [<suite>] [<test>]\n\n at /home/hab/public_html/test/src/TestBundle/Controller/DefaultController.php:75)"} []
[2016-02-22 17:13:24] request.INFO: Matched route "_wdt". {"route_parameters":{"_controller":"web_profiler.controller.profiler:toolbarAction","token":"d44315","_route":"_wdt"},"request_uri":"http://localhost/~hab/test/web/app_dev.php/_wdt/d44315"} []
[2016-02-22 17:14:40] request.INFO: Matched route "testform". {"route_parameters":{"_controller":"TestBundle\\Controller\\DefaultController::testAction","_route":"testform"},"request_uri":"http://localhost/~hab/test/web/app_dev.php/testform"} []
[2016-02-22 17:14:40] security.INFO: Populated the TokenStorage with an anonymous Token. [] []
[2016-02-22 17:14:40] request.CRITICAL: Uncaught PHP Exception Symfony\Component\Process\Exception\ProcessFailedException: "The command "cd .. ;  bin/codecept run unit" failed.  Exit Code: 1(General error)  Working directory: /home/hab/public_html/test/web  Output: ================ Codeception PHP Testing Framework v2.1.0 Powered by PHPUnit 4.7.7 by Sebastian Bergmann and contributors.   Error Output: ================ PHP Deprecated:  Comments starting with '#' are deprecated in /etc/php5/cli/conf.d/20-mcrypt.ini on line 2 in Unknown on line 0                                                                                         [Codeception\Exception\ConfigurationException]                                       Path for logs is not writable. Please, set appropriate access mode for log path.                                                                                         run [-c|--config CONFIG] [--report] [--html [HTML]] [--xml [XML]] [--tap [TAP]] [--json [JSON]] [--colors] [--no-colors] [--silent] [--steps] [-d|--debug] [--coverage [COVERAGE]] [--coverage-html [COVERAGE-HTML]] [--coverage-xml [COVERAGE-XML]] [--coverage-text [COVERAGE-TEXT]] [--no-exit] [-g|--group GROUP] [-s|--skip SKIP] [-sg|--skip-group SKIP-GROUP] [--env ENV] [-f|--fail-fast] [--no-rebuild] [--] [<suite>] [<test>]  " at /home/hab/public_html/test/src/TestBundle/Controller/DefaultController.php line 75 {"exception":"[object] (Symfony\\Component\\Process\\Exception\\ProcessFailedException(code: 0): The command \"cd .. ;  bin/codecept run unit\" failed.\n\nExit Code: 1(General error)\n\nWorking directory: /home/hab/public_html/test/web\n\nOutput:\n================\nCodeception PHP Testing Framework v2.1.0\nPowered by PHPUnit 4.7.7 by Sebastian Bergmann and contributors.\n\n\nError Output:\n================\nPHP Deprecated:  Comments starting with '#' are deprecated in /etc/php5/cli/conf.d/20-mcrypt.ini on line 2 in Unknown on line 0\n\n                                                                                    \n  [Codeception\\Exception\\ConfigurationException]                                    \n  Path for logs is not writable. Please, set appropriate access mode for log path.  \n                                                                                    \n\nrun [-c|--config CONFIG] [--report] [--html [HTML]] [--xml [XML]] [--tap [TAP]] [--json [JSON]] [--colors] [--no-colors] [--silent] [--steps] [-d|--debug] [--coverage [COVERAGE]] [--coverage-html [COVERAGE-HTML]] [--coverage-xml [COVERAGE-XML]] [--coverage-text [COVERAGE-TEXT]] [--no-exit] [-g|--group GROUP] [-s|--skip SKIP] [-sg|--skip-group SKIP-GROUP] [--env ENV] [-f|--fail-fast] [--no-rebuild] [--] [<suite>] [<test>]\n\n at /home/hab/public_html/test/src/TestBundle/Controller/DefaultController.php:75)"} []
[2016-02-22 17:14:40] request.INFO: Matched route "_wdt". {"route_parameters":{"_controller":"web_profiler.controller.profiler:toolbarAction","token":"ab391d","_route":"_wdt"},"request_uri":"http://localhost/~hab/test/web/app_dev.php/_wdt/ab391d"} []
[2016-02-22 17:14:41] request.INFO: Matched route "testform". {"route_parameters":{"_controller":"TestBundle\\Controller\\DefaultController::testAction","_route":"testform"},"request_uri":"http://localhost/~hab/test/web/app_dev.php/testform"} []
[2016-02-22 17:14:41] security.INFO: Populated the TokenStorage with an anonymous Token. [] []
[2016-02-22 17:14:41] request.CRITICAL: Uncaught PHP Exception Symfony\Component\Process\Exception\ProcessFailedException: "The command "cd .. ;  bin/codecept run unit" failed.  Exit Code: 1(General error)  Working directory: /home/hab/public_html/test/web  Output: ================ Codeception PHP Testing Framework v2.1.0 Powered by PHPUnit 4.7.7 by Sebastian Bergmann and contributors.   Error Output: ================ PHP Deprecated:  Comments starting with '#' are deprecated in /etc/php5/cli/conf.d/20-mcrypt.ini on line 2 in Unknown on line 0                                                                                         [Codeception\Exception\ConfigurationException]                                       Path for logs is not writable. Please, set appropriate access mode for log path.                                                                                         run [-c|--config CONFIG] [--report] [--html [HTML]] [--xml [XML]] [--tap [TAP]] [--json [JSON]] [--colors] [--no-colors] [--silent] [--steps] [-d|--debug] [--coverage [COVERAGE]] [--coverage-html [COVERAGE-HTML]] [--coverage-xml [COVERAGE-XML]] [--coverage-text [COVERAGE-TEXT]] [--no-exit] [-g|--group GROUP] [-s|--skip SKIP] [-sg|--skip-group SKIP-GROUP] [--env ENV] [-f|--fail-fast] [--no-rebuild] [--] [<suite>] [<test>]  " at /home/hab/public_html/test/src/TestBundle/Controller/DefaultController.php line 75 {"exception":"[object] (Symfony\\Component\\Process\\Exception\\ProcessFailedException(code: 0): The command \"cd .. ;  bin/codecept run unit\" failed.\n\nExit Code: 1(General error)\n\nWorking directory: /home/hab/public_html/test/web\n\nOutput:\n================\nCodeception PHP Testing Framework v2.1.0\nPowered by PHPUnit 4.7.7 by Sebastian Bergmann and contributors.\n\n\nError Output:\n================\nPHP Deprecated:  Comments starting with '#' are deprecated in /etc/php5/cli/conf.d/20-mcrypt.ini on line 2 in Unknown on line 0\n\n                                                                                    \n  [Codeception\\Exception\\ConfigurationException]                                    \n  Path for logs is not writable. Please, set appropriate access mode for log path.  \n                                                                                    \n\nrun [-c|--config CONFIG] [--report] [--html [HTML]] [--xml [XML]] [--tap [TAP]] [--json [JSON]] [--colors] [--no-colors] [--silent] [--steps] [-d|--debug] [--coverage [COVERAGE]] [--coverage-html [COVERAGE-HTML]] [--coverage-xml [COVERAGE-XML]] [--coverage-text [COVERAGE-TEXT]] [--no-exit] [-g|--group GROUP] [-s|--skip SKIP] [-sg|--skip-group SKIP-GROUP] [--env ENV] [-f|--fail-fast] [--no-rebuild] [--] [<suite>] [<test>]\n\n at /home/hab/public_html/test/src/TestBundle/Controller/DefaultController.php:75)"} []
[2016-02-22 17:14:41] request.INFO: Matched route "_wdt". {"route_parameters":{"_controller":"web_profiler.controller.profiler:toolbarAction","token":"5e51cb","_route":"_wdt"},"request_uri":"http://localhost/~hab/test/web/app_dev.php/_wdt/5e51cb"} []
[2016-02-22 17:14:41] request.INFO: Matched route "testform". {"route_parameters":{"_controller":"TestBundle\\Controller\\DefaultController::testAction","_route":"testform"},"request_uri":"http://localhost/~hab/test/web/app_dev.php/testform"} []
[2016-02-22 17:14:41] security.INFO: Populated the TokenStorage with an anonymous Token. [] []
[2016-02-22 17:14:41] request.CRITICAL: Uncaught PHP Exception Symfony\Component\Process\Exception\ProcessFailedException: "The command "cd .. ;  bin/codecept run unit" failed.  Exit Code: 1(General error)  Working directory: /home/hab/public_html/test/web  Output: ================ Codeception PHP Testing Framework v2.1.0 Powered by PHPUnit 4.7.7 by Sebastian Bergmann and contributors.   Error Output: ================ PHP Deprecated:  Comments starting with '#' are deprecated in /etc/php5/cli/conf.d/20-mcrypt.ini on line 2 in Unknown on line 0                                                                                         [Codeception\Exception\ConfigurationException]                                       Path for logs is not writable. Please, set appropriate access mode for log path.                                                                                         run [-c|--config CONFIG] [--report] [--html [HTML]] [--xml [XML]] [--tap [TAP]] [--json [JSON]] [--colors] [--no-colors] [--silent] [--steps] [-d|--debug] [--coverage [COVERAGE]] [--coverage-html [COVERAGE-HTML]] [--coverage-xml [COVERAGE-XML]] [--coverage-text [COVERAGE-TEXT]] [--no-exit] [-g|--group GROUP] [-s|--skip SKIP] [-sg|--skip-group SKIP-GROUP] [--env ENV] [-f|--fail-fast] [--no-rebuild] [--] [<suite>] [<test>]  " at /home/hab/public_html/test/src/TestBundle/Controller/DefaultController.php line 75 {"exception":"[object] (Symfony\\Component\\Process\\Exception\\ProcessFailedException(code: 0): The command \"cd .. ;  bin/codecept run unit\" failed.\n\nExit Code: 1(General error)\n\nWorking directory: /home/hab/public_html/test/web\n\nOutput:\n================\nCodeception PHP Testing Framework v2.1.0\nPowered by PHPUnit 4.7.7 by Sebastian Bergmann and contributors.\n\n\nError Output:\n================\nPHP Deprecated:  Comments starting with '#' are deprecated in /etc/php5/cli/conf.d/20-mcrypt.ini on line 2 in Unknown on line 0\n\n                                                                                    \n  [Codeception\\Exception\\ConfigurationException]                                    \n  Path for logs is not writable. Please, set appropriate access mode for log path.  \n                                                                                    \n\nrun [-c|--config CONFIG] [--report] [--html [HTML]] [--xml [XML]] [--tap [TAP]] [--json [JSON]] [--colors] [--no-colors] [--silent] [--steps] [-d|--debug] [--coverage [COVERAGE]] [--coverage-html [COVERAGE-HTML]] [--coverage-xml [COVERAGE-XML]] [--coverage-text [COVERAGE-TEXT]] [--no-exit] [-g|--group GROUP] [-s|--skip SKIP] [-sg|--skip-group SKIP-GROUP] [--env ENV] [-f|--fail-fast] [--no-rebuild] [--] [<suite>] [<test>]\n\n at /home/hab/public_html/test/src/TestBundle/Controller/DefaultController.php:75)"} []
[2016-02-22 17:14:41] request.INFO: Matched route "_wdt". {"route_parameters":{"_controller":"web_profiler.controller.profiler:toolbarAction","token":"123b7d","_route":"_wdt"},"request_uri":"http://localhost/~hab/test/web/app_dev.php/_wdt/123b7d"} []
[2016-02-22 17:14:41] request.INFO: Matched route "testform". {"route_parameters":{"_controller":"TestBundle\\Controller\\DefaultController::testAction","_route":"testform"},"request_uri":"http://localhost/~hab/test/web/app_dev.php/testform"} []
[2016-02-22 17:14:41] security.INFO: Populated the TokenStorage with an anonymous Token. [] []
[2016-02-22 17:14:41] request.CRITICAL: Uncaught PHP Exception Symfony\Component\Process\Exception\ProcessFailedException: "The command "cd .. ;  bin/codecept run unit" failed.  Exit Code: 1(General error)  Working directory: /home/hab/public_html/test/web  Output: ================ Codeception PHP Testing Framework v2.1.0 Powered by PHPUnit 4.7.7 by Sebastian Bergmann and contributors.   Error Output: ================ PHP Deprecated:  Comments starting with '#' are deprecated in /etc/php5/cli/conf.d/20-mcrypt.ini on line 2 in Unknown on line 0                                                                                         [Codeception\Exception\ConfigurationException]                                       Path for logs is not writable. Please, set appropriate access mode for log path.                                                                                         run [-c|--config CONFIG] [--report] [--html [HTML]] [--xml [XML]] [--tap [TAP]] [--json [JSON]] [--colors] [--no-colors] [--silent] [--steps] [-d|--debug] [--coverage [COVERAGE]] [--coverage-html [COVERAGE-HTML]] [--coverage-xml [COVERAGE-XML]] [--coverage-text [COVERAGE-TEXT]] [--no-exit] [-g|--group GROUP] [-s|--skip SKIP] [-sg|--skip-group SKIP-GROUP] [--env ENV] [-f|--fail-fast] [--no-rebuild] [--] [<suite>] [<test>]  " at /home/hab/public_html/test/src/TestBundle/Controller/DefaultController.php line 75 {"exception":"[object] (Symfony\\Component\\Process\\Exception\\ProcessFailedException(code: 0): The command \"cd .. ;  bin/codecept run unit\" failed.\n\nExit Code: 1(General error)\n\nWorking directory: /home/hab/public_html/test/web\n\nOutput:\n================\nCodeception PHP Testing Framework v2.1.0\nPowered by PHPUnit 4.7.7 by Sebastian Bergmann and contributors.\n\n\nError Output:\n================\nPHP Deprecated:  Comments starting with '#' are deprecated in /etc/php5/cli/conf.d/20-mcrypt.ini on line 2 in Unknown on line 0\n\n                                                                                    \n  [Codeception\\Exception\\ConfigurationException]                                    \n  Path for logs is not writable. Please, set appropriate access mode for log path.  \n                                                                                    \n\nrun [-c|--config CONFIG] [--report] [--html [HTML]] [--xml [XML]] [--tap [TAP]] [--json [JSON]] [--colors] [--no-colors] [--silent] [--steps] [-d|--debug] [--coverage [COVERAGE]] [--coverage-html [COVERAGE-HTML]] [--coverage-xml [COVERAGE-XML]] [--coverage-text [COVERAGE-TEXT]] [--no-exit] [-g|--group GROUP] [-s|--skip SKIP] [-sg|--skip-group SKIP-GROUP] [--env ENV] [-f|--fail-fast] [--no-rebuild] [--] [<suite>] [<test>]\n\n at /home/hab/public_html/test/src/TestBundle/Controller/DefaultController.php:75)"} []
[2016-02-22 17:14:41] request.INFO: Matched route "_wdt". {"route_parameters":{"_controller":"web_profiler.controller.profiler:toolbarAction","token":"0cc611","_route":"_wdt"},"request_uri":"http://localhost/~hab/test/web/app_dev.php/_wdt/0cc611"} []
[2016-02-22 17:14:42] request.INFO: Matched route "testform". {"route_parameters":{"_controller":"TestBundle\\Controller\\DefaultController::testAction","_route":"testform"},"request_uri":"http://localhost/~hab/test/web/app_dev.php/testform"} []
[2016-02-22 17:14:42] security.INFO: Populated the TokenStorage with an anonymous Token. [] []
[2016-02-22 17:14:42] request.CRITICAL: Uncaught PHP Exception Symfony\Component\Process\Exception\ProcessFailedException: "The command "cd .. ;  bin/codecept run unit" failed.  Exit Code: 1(General error)  Working directory: /home/hab/public_html/test/web  Output: ================ Codeception PHP Testing Framework v2.1.0 Powered by PHPUnit 4.7.7 by Sebastian Bergmann and contributors.   Error Output: ================ PHP Deprecated:  Comments starting with '#' are deprecated in /etc/php5/cli/conf.d/20-mcrypt.ini on line 2 in Unknown on line 0                                                                                         [Codeception\Exception\ConfigurationException]                                       Path for logs is not writable. Please, set appropriate access mode for log path.                                                                                         run [-c|--config CONFIG] [--report] [--html [HTML]] [--xml [XML]] [--tap [TAP]] [--json [JSON]] [--colors] [--no-colors] [--silent] [--steps] [-d|--debug] [--coverage [COVERAGE]] [--coverage-html [COVERAGE-HTML]] [--coverage-xml [COVERAGE-XML]] [--coverage-text [COVERAGE-TEXT]] [--no-exit] [-g|--group GROUP] [-s|--skip SKIP] [-sg|--skip-group SKIP-GROUP] [--env ENV] [-f|--fail-fast] [--no-rebuild] [--] [<suite>] [<test>]  " at /home/hab/public_html/test/src/TestBundle/Controller/DefaultController.php line 75 {"exception":"[object] (Symfony\\Component\\Process\\Exception\\ProcessFailedException(code: 0): The command \"cd .. ;  bin/codecept run unit\" failed.\n\nExit Code: 1(General error)\n\nWorking directory: /home/hab/public_html/test/web\n\nOutput:\n================\nCodeception PHP Testing Framework v2.1.0\nPowered by PHPUnit 4.7.7 by Sebastian Bergmann and contributors.\n\n\nError Output:\n================\nPHP Deprecated:  Comments starting with '#' are deprecated in /etc/php5/cli/conf.d/20-mcrypt.ini on line 2 in Unknown on line 0\n\n                                                                                    \n  [Codeception\\Exception\\ConfigurationException]                                    \n  Path for logs is not writable. Please, set appropriate access mode for log path.  \n                                                                                    \n\nrun [-c|--config CONFIG] [--report] [--html [HTML]] [--xml [XML]] [--tap [TAP]] [--json [JSON]] [--colors] [--no-colors] [--silent] [--steps] [-d|--debug] [--coverage [COVERAGE]] [--coverage-html [COVERAGE-HTML]] [--coverage-xml [COVERAGE-XML]] [--coverage-text [COVERAGE-TEXT]] [--no-exit] [-g|--group GROUP] [-s|--skip SKIP] [-sg|--skip-group SKIP-GROUP] [--env ENV] [-f|--fail-fast] [--no-rebuild] [--] [<suite>] [<test>]\n\n at /home/hab/public_html/test/src/TestBundle/Controller/DefaultController.php:75)"} []
[2016-02-22 17:14:42] request.INFO: Matched route "_wdt". {"route_parameters":{"_controller":"web_profiler.controller.profiler:toolbarAction","token":"225217","_route":"_wdt"},"request_uri":"http://localhost/~hab/test/web/app_dev.php/_wdt/225217"} []
[2016-02-22 17:14:42] request.INFO: Matched route "testform". {"route_parameters":{"_controller":"TestBundle\\Controller\\DefaultController::testAction","_route":"testform"},"request_uri":"http://localhost/~hab/test/web/app_dev.php/testform"} []
[2016-02-22 17:14:42] security.INFO: Populated the TokenStorage with an anonymous Token. [] []
[2016-02-22 17:14:42] request.CRITICAL: Uncaught PHP Exception Symfony\Component\Process\Exception\ProcessFailedException: "The command "cd .. ;  bin/codecept run unit" failed.  Exit Code: 1(General error)  Working directory: /home/hab/public_html/test/web  Output: ================ Codeception PHP Testing Framework v2.1.0 Powered by PHPUnit 4.7.7 by Sebastian Bergmann and contributors.   Error Output: ================ PHP Deprecated:  Comments starting with '#' are deprecated in /etc/php5/cli/conf.d/20-mcrypt.ini on line 2 in Unknown on line 0                                                                                         [Codeception\Exception\ConfigurationException]                                       Path for logs is not writable. Please, set appropriate access mode for log path.                                                                                         run [-c|--config CONFIG] [--report] [--html [HTML]] [--xml [XML]] [--tap [TAP]] [--json [JSON]] [--colors] [--no-colors] [--silent] [--steps] [-d|--debug] [--coverage [COVERAGE]] [--coverage-html [COVERAGE-HTML]] [--coverage-xml [COVERAGE-XML]] [--coverage-text [COVERAGE-TEXT]] [--no-exit] [-g|--group GROUP] [-s|--skip SKIP] [-sg|--skip-group SKIP-GROUP] [--env ENV] [-f|--fail-fast] [--no-rebuild] [--] [<suite>] [<test>]  " at /home/hab/public_html/test/src/TestBundle/Controller/DefaultController.php line 75 {"exception":"[object] (Symfony\\Component\\Process\\Exception\\ProcessFailedException(code: 0): The command \"cd .. ;  bin/codecept run unit\" failed.\n\nExit Code: 1(General error)\n\nWorking directory: /home/hab/public_html/test/web\n\nOutput:\n================\nCodeception PHP Testing Framework v2.1.0\nPowered by PHPUnit 4.7.7 by Sebastian Bergmann and contributors.\n\n\nError Output:\n================\nPHP Deprecated:  Comments starting with '#' are deprecated in /etc/php5/cli/conf.d/20-mcrypt.ini on line 2 in Unknown on line 0\n\n                                                                                    \n  [Codeception\\Exception\\ConfigurationException]                                    \n  Path for logs is not writable. Please, set appropriate access mode for log path.  \n                                                                                    \n\nrun [-c|--config CONFIG] [--report] [--html [HTML]] [--xml [XML]] [--tap [TAP]] [--json [JSON]] [--colors] [--no-colors] [--silent] [--steps] [-d|--debug] [--coverage [COVERAGE]] [--coverage-html [COVERAGE-HTML]] [--coverage-xml [COVERAGE-XML]] [--coverage-text [COVERAGE-TEXT]] [--no-exit] [-g|--group GROUP] [-s|--skip SKIP] [-sg|--skip-group SKIP-GROUP] [--env ENV] [-f|--fail-fast] [--no-rebuild] [--] [<suite>] [<test>]\n\n at /home/hab/public_html/test/src/TestBundle/Controller/DefaultController.php:75)"} []
[2016-02-22 17:14:42] request.INFO: Matched route "_wdt". {"route_parameters":{"_controller":"web_profiler.controller.profiler:toolbarAction","token":"6958e5","_route":"_wdt"},"request_uri":"http://localhost/~hab/test/web/app_dev.php/_wdt/6958e5"} []
[2016-02-22 17:14:42] request.INFO: Matched route "testform". {"route_parameters":{"_controller":"TestBundle\\Controller\\DefaultController::testAction","_route":"testform"},"request_uri":"http://localhost/~hab/test/web/app_dev.php/testform"} []
[2016-02-22 17:14:42] security.INFO: Populated the TokenStorage with an anonymous Token. [] []
[2016-02-22 17:14:42] request.CRITICAL: Uncaught PHP Exception Symfony\Component\Process\Exception\ProcessFailedException: "The command "cd .. ;  bin/codecept run unit" failed.  Exit Code: 1(General error)  Working directory: /home/hab/public_html/test/web  Output: ================ Codeception PHP Testing Framework v2.1.0 Powered by PHPUnit 4.7.7 by Sebastian Bergmann and contributors.   Error Output: ================ PHP Deprecated:  Comments starting with '#' are deprecated in /etc/php5/cli/conf.d/20-mcrypt.ini on line 2 in Unknown on line 0                                                                                         [Codeception\Exception\ConfigurationException]                                       Path for logs is not writable. Please, set appropriate access mode for log path.                                                                                         run [-c|--config CONFIG] [--report] [--html [HTML]] [--xml [XML]] [--tap [TAP]] [--json [JSON]] [--colors] [--no-colors] [--silent] [--steps] [-d|--debug] [--coverage [COVERAGE]] [--coverage-html [COVERAGE-HTML]] [--coverage-xml [COVERAGE-XML]] [--coverage-text [COVERAGE-TEXT]] [--no-exit] [-g|--group GROUP] [-s|--skip SKIP] [-sg|--skip-group SKIP-GROUP] [--env ENV] [-f|--fail-fast] [--no-rebuild] [--] [<suite>] [<test>]  " at /home/hab/public_html/test/src/TestBundle/Controller/DefaultController.php line 75 {"exception":"[object] (Symfony\\Component\\Process\\Exception\\ProcessFailedException(code: 0): The command \"cd .. ;  bin/codecept run unit\" failed.\n\nExit Code: 1(General error)\n\nWorking directory: /home/hab/public_html/test/web\n\nOutput:\n================\nCodeception PHP Testing Framework v2.1.0\nPowered by PHPUnit 4.7.7 by Sebastian Bergmann and contributors.\n\n\nError Output:\n================\nPHP Deprecated:  Comments starting with '#' are deprecated in /etc/php5/cli/conf.d/20-mcrypt.ini on line 2 in Unknown on line 0\n\n                                                                                    \n  [Codeception\\Exception\\ConfigurationException]                                    \n  Path for logs is not writable. Please, set appropriate access mode for log path.  \n                                                                                    \n\nrun [-c|--config CONFIG] [--report] [--html [HTML]] [--xml [XML]] [--tap [TAP]] [--json [JSON]] [--colors] [--no-colors] [--silent] [--steps] [-d|--debug] [--coverage [COVERAGE]] [--coverage-html [COVERAGE-HTML]] [--coverage-xml [COVERAGE-XML]] [--coverage-text [COVERAGE-TEXT]] [--no-exit] [-g|--group GROUP] [-s|--skip SKIP] [-sg|--skip-group SKIP-GROUP] [--env ENV] [-f|--fail-fast] [--no-rebuild] [--] [<suite>] [<test>]\n\n at /home/hab/public_html/test/src/TestBundle/Controller/DefaultController.php:75)"} []
[2016-02-22 17:14:42] request.INFO: Matched route "_wdt". {"route_parameters":{"_controller":"web_profiler.controller.profiler:toolbarAction","token":"1150ce","_route":"_wdt"},"request_uri":"http://localhost/~hab/test/web/app_dev.php/_wdt/1150ce"} []
[2016-02-22 17:14:42] request.INFO: Matched route "testform". {"route_parameters":{"_controller":"TestBundle\\Controller\\DefaultController::testAction","_route":"testform"},"request_uri":"http://localhost/~hab/test/web/app_dev.php/testform"} []
[2016-02-22 17:14:42] security.INFO: Populated the TokenStorage with an anonymous Token. [] []
[2016-02-22 17:14:42] request.CRITICAL: Uncaught PHP Exception Symfony\Component\Process\Exception\ProcessFailedException: "The command "cd .. ;  bin/codecept run unit" failed.  Exit Code: 1(General error)  Working directory: /home/hab/public_html/test/web  Output: ================ Codeception PHP Testing Framework v2.1.0 Powered by PHPUnit 4.7.7 by Sebastian Bergmann and contributors.   Error Output: ================ PHP Deprecated:  Comments starting with '#' are deprecated in /etc/php5/cli/conf.d/20-mcrypt.ini on line 2 in Unknown on line 0                                                                                         [Codeception\Exception\ConfigurationException]                                       Path for logs is not writable. Please, set appropriate access mode for log path.                                                                                         run [-c|--config CONFIG] [--report] [--html [HTML]] [--xml [XML]] [--tap [TAP]] [--json [JSON]] [--colors] [--no-colors] [--silent] [--steps] [-d|--debug] [--coverage [COVERAGE]] [--coverage-html [COVERAGE-HTML]] [--coverage-xml [COVERAGE-XML]] [--coverage-text [COVERAGE-TEXT]] [--no-exit] [-g|--group GROUP] [-s|--skip SKIP] [-sg|--skip-group SKIP-GROUP] [--env ENV] [-f|--fail-fast] [--no-rebuild] [--] [<suite>] [<test>]  " at /home/hab/public_html/test/src/TestBundle/Controller/DefaultController.php line 75 {"exception":"[object] (Symfony\\Component\\Process\\Exception\\ProcessFailedException(code: 0): The command \"cd .. ;  bin/codecept run unit\" failed.\n\nExit Code: 1(General error)\n\nWorking directory: /home/hab/public_html/test/web\n\nOutput:\n================\nCodeception PHP Testing Framework v2.1.0\nPowered by PHPUnit 4.7.7 by Sebastian Bergmann and contributors.\n\n\nError Output:\n================\nPHP Deprecated:  Comments starting with '#' are deprecated in /etc/php5/cli/conf.d/20-mcrypt.ini on line 2 in Unknown on line 0\n\n                                                                                    \n  [Codeception\\Exception\\ConfigurationException]                                    \n  Path for logs is not writable. Please, set appropriate access mode for log path.  \n                                                                                    \n\nrun [-c|--config CONFIG] [--report] [--html [HTML]] [--xml [XML]] [--tap [TAP]] [--json [JSON]] [--colors] [--no-colors] [--silent] [--steps] [-d|--debug] [--coverage [COVERAGE]] [--coverage-html [COVERAGE-HTML]] [--coverage-xml [COVERAGE-XML]] [--coverage-text [COVERAGE-TEXT]] [--no-exit] [-g|--group GROUP] [-s|--skip SKIP] [-sg|--skip-group SKIP-GROUP] [--env ENV] [-f|--fail-fast] [--no-rebuild] [--] [<suite>] [<test>]\n\n at /home/hab/public_html/test/src/TestBundle/Controller/DefaultController.php:75)"} []
[2016-02-22 17:14:42] request.INFO: Matched route "_wdt". {"route_parameters":{"_controller":"web_profiler.controller.profiler:toolbarAction","token":"9c7c1d","_route":"_wdt"},"request_uri":"http://localhost/~hab/test/web/app_dev.php/_wdt/9c7c1d"} []
[2016-02-22 17:14:42] request.INFO: Matched route "testform". {"route_parameters":{"_controller":"TestBundle\\Controller\\DefaultController::testAction","_route":"testform"},"request_uri":"http://localhost/~hab/test/web/app_dev.php/testform"} []
[2016-02-22 17:14:42] security.INFO: Populated the TokenStorage with an anonymous Token. [] []
[2016-02-22 17:14:43] request.CRITICAL: Uncaught PHP Exception Symfony\Component\Process\Exception\ProcessFailedException: "The command "cd .. ;  bin/codecept run unit" failed.  Exit Code: 1(General error)  Working directory: /home/hab/public_html/test/web  Output: ================ Codeception PHP Testing Framework v2.1.0 Powered by PHPUnit 4.7.7 by Sebastian Bergmann and contributors.   Error Output: ================ PHP Deprecated:  Comments starting with '#' are deprecated in /etc/php5/cli/conf.d/20-mcrypt.ini on line 2 in Unknown on line 0                                                                                         [Codeception\Exception\ConfigurationException]                                       Path for logs is not writable. Please, set appropriate access mode for log path.                                                                                         run [-c|--config CONFIG] [--report] [--html [HTML]] [--xml [XML]] [--tap [TAP]] [--json [JSON]] [--colors] [--no-colors] [--silent] [--steps] [-d|--debug] [--coverage [COVERAGE]] [--coverage-html [COVERAGE-HTML]] [--coverage-xml [COVERAGE-XML]] [--coverage-text [COVERAGE-TEXT]] [--no-exit] [-g|--group GROUP] [-s|--skip SKIP] [-sg|--skip-group SKIP-GROUP] [--env ENV] [-f|--fail-fast] [--no-rebuild] [--] [<suite>] [<test>]  " at /home/hab/public_html/test/src/TestBundle/Controller/DefaultController.php line 75 {"exception":"[object] (Symfony\\Component\\Process\\Exception\\ProcessFailedException(code: 0): The command \"cd .. ;  bin/codecept run unit\" failed.\n\nExit Code: 1(General error)\n\nWorking directory: /home/hab/public_html/test/web\n\nOutput:\n================\nCodeception PHP Testing Framework v2.1.0\nPowered by PHPUnit 4.7.7 by Sebastian Bergmann and contributors.\n\n\nError Output:\n================\nPHP Deprecated:  Comments starting with '#' are deprecated in /etc/php5/cli/conf.d/20-mcrypt.ini on line 2 in Unknown on line 0\n\n                                                                                    \n  [Codeception\\Exception\\ConfigurationException]                                    \n  Path for logs is not writable. Please, set appropriate access mode for log path.  \n                                                                                    \n\nrun [-c|--config CONFIG] [--report] [--html [HTML]] [--xml [XML]] [--tap [TAP]] [--json [JSON]] [--colors] [--no-colors] [--silent] [--steps] [-d|--debug] [--coverage [COVERAGE]] [--coverage-html [COVERAGE-HTML]] [--coverage-xml [COVERAGE-XML]] [--coverage-text [COVERAGE-TEXT]] [--no-exit] [-g|--group GROUP] [-s|--skip SKIP] [-sg|--skip-group SKIP-GROUP] [--env ENV] [-f|--fail-fast] [--no-rebuild] [--] [<suite>] [<test>]\n\n at /home/hab/public_html/test/src/TestBundle/Controller/DefaultController.php:75)"} []
[2016-02-22 17:14:43] request.INFO: Matched route "_wdt". {"route_parameters":{"_controller":"web_profiler.controller.profiler:toolbarAction","token":"861c73","_route":"_wdt"},"request_uri":"http://localhost/~hab/test/web/app_dev.php/_wdt/861c73"} []
[2016-02-22 17:14:44] request.INFO: Matched route "testform". {"route_parameters":{"_controller":"TestBundle\\Controller\\DefaultController::testAction","_route":"testform"},"request_uri":"http://localhost/~hab/test/web/app_dev.php/testform"} []
[2016-02-22 17:14:44] security.INFO: Populated the TokenStorage with an anonymous Token. [] []
[2016-02-22 17:14:44] request.CRITICAL: Uncaught PHP Exception Symfony\Component\Process\Exception\ProcessFailedException: "The command "cd .. ;  bin/codecept run unit" failed.  Exit Code: 1(General error)  Working directory: /home/hab/public_html/test/web  Output: ================ Codeception PHP Testing Framework v2.1.0 Powered by PHPUnit 4.7.7 by Sebastian Bergmann and contributors.   Error Output: ================ PHP Deprecated:  Comments starting with '#' are deprecated in /etc/php5/cli/conf.d/20-mcrypt.ini on line 2 in Unknown on line 0                                                                                         [Codeception\Exception\ConfigurationException]                                       Path for logs is not writable. Please, set appropriate access mode for log path.                                                                                         run [-c|--config CONFIG] [--report] [--html [HTML]] [--xml [XML]] [--tap [TAP]] [--json [JSON]] [--colors] [--no-colors] [--silent] [--steps] [-d|--debug] [--coverage [COVERAGE]] [--coverage-html [COVERAGE-HTML]] [--coverage-xml [COVERAGE-XML]] [--coverage-text [COVERAGE-TEXT]] [--no-exit] [-g|--group GROUP] [-s|--skip SKIP] [-sg|--skip-group SKIP-GROUP] [--env ENV] [-f|--fail-fast] [--no-rebuild] [--] [<suite>] [<test>]  " at /home/hab/public_html/test/src/TestBundle/Controller/DefaultController.php line 75 {"exception":"[object] (Symfony\\Component\\Process\\Exception\\ProcessFailedException(code: 0): The command \"cd .. ;  bin/codecept run unit\" failed.\n\nExit Code: 1(General error)\n\nWorking directory: /home/hab/public_html/test/web\n\nOutput:\n================\nCodeception PHP Testing Framework v2.1.0\nPowered by PHPUnit 4.7.7 by Sebastian Bergmann and contributors.\n\n\nError Output:\n================\nPHP Deprecated:  Comments starting with '#' are deprecated in /etc/php5/cli/conf.d/20-mcrypt.ini on line 2 in Unknown on line 0\n\n                                                                                    \n  [Codeception\\Exception\\ConfigurationException]                                    \n  Path for logs is not writable. Please, set appropriate access mode for log path.  \n                                                                                    \n\nrun [-c|--config CONFIG] [--report] [--html [HTML]] [--xml [XML]] [--tap [TAP]] [--json [JSON]] [--colors] [--no-colors] [--silent] [--steps] [-d|--debug] [--coverage [COVERAGE]] [--coverage-html [COVERAGE-HTML]] [--coverage-xml [COVERAGE-XML]] [--coverage-text [COVERAGE-TEXT]] [--no-exit] [-g|--group GROUP] [-s|--skip SKIP] [-sg|--skip-group SKIP-GROUP] [--env ENV] [-f|--fail-fast] [--no-rebuild] [--] [<suite>] [<test>]\n\n at /home/hab/public_html/test/src/TestBundle/Controller/DefaultController.php:75)"} []
[2016-02-22 17:14:44] request.INFO: Matched route "_wdt". {"route_parameters":{"_controller":"web_profiler.controller.profiler:toolbarAction","token":"b3b35f","_route":"_wdt"},"request_uri":"http://localhost/~hab/test/web/app_dev.php/_wdt/b3b35f"} []
[2016-02-22 17:14:44] request.INFO: Matched route "testform". {"route_parameters":{"_controller":"TestBundle\\Controller\\DefaultController::testAction","_route":"testform"},"request_uri":"http://localhost/~hab/test/web/app_dev.php/testform"} []
[2016-02-22 17:14:44] security.INFO: Populated the TokenStorage with an anonymous Token. [] []
[2016-02-22 17:14:44] request.CRITICAL: Uncaught PHP Exception Symfony\Component\Process\Exception\ProcessFailedException: "The command "cd .. ;  bin/codecept run unit" failed.  Exit Code: 1(General error)  Working directory: /home/hab/public_html/test/web  Output: ================ Codeception PHP Testing Framework v2.1.0 Powered by PHPUnit 4.7.7 by Sebastian Bergmann and contributors.   Error Output: ================ PHP Deprecated:  Comments starting with '#' are deprecated in /etc/php5/cli/conf.d/20-mcrypt.ini on line 2 in Unknown on line 0                                                                                         [Codeception\Exception\ConfigurationException]                                       Path for logs is not writable. Please, set appropriate access mode for log path.                                                                                         run [-c|--config CONFIG] [--report] [--html [HTML]] [--xml [XML]] [--tap [TAP]] [--json [JSON]] [--colors] [--no-colors] [--silent] [--steps] [-d|--debug] [--coverage [COVERAGE]] [--coverage-html [COVERAGE-HTML]] [--coverage-xml [COVERAGE-XML]] [--coverage-text [COVERAGE-TEXT]] [--no-exit] [-g|--group GROUP] [-s|--skip SKIP] [-sg|--skip-group SKIP-GROUP] [--env ENV] [-f|--fail-fast] [--no-rebuild] [--] [<suite>] [<test>]  " at /home/hab/public_html/test/src/TestBundle/Controller/DefaultController.php line 75 {"exception":"[object] (Symfony\\Component\\Process\\Exception\\ProcessFailedException(code: 0): The command \"cd .. ;  bin/codecept run unit\" failed.\n\nExit Code: 1(General error)\n\nWorking directory: /home/hab/public_html/test/web\n\nOutput:\n================\nCodeception PHP Testing Framework v2.1.0\nPowered by PHPUnit 4.7.7 by Sebastian Bergmann and contributors.\n\n\nError Output:\n================\nPHP Deprecated:  Comments starting with '#' are deprecated in /etc/php5/cli/conf.d/20-mcrypt.ini on line 2 in Unknown on line 0\n\n                                                                                    \n  [Codeception\\Exception\\ConfigurationException]                                    \n  Path for logs is not writable. Please, set appropriate access mode for log path.  \n                                                                                    \n\nrun [-c|--config CONFIG] [--report] [--html [HTML]] [--xml [XML]] [--tap [TAP]] [--json [JSON]] [--colors] [--no-colors] [--silent] [--steps] [-d|--debug] [--coverage [COVERAGE]] [--coverage-html [COVERAGE-HTML]] [--coverage-xml [COVERAGE-XML]] [--coverage-text [COVERAGE-TEXT]] [--no-exit] [-g|--group GROUP] [-s|--skip SKIP] [-sg|--skip-group SKIP-GROUP] [--env ENV] [-f|--fail-fast] [--no-rebuild] [--] [<suite>] [<test>]\n\n at /home/hab/public_html/test/src/TestBundle/Controller/DefaultController.php:75)"} []
[2016-02-22 17:14:44] request.INFO: Matched route "_wdt". {"route_parameters":{"_controller":"web_profiler.controller.profiler:toolbarAction","token":"ecbdff","_route":"_wdt"},"request_uri":"http://localhost/~hab/test/web/app_dev.php/_wdt/ecbdff"} []
[2016-02-23 15:47:30] request.INFO: Matched route "testform". {"route_parameters":{"_controller":"TestBundle\\Controller\\DefaultController::testAction","_route":"testform"},"request_uri":"http://localhost/~hab/test/web/app_dev.php/testform"} []
[2016-02-23 15:47:30] security.INFO: Populated the TokenStorage with an anonymous Token. [] []
[2016-02-23 15:47:30] request.CRITICAL: Uncaught PHP Exception Symfony\Component\Process\Exception\ProcessFailedException: "The command "cd .. ;  bin/codecept run unit" failed.  Exit Code: 2(Misuse of shell builtins)  Working directory: /home/hab/public_html/test/web  Output: ================ Codeception PHP Testing Framework v2.1.0 Powered by PHPUnit 4.7.7 by Sebastian Bergmann and contributors.  [1mUnit Tests (2) [22m--------------------------------------------------------------------------------- [35;1mTest me[39;22m (CodeceptionPhpunitTest::testMe)                                                   [37;41mFail[39;49m [35;1mPhpunitTest::testMe[39;22m                                                                        Ok ------------------------------------------------------------------------------------------------   Time: 97 ms, Memory: 9.00Mb  There was 1 failure:  --------- 1) [35;1mTest me[39;22m (CodeceptionPhpunitTest::testMe) Failed asserting that two strings are equal.--- Expected +++ Actual @@ @@ -'tesstMe' +'testMe' #1  /home/hab/public_html/test/tests/unit/CodeceptionPhpunitTest.php:24 #2  CodeceptionPhpunitTest->testMe  [37;41mFAILURES![0m [37;41mTests: 2[0m[37;41m, Assertions: 1[0m[37;41m, Failures: 1[0m[37;41m.[0m   Error Output: ================ PHP Deprecated:  Comments starting with '#' are deprecated in /etc/php5/cli/conf.d/20-mcrypt.ini on line 2 in Unknown on line 0                                                                                                                        [PHPUnit_Framework_Exception]                                                                                       file_put_contents(/home/hab/public_html/test/tests/hamza_test/failed): failed to open stream: Permission denied                                                                                                                        run [-c|--config CONFIG] [--report] [--html [HTML]] [--xml [XML]] [--tap [TAP]] [--json [JSON]] [--colors] [--no-colors] [--silent] [--steps] [-d|--debug] [--coverage [COVERAGE]] [--coverage-html [COVERAGE-HTML]] [--coverage-xml [COVERAGE-XML]] [--coverage-text [COVERAGE-TEXT]] [--no-exit] [-g|--group GROUP] [-s|--skip SKIP] [-sg|--skip-group SKIP-GROUP] [--env ENV] [-f|--fail-fast] [--no-rebuild] [--] [<suite>] [<test>]  " at /home/hab/public_html/test/src/TestBundle/Controller/DefaultController.php line 75 {"exception":"[object] (Symfony\\Component\\Process\\Exception\\ProcessFailedException(code: 0): The command \"cd .. ;  bin/codecept run unit\" failed.\n\nExit Code: 2(Misuse of shell builtins)\n\nWorking directory: /home/hab/public_html/test/web\n\nOutput:\n================\nCodeception PHP Testing Framework v2.1.0\nPowered by PHPUnit 4.7.7 by Sebastian Bergmann and contributors.\n\n\u001b[1mUnit Tests (2) \u001b[22m---------------------------------------------------------------------------------\n\u001b[35;1mTest me\u001b[39;22m (CodeceptionPhpunitTest::testMe)                                                   \u001b[37;41mFail\u001b[39;49m\n\u001b[35;1mPhpunitTest::testMe\u001b[39;22m                                                                        Ok\n------------------------------------------------------------------------------------------------\n\n\nTime: 97 ms, Memory: 9.00Mb\n\nThere was 1 failure:\n\n---------\n1) \u001b[35;1mTest me\u001b[39;22m (CodeceptionPhpunitTest::testMe)\nFailed asserting that two strings are equal.--- Expected\n+++ Actual\n@@ @@\n-'tesstMe'\n+'testMe'\n#1  /home/hab/public_html/test/tests/unit/CodeceptionPhpunitTest.php:24\n#2  CodeceptionPhpunitTest->testMe\n\n\u001b[37;41mFAILURES!\u001b[0m\n\u001b[37;41mTests: 2\u001b[0m\u001b[37;41m, Assertions: 1\u001b[0m\u001b[37;41m, Failures: 1\u001b[0m\u001b[37;41m.\u001b[0m\n\n\nError Output:\n================\nPHP Deprecated:  Comments starting with '#' are deprecated in /etc/php5/cli/conf.d/20-mcrypt.ini on line 2 in Unknown on line 0\n\n                                                                                                                   \n  [PHPUnit_Framework_Exception]                                                                                    \n  file_put_contents(/home/hab/public_html/test/tests/hamza_test/failed): failed to open stream: Permission denied  \n                                                                                                                   \n\nrun [-c|--config CONFIG] [--report] [--html [HTML]] [--xml [XML]] [--tap [TAP]] [--json [JSON]] [--colors] [--no-colors] [--silent] [--steps] [-d|--debug] [--coverage [COVERAGE]] [--coverage-html [COVERAGE-HTML]] [--coverage-xml [COVERAGE-XML]] [--coverage-text [COVERAGE-TEXT]] [--no-exit] [-g|--group GROUP] [-s|--skip SKIP] [-sg|--skip-group SKIP-GROUP] [--env ENV] [-f|--fail-fast] [--no-rebuild] [--] [<suite>] [<test>]\n\n at /home/hab/public_html/test/src/TestBundle/Controller/DefaultController.php:75)"} []
[2016-02-23 15:47:31] request.INFO: Matched route "_wdt". {"route_parameters":{"_controller":"web_profiler.controller.profiler:toolbarAction","token":"d2038e","_route":"_wdt"},"request_uri":"http://localhost/~hab/test/web/app_dev.php/_wdt/d2038e"} []
[2016-02-23 15:48:53] request.INFO: Matched route "testform". {"route_parameters":{"_controller":"TestBundle\\Controller\\DefaultController::testAction","_route":"testform"},"request_uri":"http://localhost/~hab/test/web/app_dev.php/testform"} []
[2016-02-23 15:48:53] security.INFO: Populated the TokenStorage with an anonymous Token. [] []
[2016-02-23 15:48:53] request.CRITICAL: Uncaught PHP Exception Symfony\Component\Process\Exception\ProcessFailedException: "The command "cd .. ;  bin/codecept run unit --report" failed.  Exit Code: 2(Misuse of shell builtins)  Working directory: /home/hab/public_html/test/web  Output: ================ Codeception PHP Testing Framework v2.1.0 Powered by PHPUnit 4.7.7 by Sebastian Bergmann and contributors. CodeceptionPhpunitTest::testMe.............................................[41;37mFAIL[0m PhpunitTest::testMe........................................................Ok   Error Output: ================ PHP Deprecated:  Comments starting with '#' are deprecated in /etc/php5/cli/conf.d/20-mcrypt.ini on line 2 in Unknown on line 0                                                                                                                        [PHPUnit_Framework_Exception]                                                                                       file_put_contents(/home/hab/public_html/test/tests/hamza_test/failed): failed to open stream: Permission denied                                                                                                                        run [-c|--config CONFIG] [--report] [--html [HTML]] [--xml [XML]] [--tap [TAP]] [--json [JSON]] [--colors] [--no-colors] [--silent] [--steps] [-d|--debug] [--coverage [COVERAGE]] [--coverage-html [COVERAGE-HTML]] [--coverage-xml [COVERAGE-XML]] [--coverage-text [COVERAGE-TEXT]] [--no-exit] [-g|--group GROUP] [-s|--skip SKIP] [-sg|--skip-group SKIP-GROUP] [--env ENV] [-f|--fail-fast] [--no-rebuild] [--] [<suite>] [<test>]  " at /home/hab/public_html/test/src/TestBundle/Controller/DefaultController.php line 75 {"exception":"[object] (Symfony\\Component\\Process\\Exception\\ProcessFailedException(code: 0): The command \"cd .. ;  bin/codecept run unit --report\" failed.\n\nExit Code: 2(Misuse of shell builtins)\n\nWorking directory: /home/hab/public_html/test/web\n\nOutput:\n================\nCodeception PHP Testing Framework v2.1.0\nPowered by PHPUnit 4.7.7 by Sebastian Bergmann and contributors.\nCodeceptionPhpunitTest::testMe.............................................\u001b[41;37mFAIL\u001b[0m\nPhpunitTest::testMe........................................................Ok\n\n\nError Output:\n================\nPHP Deprecated:  Comments starting with '#' are deprecated in /etc/php5/cli/conf.d/20-mcrypt.ini on line 2 in Unknown on line 0\n\n                                                                                                                   \n  [PHPUnit_Framework_Exception]                                                                                    \n  file_put_contents(/home/hab/public_html/test/tests/hamza_test/failed): failed to open stream: Permission denied  \n                                                                                                                   \n\nrun [-c|--config CONFIG] [--report] [--html [HTML]] [--xml [XML]] [--tap [TAP]] [--json [JSON]] [--colors] [--no-colors] [--silent] [--steps] [-d|--debug] [--coverage [COVERAGE]] [--coverage-html [COVERAGE-HTML]] [--coverage-xml [COVERAGE-XML]] [--coverage-text [COVERAGE-TEXT]] [--no-exit] [-g|--group GROUP] [-s|--skip SKIP] [-sg|--skip-group SKIP-GROUP] [--env ENV] [-f|--fail-fast] [--no-rebuild] [--] [<suite>] [<test>]\n\n at /home/hab/public_html/test/src/TestBundle/Controller/DefaultController.php:75)"} []
[2016-02-23 15:48:54] request.INFO: Matched route "_wdt". {"route_parameters":{"_controller":"web_profiler.controller.profiler:toolbarAction","token":"323159","_route":"_wdt"},"request_uri":"http://localhost/~hab/test/web/app_dev.php/_wdt/323159"} []
                                                                                                                                                                                                                                                                                                                                                                                     [2016-02-24 12:36:32] request.INFO: Matched route "test_homepage". {"route_parameters":{"_controller":"Symfony\\Bundle\\FrameworkBundle\\Controller\\RedirectController::urlRedirectAction","path":"/api/","permanent":true,"scheme":null,"httpPort":80,"httpsPort":443,"_route":"test_homepage"},"request_uri":"http://localhost/~hab/test/web/app_dev.php/api"} []
[2016-02-24 12:36:32] security.INFO: Populated the TokenStorage with an anonymous Token. [] []
[2016-02-24 12:36:32] request.INFO: Matched route "test_homepage". {"route_parameters":{"_controller":"TestBundle\\Controller\\DefaultController::indexAction","_route":"test_homepage"},"request_uri":"http://localhost/~hab/test/web/app_dev.php/api/"} []
[2016-02-24 12:36:32] security.INFO: Populated the TokenStorage with an anonymous Token. [] []
[2016-02-24 14:30:59] request.INFO: Matched route "test_homepage". {"route_parameters":{"_controller":"TestBundle\\Controller\\DefaultController::indexAction","_route":"test_homepage"},"request_uri":"http://localhost/~hab/test/web/app_dev.php/api/"} []
[2016-02-24 14:30:59] security.INFO: Populated the TokenStorage with an anonymous Token. [] []
[2016-02-24 14:31:02] request.INFO: Matched route "test_homepage". {"route_parameters":{"_controller":"TestBundle\\Controller\\DefaultController::indexAction","_route":"test_homepage"},"request_uri":"http://localhost/~hab/test/web/app_dev.php/api/"} []
[2016-02-24 14:31:02] security.INFO: Populated the TokenStorage with an anonymous Token. [] []
[2016-02-24 14:31:04] request.INFO: Matched route "test_homepage". {"route_parameters":{"_controller":"TestBundle\\Controller\\DefaultController::indexAction","_route":"test_homepage"},"request_uri":"http://localhost/~hab/test/web/app_dev.php/api/"} []
[2016-02-24 14:31:04] security.INFO: Populated the TokenStorage with an anonymous Token. [] []
[2016-02-24 14:31:04] request.INFO: Matched route "test_homepage". {"route_parameters":{"_controller":"TestBundle\\Controller\\DefaultController::indexAction","_route":"test_homepage"},"request_uri":"http://localhost/~hab/test/web/app_dev.php/api/"} []
[2016-02-24 14:31:04] security.INFO: Populated the TokenStorage with an anonymous Token. [] []
[2016-02-24 14:31:04] request.INFO: Matched route "test_homepage". {"route_parameters":{"_controller":"TestBundle\\Controller\\DefaultController::indexAction","_route":"test_homepage"},"request_uri":"http://localhost/~hab/test/web/app_dev.php/api/"} []
[2016-02-24 14:31:04] security.INFO: Populated the TokenStorage with an anonymous Token. [] []
[2016-02-24 14:31:04] request.INFO: Matched route "test_homepage". {"route_parameters":{"_controller":"TestBundle\\Controller\\DefaultController::indexAction","_route":"test_homepage"},"request_uri":"http://localhost/~hab/test/web/app_dev.php/api/"} []
[2016-02-24 14:31:04] security.INFO: Populated the TokenStorage with an anonymous Token. [] []
[2016-02-24 14:31:04] request.INFO: Matched route "test_homepage". {"route_parameters":{"_controller":"TestBundle\\Controller\\DefaultController::indexAction","_route":"test_homepage"},"request_uri":"http://localhost/~hab/test/web/app_dev.php/api/"} []
[2016-02-24 14:31:04] security.INFO: Populated the TokenStorage with an anonymous Token. [] []
[2016-02-24 14:31:05] request.INFO: Matched route "test_homepage". {"route_parameters":{"_controller":"TestBundle\\Controller\\DefaultController::indexAction","_route":"test_homepage"},"request_uri":"http://localhost/~hab/test/web/app_dev.php/api/"} []
[2016-02-24 14:31:05] security.INFO: Populated the TokenStorage with an anonymous Token. [] []
[2016-02-24 14:31:05] request.INFO: Matched route "test_homepage". {"route_parameters":{"_controller":"TestBundle\\Controller\\DefaultController::indexAction","_route":"test_homepage"},"request_uri":"http://localhost/~hab/test/web/app_dev.php/api/"} []
[2016-02-24 14:31:05] security.INFO: Populated the TokenStorage with an anonymous Token. [] []
[2016-02-24 14:31:05] request.INFO: Matched route "test_homepage". {"route_parameters":{"_controller":"TestBundle\\Controller\\DefaultController::indexAction","_route":"test_homepage"},"request_uri":"http://localhost/~hab/test/web/app_dev.php/api/"} []
[2016-02-24 14:31:05] security.INFO: Populated the TokenStorage with an anonymous Token. [] []
[2016-02-24 14:31:12] request.INFO: Matched route "test_homepage". {"route_parameters":{"_controller":"TestBundle\\Controller\\DefaultController::indexAction","_route":"test_homepage"},"request_uri":"http://localhost/~hab/test/web/app_dev.php/api/"} []
[2016-02-24 14:31:12] security.INFO: Populated the TokenStorage with an anonymous Token. [] []
[2016-02-24 14:31:14] request.INFO: Matched route "test_homepage". {"route_parameters":{"_controller":"TestBundle\\Controller\\DefaultController::indexAction","_route":"test_homepage"},"request_uri":"http://localhost/~hab/test/web/app_dev.php/api/"} []
[2016-02-24 14:31:14] security.INFO: Populated the TokenStorage with an anonymous Token. [] []
[2016-02-24 14:31:14] request.INFO: Matched route "test_homepage". {"route_parameters":{"_controller":"TestBundle\\Controller\\DefaultController::indexAction","_route":"test_homepage"},"request_uri":"http://localhost/~hab/test/web/app_dev.php/api/"} []
[2016-02-24 14:31:14] security.INFO: Populated the TokenStorage with an anonymous Token. [] []
[2016-02-24 14:31:14] request.INFO: Matched route "test_homepage". {"route_parameters":{"_controller":"TestBundle\\Controller\\DefaultController::indexAction","_route":"test_homepage"},"request_uri":"http://localhost/~hab/test/web/app_dev.php/api/"} []
[2016-02-24 14:31:14] security.INFO: Populated the TokenStorage with an anonymous Token. [] []
[2016-02-24 14:31:14] request.INFO: Matched route "test_homepage". {"route_parameters":{"_controller":"TestBundle\\Controller\\DefaultController::indexAction","_route":"test_homepage"},"request_uri":"http://localhost/~hab/test/web/app_dev.php/api/"} []
[2016-02-24 14:31:14] security.INFO: Populated the TokenStorage with an anonymous Token. [] []
[2016-02-24 14:31:19] request.INFO: Matched route "test_homepage". {"route_parameters":{"_controller":"TestBundle\\Controller\\DefaultController::indexAction","_route":"test_homepage"},"request_uri":"http://localhost/~hab/test/web/app_dev.php/api/"} []
[2016-02-24 14:31:19] security.INFO: Populated the TokenStorage with an anonymous Token. [] []
[2016-02-24 14:31:52] php.DEBUG: unlink(/home/hab/public_html/test/app/cache/de~/profiler/3a/59/fe593a): Permission denied {"type":2,"file":"/home/hab/public_html/test/vendor/symfony/symfony/src/Symfony/Component/Filesystem/Filesystem.php","line":174,"level":28928} []
[2016-02-24 14:35:52] request.INFO: Matched route "test_homepage". {"route_parameters":{"_controller":"TestBundle\\Controller\\DefaultController::indexAction","_route":"test_homepage"},"request_uri":"http://localhost/~hab/test/web/app_dev.php/api/"} []
[2016-02-24 14:35:52] security.INFO: Populated the TokenStorage with an anonymous Token. [] []
[2016-02-24 14:35:54] request.INFO: Matched route "test_homepage". {"route_parameters":{"_controller":"TestBundle\\Controller\\DefaultController::indexAction","_route":"test_homepage"},"request_uri":"http://localhost/~hab/test/web/app_dev.php/api/"} []
[2016-02-24 14:35:54] security.INFO: Populated the TokenStorage with an anonymous Token. [] []
[2016-02-24 14:35:54] request.INFO: Matched route "test_homepage". {"route_parameters":{"_controller":"TestBundle\\Controller\\DefaultController::indexAction","_route":"test_homepage"},"request_uri":"http://localhost/~hab/test/web/app_dev.php/api/"} []
[2016-02-24 14:35:54] security.INFO: Populated the TokenStorage with an anonymous Token. [] []
[2016-02-24 14:35:55] request.INFO: Matched route "test_homepage". {"route_parameters":{"_controller":"TestBundle\\Controller\\DefaultController::indexAction","_route":"test_homepage"},"request_uri":"http://localhost/~hab/test/web/app_dev.php/api/"} []
[2016-02-24 14:35:55] security.INFO: Populated the TokenStorage with an anonymous Token. [] []
[2016-02-24 14:35:55] request.INFO: Matched route "test_homepage". {"route_parameters":{"_controller":"TestBundle\\Controller\\DefaultController::indexAction","_route":"test_homepage"},"request_uri":"http://localhost/~hab/test/web/app_dev.php/api/"} []
[2016-02-24 14:35:55] security.INFO: Populated the TokenStorage with an anonymous Token. [] []
[2016-02-24 14:36:51] request.INFO: Matched route "test_homepage". {"route_parameters":{"_controller":"TestBundle\\Controller\\DefaultController::indexAction","_route":"test_homepage"},"request_uri":"http://localhost/~hab/test/web/app_dev.php/api/"} []
[2016-02-24 14:36:51] security.INFO: Populated the TokenStorage with an anonymous Token. [] []
[2016-02-24 15:02:17] request.ERROR: Uncaught PHP Exception Symfony\Component\HttpKernel\Exception\NotFoundHttpException: "No route found for "GET /api/doc"" at /home/hab/public_html/test/app/cache/dev/classes.php line 2100 {"exception":"[object] (Symfony\\Component\\HttpKernel\\Exception\\NotFoundHttpException(code: 0): No route found for \"GET /api/doc\" at /home/hab/public_html/test/app/cache/dev/classes.php:2100, Symfony\\Component\\Routing\\Exception\\ResourceNotFoundException(code: 0):  at /home/hab/public_html/test/app/cache/dev/appDevUrlMatcher.php:143)"} []
[2016-02-24 15:02:32] request.INFO: Matched route "test_homepage". {"route_parameters":{"_controller":"TestBundle\\Controller\\DefaultController::indexAction","_route":"test_homepage"},"request_uri":"http://localhost/~hab/test/web/app_dev.php/api/"} []
[2016-02-24 15:02:32] security.INFO: Populated the TokenStorage with an anonymous Token. [] []
[2016-02-24 15:02:38] request.ERROR: Uncaught PHP Exception Symfony\Component\HttpKernel\Exception\NotFoundHttpException: "No route found for "GET /api/doc"" at /home/hab/public_html/test/app/cache/dev/classes.php line 2100 {"exception":"[object] (Symfony\\Component\\HttpKernel\\Exception\\NotFoundHttpException(code: 0): No route found for \"GET /api/doc\" at /home/hab/public_html/test/app/cache/dev/classes.php:2100, Symfony\\Component\\Routing\\Exception\\ResourceNotFoundException(code: 0):  at /home/hab/public_html/test/app/cache/dev/appDevUrlMatcher.php:143)"} []
[2016-02-24 16:31:43] request.INFO: Matched route "test_homepage". {"route_parameters":{"_controller":"TestBundle\\Controller\\DefaultController::indexAction","_route":"test_homepage"},"request_uri":"http://localhost/~hab/test/web/app_dev.php/api/"} []
[2016-02-24 16:31:43] security.INFO: Populated the TokenStorage with an anonymous Token. [] []
[2016-02-29 12:00:14] php.DEBUG: unlink(/home/hab/public_html/test/app/cache/de~/profiler/f2/93/6793f2): Permission denied {"type":2,"file":"/home/hab/public_html/test/vendor/symfony/symfony/src/Symfony/Component/Filesystem/Filesystem.php","line":174,"level":28928} []
[2016-02-29 12:39:20] request.ERROR: Uncaught PHP Exception Symfony\Component\HttpKernel\Exception\NotAcceptableHttpException: "No matching accepted Response format could be determined" at /home/hab/public_html/test/vendor/friendsofsymfony/rest-bundle/FOS/RestBundle/EventListener/FormatListener.php line 67 {"exception":"[object] (Symfony\\Component\\HttpKernel\\Exception\\NotAcceptableHttpException(code: 0): No matching accepted Response format could be determined at /home/hab/public_html/test/vendor/friendsofsymfony/rest-bundle/FOS/RestBundle/EventListener/FormatListener.php:67)"} []
[2016-02-29 12:39:21] request.INFO: Matched route "_wdt". {"route_parameters":{"_controller":"web_profiler.controller.profiler:toolbarAction","token":"0f8875","_route":"_wdt"},"request_uri":"http://localhost/~hab/test/web/app_dev.php/_wdt/0f8875"} []
[2016-02-29 12:39:32] request.ERROR: Uncaught PHP Exception Symfony\Component\HttpKernel\Exception\NotAcceptableHttpException: "No matching accepted Response format could be determined" at /home/hab/public_html/test/vendor/friendsofsymfony/rest-bundle/FOS/RestBundle/EventListener/FormatListener.php line 67 {"exception":"[object] (Symfony\\Component\\HttpKernel\\Exception\\NotAcceptableHttpException(code: 0): No matching accepted Response format could be determined at /home/hab/public_html/test/vendor/friendsofsymfony/rest-bundle/FOS/RestBundle/EventListener/FormatListener.php:67)"} []
[2016-02-29 12:39:32] request.INFO: Matched route "_wdt". {"route_parameters":{"_controller":"web_profiler.controller.profiler:toolbarAction","token":"043017","_route":"_wdt"},"request_uri":"http://localhost/~hab/test/web/app_dev.php/_wdt/043017"} []
[2016-02-29 12:39:42] request.ERROR: Uncaught PHP Exception Symfony\Component\HttpKernel\Exception\NotAcceptableHttpException: "No matching accepted Response format could be determined" at /home/hab/public_html/test/vendor/friendsofsymfony/rest-bundle/FOS/RestBundle/EventListener/FormatListener.php line 67 {"exception":"[object] (Symfony\\Component\\HttpKernel\\Exception\\NotAcceptableHttpException(code: 0): No matching accepted Response format could be determined at /home/hab/public_html/test/vendor/friendsofsymfony/rest-bundle/FOS/RestBundle/EventListener/FormatListener.php:67)"} []
[2016-02-29 12:39:42] request.INFO: Matched route "_wdt". {"route_parameters":{"_controller":"web_profiler.controller.profiler:toolbarAction","token":"d621b1","_route":"_wdt"},"request_uri":"http://localhost/~hab/test/web/app_dev.php/_wdt/d621b1"} []
[2016-02-29 12:39:43] request.ERROR: Uncaught PHP Exception Symfony\Component\HttpKernel\Exception\NotAcceptableHttpException: "No matching accepted Response format could be determined" at /home/hab/public_html/test/vendor/friendsofsymfony/rest-bundle/FOS/RestBundle/EventListener/FormatListener.php line 67 {"exception":"[object] (Symfony\\Component\\HttpKernel\\Exception\\NotAcceptableHttpException(code: 0): No matching accepted Response format could be determined at /home/hab/public_html/test/vendor/friendsofsymfony/rest-bundle/FOS/RestBundle/EventListener/FormatListener.php:67)"} []
[2016-02-29 12:39:43] request.INFO: Matched route "_wdt". {"route_parameters":{"_controller":"web_profiler.controller.profiler:toolbarAction","token":"ce0897","_route":"_wdt"},"request_uri":"http://localhost/~hab/test/web/app_dev.php/_wdt/ce0897"} []
[2016-02-29 12:40:48] request.ERROR: Uncaught PHP Exception Symfony\Component\HttpKernel\Exception\NotAcceptableHttpException: "No matching accepted Response format could be determined" at /home/hab/public_html/test/vendor/friendsofsymfony/rest-bundle/FOS/RestBundle/EventListener/FormatListener.php line 67 {"exception":"[object] (Symfony\\Component\\HttpKernel\\Exception\\NotAcceptableHttpException(code: 0): No matching accepted Response format could be determined at /home/hab/public_html/test/vendor/friendsofsymfony/rest-bundle/FOS/RestBundle/EventListener/FormatListener.php:67)"} []
[2016-02-29 12:40:48] request.INFO: Matched route "_wdt". {"route_parameters":{"_controller":"web_profiler.controller.profiler:toolbarAction","token":"603beb","_route":"_wdt"},"request_uri":"http://localhost/~hab/test/web/app_dev.php/_wdt/603beb"} []
[2016-02-29 12:40:50] request.ERROR: Uncaught PHP Exception Symfony\Component\HttpKernel\Exception\NotAcceptableHttpException: "No matching accepted Response format could be determined" at /home/hab/public_html/test/vendor/friendsofsymfony/rest-bundle/FOS/RestBundle/EventListener/FormatListener.php line 67 {"exception":"[object] (Symfony\\Component\\HttpKernel\\Exception\\NotAcceptableHttpException(code: 0): No matching accepted Response format could be determined at /home/hab/public_html/test/vendor/friendsofsymfony/rest-bundle/FOS/RestBundle/EventListener/FormatListener.php:67)"} []
[2016-02-29 12:40:50] request.INFO: Matched route "_wdt". {"route_parameters":{"_controller":"web_profiler.controller.profiler:toolbarAction","token":"8a9585","_route":"_wdt"},"request_uri":"http://localhost/~hab/test/web/app_dev.php/_wdt/8a9585"} []
[2016-02-29 12:40:51] request.ERROR: Uncaught PHP Exception Symfony\Component\HttpKernel\Exception\NotAcceptableHttpException: "No matching accepted Response format could be determined" at /home/hab/public_html/test/vendor/friendsofsymfony/rest-bundle/FOS/RestBundle/EventListener/FormatListener.php line 67 {"exception":"[object] (Symfony\\Component\\HttpKernel\\Exception\\NotAcceptableHttpException(code: 0): No matching accepted Response format could be determined at /home/hab/public_html/test/vendor/friendsofsymfony/rest-bundle/FOS/RestBundle/EventListener/FormatListener.php:67)"} []
[2016-02-29 12:40:51] request.INFO: Matched route "_wdt". {"route_parameters":{"_controller":"web_profiler.controller.profiler:toolbarAction","token":"b7052d","_route":"_wdt"},"request_uri":"http://localhost/~hab/test/web/app_dev.php/_wdt/b7052d"} []
[2016-02-29 12:40:51] request.ERROR: Uncaught PHP Exception Symfony\Component\HttpKernel\Exception\NotAcceptableHttpException: "No matching accepted Response format could be determined" at /home/hab/public_html/test/vendor/friendsofsymfony/rest-bundle/FOS/RestBundle/EventListener/FormatListener.php line 67 {"exception":"[object] (Symfony\\Component\\HttpKernel\\Exception\\NotAcceptableHttpException(code: 0): No matching accepted Response format could be determined at /home/hab/public_html/test/vendor/friendsofsymfony/rest-bundle/FOS/RestBundle/EventListener/FormatListener.php:67)"} []
[2016-02-29 12:40:51] request.INFO: Matched route "_wdt". {"route_parameters":{"_controller":"web_profiler.controller.profiler:toolbarAction","token":"d09db2","_route":"_wdt"},"request_uri":"http://localhost/~hab/test/web/app_dev.php/_wdt/d09db2"} []
[2016-02-29 12:40:51] request.ERROR: Uncaught PHP Exception Symfony\Component\HttpKernel\Exception\NotAcceptableHttpException: "No matching accepted Response format could be determined" at /home/hab/public_html/test/vendor/friendsofsymfony/rest-bundle/FOS/RestBundle/EventListener/FormatListener.php line 67 {"exception":"[object] (Symfony\\Component\\HttpKernel\\Exception\\NotAcceptableHttpException(code: 0): No matching accepted Response format could be determined at /home/hab/public_html/test/vendor/friendsofsymfony/rest-bundle/FOS/RestBundle/EventListener/FormatListener.php:67)"} []
[2016-02-29 12:40:51] request.INFO: Matched route "_wdt". {"route_parameters":{"_controller":"web_profiler.controller.profiler:toolbarAction","token":"c84031","_route":"_wdt"},"request_uri":"http://localhost/~hab/test/web/app_dev.php/_wdt/c84031"} []
[2016-02-29 12:40:51] request.ERROR: Uncaught PHP Exception Symfony\Component\HttpKernel\Exception\NotAcceptableHttpException: "No matching accepted Response format could be determined" at /home/hab/public_html/test/vendor/friendsofsymfony/rest-bundle/FOS/RestBundle/EventListener/FormatListener.php line 67 {"exception":"[object] (Symfony\\Component\\HttpKernel\\Exception\\NotAcceptableHttpException(code: 0): No matching accepted Response format could be determined at /home/hab/public_html/test/vendor/friendsofsymfony/rest-bundle/FOS/RestBundle/EventListener/FormatListener.php:67)"} []
[2016-02-29 12:40:51] request.INFO: Matched route "_wdt". {"route_parameters":{"_controller":"web_profiler.controller.profiler:toolbarAction","token":"3a2896","_route":"_wdt"},"request_uri":"http://localhost/~hab/test/web/app_dev.php/_wdt/3a2896"} []
[2016-02-29 12:40:51] request.ERROR: Uncaught PHP Exception Symfony\Component\HttpKernel\Exception\NotAcceptableHttpException: "No matching accepted Response format could be determined" at /home/hab/public_html/test/vendor/friendsofsymfony/rest-bundle/FOS/RestBundle/EventListener/FormatListener.php line 67 {"exception":"[object] (Symfony\\Component\\HttpKernel\\Exception\\NotAcceptableHttpException(code: 0): No matching accepted Response format could be determined at /home/hab/public_html/test/vendor/friendsofsymfony/rest-bundle/FOS/RestBundle/EventListener/FormatListener.php:67)"} []
[2016-02-29 12:40:52] request.INFO: Matched route "_wdt". {"route_parameters":{"_controller":"web_profiler.controller.profiler:toolbarAction","token":"dcd59c","_route":"_wdt"},"request_uri":"http://localhost/~hab/test/web/app_dev.php/_wdt/dcd59c"} []
[2016-02-29 12:40:52] request.ERROR: Uncaught PHP Exception Symfony\Component\HttpKernel\Exception\NotAcceptableHttpException: "No matching accepted Response format could be determined" at /home/hab/public_html/test/vendor/friendsofsymfony/rest-bundle/FOS/RestBundle/EventListener/FormatListener.php line 67 {"exception":"[object] (Symfony\\Component\\HttpKernel\\Exception\\NotAcceptableHttpException(code: 0): No matching accepted Response format could be determined at /home/hab/public_html/test/vendor/friendsofsymfony/rest-bundle/FOS/RestBundle/EventListener/FormatListener.php:67)"} []
[2016-02-29 12:40:52] request.INFO: Matched route "_wdt". {"route_parameters":{"_controller":"web_profiler.controller.profiler:toolbarAction","token":"5fb3f2","_route":"_wdt"},"request_uri":"http://localhost/~hab/test/web/app_dev.php/_wdt/5fb3f2"} []
[2016-02-29 12:40:52] request.ERROR: Uncaught PHP Exception Symfony\Component\HttpKernel\Exception\NotAcceptableHttpException: "No matching accepted Response format could be determined" at /home/hab/public_html/test/vendor/friendsofsymfony/rest-bundle/FOS/RestBundle/EventListener/FormatListener.php line 67 {"exception":"[object] (Symfony\\Component\\HttpKernel\\Exception\\NotAcceptableHttpException(code: 0): No matching accepted Response format could be determined at /home/hab/public_html/test/vendor/friendsofsymfony/rest-bundle/FOS/RestBundle/EventListener/FormatListener.php:67)"} []
[2016-02-29 12:40:52] request.INFO: Matched route "_wdt". {"route_parameters":{"_controller":"web_profiler.controller.profiler:toolbarAction","token":"416c72","_route":"_wdt"},"request_uri":"http://localhost/~hab/test/web/app_dev.php/_wdt/416c72"} []
[2016-02-29 12:40:52] request.ERROR: Uncaught PHP Exception Symfony\Component\HttpKernel\Exception\NotAcceptableHttpException: "No matching accepted Response format could be determined" at /home/hab/public_html/test/vendor/friendsofsymfony/rest-bundle/FOS/RestBundle/EventListener/FormatListener.php line 67 {"exception":"[object] (Symfony\\Component\\HttpKernel\\Exception\\NotAcceptableHttpException(code: 0): No matching accepted Response format could be determined at /home/hab/public_html/test/vendor/friendsofsymfony/rest-bundle/FOS/RestBundle/EventListener/FormatListener.php:67)"} []
[2016-02-29 12:40:52] request.INFO: Matched route "_wdt". {"route_parameters":{"_controller":"web_profiler.controller.profiler:toolbarAction","token":"d62412","_route":"_wdt"},"request_uri":"http://localhost/~hab/test/web/app_dev.php/_wdt/d62412"} []
[2016-02-29 12:40:53] request.ERROR: Uncaught PHP Exception Symfony\Component\HttpKernel\Exception\NotAcceptableHttpException: "No matching accepted Response format could be determined" at /home/hab/public_html/test/vendor/friendsofsymfony/rest-bundle/FOS/RestBundle/EventListener/FormatListener.php line 67 {"exception":"[object] (Symfony\\Component\\HttpKernel\\Exception\\NotAcceptableHttpException(code: 0): No matching accepted Response format could be determined at /home/hab/public_html/test/vendor/friendsofsymfony/rest-bundle/FOS/RestBundle/EventListener/FormatListener.php:67)"} []
[2016-02-29 12:40:53] request.INFO: Matched route "_wdt". {"route_parameters":{"_controller":"web_profiler.controller.profiler:toolbarAction","token":"e7d9a1","_route":"_wdt"},"request_uri":"http://localhost/~hab/test/web/app_dev.php/_wdt/e7d9a1"} []
[2016-02-29 12:40:53] request.ERROR: Uncaught PHP Exception Symfony\Component\HttpKernel\Exception\NotAcceptableHttpException: "No matching accepted Response format could be determined" at /home/hab/public_html/test/vendor/friendsofsymfony/rest-bundle/FOS/RestBundle/EventListener/FormatListener.php line 67 {"exception":"[object] (Symfony\\Component\\HttpKernel\\Exception\\NotAcceptableHttpException(code: 0): No matching accepted Response format could be determined at /home/hab/public_html/test/vendor/friendsofsymfony/rest-bundle/FOS/RestBundle/EventListener/FormatListener.php:67)"} []
[2016-02-29 12:40:53] request.INFO: Matched route "_wdt". {"route_parameters":{"_controller":"web_profiler.controller.profiler:toolbarAction","token":"bbe1d3","_route":"_wdt"},"request_uri":"http://localhost/~hab/test/web/app_dev.php/_wdt/bbe1d3"} []
[2016-02-29 12:41:07] request.ERROR: Uncaught PHP Exception Symfony\Component\HttpKernel\Exception\NotAcceptableHttpException: "No matching accepted Response format could be determined" at /home/hab/public_html/test/vendor/friendsofsymfony/rest-bundle/FOS/RestBundle/EventListener/FormatListener.php line 67 {"exception":"[object] (Symfony\\Component\\HttpKernel\\Exception\\NotAcceptableHttpException(code: 0): No matching accepted Response format could be determined at /home/hab/public_html/test/vendor/friendsofsymfony/rest-bundle/FOS/RestBundle/EventListener/FormatListener.php:67)"} []
[2016-02-29 12:41:07] request.INFO: Matched route "_wdt". {"route_parameters":{"_controller":"web_profiler.controller.profiler:toolbarAction","token":"0f62b4","_route":"_wdt"},"request_uri":"http://localhost/~hab/test/web/app_dev.php/_wdt/0f62b4"} []
[2016-02-29 12:41:08] request.ERROR: Uncaught PHP Exception Symfony\Component\HttpKernel\Exception\NotAcceptableHttpException: "No matching accepted Response format could be determined" at /home/hab/public_html/test/vendor/friendsofsymfony/rest-bundle/FOS/RestBundle/EventListener/FormatListener.php line 67 {"exception":"[object] (Symfony\\Component\\HttpKernel\\Exception\\NotAcceptableHttpException(code: 0): No matching accepted Response format could be determined at /home/hab/public_html/test/vendor/friendsofsymfony/rest-bundle/FOS/RestBundle/EventListener/FormatListener.php:67)"} []
[2016-02-29 12:41:08] request.INFO: Matched route "_wdt". {"route_parameters":{"_controller":"web_profiler.controller.profiler:toolbarAction","token":"f5c8f9","_route":"_wdt"},"request_uri":"http://localhost/~hab/test/web/app_dev.php/_wdt/f5c8f9"} []
[2016-02-29 12:41:09] request.ERROR: Uncaught PHP Exception Symfony\Component\HttpKernel\Exception\NotAcceptableHttpException: "No matching accepted Response format could be determined" at /home/hab/public_html/test/vendor/friendsofsymfony/rest-bundle/FOS/RestBundle/EventListener/FormatListener.php line 67 {"exception":"[object] (Symfony\\Component\\HttpKernel\\Exception\\NotAcceptableHttpException(code: 0): No matching accepted Response format could be determined at /home/hab/public_html/test/vendor/friendsofsymfony/rest-bundle/FOS/RestBundle/EventListener/FormatListener.php:67)"} []
[2016-02-29 12:41:09] request.INFO: Matched route "_wdt". {"route_parameters":{"_controller":"web_profiler.controller.profiler:toolbarAction","token":"e2525c","_route":"_wdt"},"request_uri":"http://localhost/~hab/test/web/app_dev.php/_wdt/e2525c"} []
[2016-02-29 12:41:09] request.ERROR: Uncaught PHP Exception Symfony\Component\HttpKernel\Exception\NotAcceptableHttpException: "No matching accepted Response format could be determined" at /home/hab/public_html/test/vendor/friendsofsymfony/rest-bundle/FOS/RestBundle/EventListener/FormatListener.php line 67 {"exception":"[object] (Symfony\\Component\\HttpKernel\\Exception\\NotAcceptableHttpException(code: 0): No matching accepted Response format could be determined at /home/hab/public_html/test/vendor/friendsofsymfony/rest-bundle/FOS/RestBundle/EventListener/FormatListener.php:67)"} []
[2016-02-29 12:41:09] request.INFO: Matched route "_wdt". {"route_parameters":{"_controller":"web_profiler.controller.profiler:toolbarAction","token":"7c357e","_route":"_wdt"},"request_uri":"http://localhost/~hab/test/web/app_dev.php/_wdt/7c357e"} []
[2016-02-29 12:41:09] request.ERROR: Uncaught PHP Exception Symfony\Component\HttpKernel\Exception\NotAcceptableHttpException: "No matching accepted Response format could be determined" at /home/hab/public_html/test/vendor/friendsofsymfony/rest-bundle/FOS/RestBundle/EventListener/FormatListener.php line 67 {"exception":"[object] (Symfony\\Component\\HttpKernel\\Exception\\NotAcceptableHttpException(code: 0): No matching accepted Response format could be determined at /home/hab/public_html/test/vendor/friendsofsymfony/rest-bundle/FOS/RestBundle/EventListener/FormatListener.php:67)"} []
[2016-02-29 12:41:09] request.INFO: Matched route "_wdt". {"route_parameters":{"_controller":"web_profiler.controller.profiler:toolbarAction","token":"9f2056","_route":"_wdt"},"request_uri":"http://localhost/~hab/test/web/app_dev.php/_wdt/9f2056"} []
[2016-02-29 12:41:10] request.ERROR: Uncaught PHP Exception Symfony\Component\HttpKernel\Exception\NotAcceptableHttpException: "No matching accepted Response format could be determined" at /home/hab/public_html/test/vendor/friendsofsymfony/rest-bundle/FOS/RestBundle/EventListener/FormatListener.php line 67 {"exception":"[object] (Symfony\\Component\\HttpKernel\\Exception\\NotAcceptableHttpException(code: 0): No matching accepted Response format could be determined at /home/hab/public_html/test/vendor/friendsofsymfony/rest-bundle/FOS/RestBundle/EventListener/FormatListener.php:67)"} []
[2016-02-29 12:41:10] request.INFO: Matched route "_wdt". {"route_parameters":{"_controller":"web_profiler.controller.profiler:toolbarAction","token":"22687c","_route":"_wdt"},"request_uri":"http://localhost/~hab/test/web/app_dev.php/_wdt/22687c"} []
[2016-02-29 12:41:10] request.ERROR: Uncaught PHP Exception Symfony\Component\HttpKernel\Exception\NotAcceptableHttpException: "No matching accepted Response format could be determined" at /home/hab/public_html/test/vendor/friendsofsymfony/rest-bundle/FOS/RestBundle/EventListener/FormatListener.php line 67 {"exception":"[object] (Symfony\\Component\\HttpKernel\\Exception\\NotAcceptableHttpException(code: 0): No matching accepted Response format could be determined at /home/hab/public_html/test/vendor/friendsofsymfony/rest-bundle/FOS/RestBundle/EventListener/FormatListener.php:67)"} []
[2016-02-29 12:41:10] request.INFO: Matched route "_wdt". {"route_parameters":{"_controller":"web_profiler.controller.profiler:toolbarAction","token":"6351e5","_route":"_wdt"},"request_uri":"http://localhost/~hab/test/web/app_dev.php/_wdt/6351e5"} []
[2016-02-29 12:41:13] request.INFO: Matched route "_profiler". {"route_parameters":{"_controller":"web_profiler.controller.profiler:panelAction","token":"6351e5","_route":"_profiler"},"request_uri":"http://localhost/~hab/test/web/app_dev.php/_profiler/6351e5?panel=logger"} []
[2016-02-29 12:41:13] request.INFO: Matched route "_profiler_search_bar". {"route_parameters":{"_controller":"web_profiler.controller.profiler:searchBarAction","_route":"_profiler_search_bar"},"request_uri":"http://localhost/~hab/test/web/app_dev.php/_profiler/search_bar?panel=logger"} []
[2016-02-29 12:42:18] request.INFO: Matched route "test_homepage". {"route_parameters":{"_controller":"TestBundle\\Controller\\DefaultController::indexAction","_route":"test_homepage"},"request_uri":"http://localhost/~hab/test/web/app_dev.php/api/"} []
[2016-02-29 12:42:18] security.INFO: Populated the TokenStorage with an anonymous Token. [] []
[2016-02-29 12:42:38] request.ERROR: Uncaught PHP Exception Symfony\Component\HttpKernel\Exception\NotAcceptableHttpException: "No matching accepted Response format could be determined" at /home/hab/public_html/test/vendor/friendsofsymfony/rest-bundle/FOS/RestBundle/EventListener/FormatListener.php line 67 {"exception":"[object] (Symfony\\Component\\HttpKernel\\Exception\\NotAcceptableHttpException(code: 0): No matching accepted Response format could be determined at /home/hab/public_html/test/vendor/friendsofsymfony/rest-bundle/FOS/RestBundle/EventListener/FormatListener.php:67)"} []
[2016-02-29 12:42:38] request.INFO: Matched route "_wdt". {"route_parameters":{"_controller":"web_profiler.controller.profiler:toolbarAction","token":"7abc7e","_route":"_wdt"},"request_uri":"http://localhost/~hab/test/web/app_dev.php/_wdt/7abc7e"} []
[2016-02-29 12:44:08] request.ERROR: Uncaught PHP Exception Symfony\Component\HttpKernel\Exception\NotAcceptableHttpException: "No matching accepted Response format could be determined" at /home/hab/public_html/test/vendor/friendsofsymfony/rest-bundle/FOS/RestBundle/EventListener/FormatListener.php line 67 {"exception":"[object] (Symfony\\Component\\HttpKernel\\Exception\\NotAcceptableHttpException(code: 0): No matching accepted Response format could be determined at /home/hab/public_html/test/vendor/friendsofsymfony/rest-bundle/FOS/RestBundle/EventListener/FormatListener.php:67)"} []
[2016-03-22 10:01:03] doctrine.DEBUG: SHOW FULL TABLES WHERE Table_type = 'BASE TABLE' [] []
[2016-03-22 10:01:03] doctrine.DEBUG: SELECT COLUMN_NAME AS Field, COLUMN_TYPE AS Type, IS_NULLABLE AS `Null`, COLUMN_KEY AS `Key`, COLUMN_DEFAULT AS `Default`, EXTRA AS Extra, COLUMN_COMMENT AS Comment, CHARACTER_SET_NAME AS CharacterSet, COLLATION_NAME AS Collation FROM information_schema.COLUMNS WHERE TABLE_SCHEMA = 'test' AND TABLE_NAME = 'users' [] []
[2016-03-22 10:01:03] doctrine.DEBUG: SELECT DISTINCT k.`CONSTRAINT_NAME`, k.`COLUMN_NAME`, k.`REFERENCED_TABLE_NAME`, k.`REFERENCED_COLUMN_NAME` /*!50116 , c.update_rule, c.delete_rule */ FROM information_schema.key_column_usage k /*!50116 INNER JOIN information_schema.referential_constraints c ON   c.constraint_name = k.constraint_name AND   c.table_name = 'users' */ WHERE k.table_name = 'users' AND k.table_schema = 'test' /*!50116 AND c.constraint_schema = 'test' */ AND k.`REFERENCED_COLUMN_NAME` is not NULL [] []
[2016-03-22 10:01:03] doctrine.DEBUG: SELECT TABLE_NAME AS `Table`, NON_UNIQUE AS Non_Unique, INDEX_NAME AS Key_name, SEQ_IN_INDEX AS Seq_in_index, COLUMN_NAME AS Column_Name, COLLATION AS Collation, CARDINALITY AS Cardinality, SUB_PART AS Sub_Part, PACKED AS Packed, NULLABLE AS `Null`, INDEX_TYPE AS Index_Type, COMMENT AS Comment FROM information_schema.STATISTICS WHERE TABLE_NAME = 'users' AND TABLE_SCHEMA = 'test' [] []
[2016-03-22 10:01:03] doctrine.DEBUG: SHOW FULL TABLES WHERE Table_type = 'BASE TABLE' [] []
[2016-03-22 10:01:03] doctrine.DEBUG: SELECT COLUMN_NAME AS Field, COLUMN_TYPE AS Type, IS_NULLABLE AS `Null`, COLUMN_KEY AS `Key`, COLUMN_DEFAULT AS `Default`, EXTRA AS Extra, COLUMN_COMMENT AS Comment, CHARACTER_SET_NAME AS CharacterSet, COLLATION_NAME AS Collation FROM information_schema.COLUMNS WHERE TABLE_SCHEMA = 'test' AND TABLE_NAME = 'users' [] []
[2016-03-22 10:01:03] doctrine.DEBUG: SELECT DISTINCT k.`CONSTRAINT_NAME`, k.`COLUMN_NAME`, k.`REFERENCED_TABLE_NAME`, k.`REFERENCED_COLUMN_NAME` /*!50116 , c.update_rule, c.delete_rule */ FROM information_schema.key_column_usage k /*!50116 INNER JOIN information_schema.referential_constraints c ON   c.constraint_name = k.constraint_name AND   c.table_name = 'users' */ WHERE k.table_name = 'users' AND k.table_schema = 'test' /*!50116 AND c.constraint_schema = 'test' */ AND k.`REFERENCED_COLUMN_NAME` is not NULL [] []
[2016-03-22 10:01:03] doctrine.DEBUG: SELECT TABLE_NAME AS `Table`, NON_UNIQUE AS Non_Unique, INDEX_NAME AS Key_name, SEQ_IN_INDEX AS Seq_in_index, COLUMN_NAME AS Column_Name, COLLATION AS Collation, CARDINALITY AS Cardinality, SUB_PART AS Sub_Part, PACKED AS Packed, NULLABLE AS `Null`, INDEX_TYPE AS Index_Type, COMMENT AS Comment FROM information_schema.STATISTICS WHERE TABLE_NAME = 'users' AND TABLE_SCHEMA = 'test' [] []
[2016-03-22 10:01:03] doctrine.DEBUG: CREATE TABLE projets (id INT AUTO_INCREMENT NOT NULL, nom VARCHAR(255) DEFAULT NULL, nom_dossier VARCHAR(255) DEFAULT NULL, dateCreation DATETIME NOT NULL, dateLivraison DATETIME NOT NULL, PRIMARY KEY(id)) DEFAULT CHARACTER SET utf8 COLLATE utf8_unicode_ci ENGINE = InnoDB [] []
